[0.040s] Invoking command in '/home/ssafy/pjt8_ws/build/ros2_control_demo_example_5': AMENT_PREFIX_PATH=/home/ssafy/pjt8_ws/install/ros2_control_demo_description:${AMENT_PREFIX_PATH} CMAKE_PREFIX_PATH=/home/ssafy/pjt8_ws/install/ros2_control_demo_description:/home/ssafy/ros2_ws/install/rs_camera:/opt/ros/humble /usr/bin/cmake /home/ssafy/pjt8_ws/src/ros2_control_demos/example_5 -DCMAKE_INSTALL_PREFIX=/home/ssafy/pjt8_ws/install/ros2_control_demo_example_5
[0.137s] -- The CXX compiler identification is GNU 11.4.0
[0.145s] -- Detecting CXX compiler ABI info
[0.203s] -- Detecting CXX compiler ABI info - done
[0.213s] -- Check for working CXX compiler: /usr/bin/c++ - skipped
[0.213s] -- Detecting CXX compile features
[0.214s] -- Detecting CXX compile features - done
[0.218s] -- Found ament_cmake: 1.3.11 (/opt/ros/humble/share/ament_cmake/cmake)
[0.393s] -- Found Python3: /usr/bin/python3 (found version "3.10.12") found components: Interpreter 
[0.486s] -- Found hardware_interface: 2.49.0 (/opt/ros/humble/share/hardware_interface/cmake)
[0.528s] -- Found rosidl_generator_c: 3.1.6 (/opt/ros/humble/share/rosidl_generator_c/cmake)
[0.534s] -- Found rosidl_adapter: 3.1.6 (/opt/ros/humble/share/rosidl_adapter/cmake)
[0.543s] -- Found rosidl_generator_cpp: 3.1.6 (/opt/ros/humble/share/rosidl_generator_cpp/cmake)
[0.556s] -- Using all available rosidl_typesupport_c: rosidl_typesupport_fastrtps_c;rosidl_typesupport_introspection_c
[0.574s] -- Using all available rosidl_typesupport_cpp: rosidl_typesupport_fastrtps_cpp;rosidl_typesupport_introspection_cpp
[0.805s] -- Found rmw_implementation_cmake: 6.1.2 (/opt/ros/humble/share/rmw_implementation_cmake/cmake)
[0.808s] -- Found rmw_fastrtps_cpp: 6.2.7 (/opt/ros/humble/share/rmw_fastrtps_cpp/cmake)
[0.840s] -- Found TinyXML2 via Config file: TinyXML2_DIR-NOTFOUND
[0.876s] -- Found OpenSSL: /usr/lib/x86_64-linux-gnu/libcrypto.so (found version "3.0.2")  
[0.879s] -- Found TinyXML2 via Config file: TinyXML2_DIR-NOTFOUND
[0.899s] -- Found FastRTPS: /opt/ros/humble/include  
[0.903s] -- Found TinyXML2 via Config file: TinyXML2_DIR-NOTFOUND
[0.912s] -- Found TinyXML2 via Config file: TinyXML2_DIR-NOTFOUND
[0.925s] -- Using RMW implementation 'rmw_fastrtps_cpp' as default
[0.935s] -- Looking for C++ include pthread.h
[1.014s] -- Looking for C++ include pthread.h - found
[1.014s] -- Performing Test CMAKE_HAVE_LIBC_PTHREAD
[1.091s] -- Performing Test CMAKE_HAVE_LIBC_PTHREAD - Success
[1.092s] -- Found Threads: TRUE  
[1.127s] -- Found ament_cmake_pytest: 1.3.11 (/opt/ros/humble/share/ament_cmake_pytest/cmake)
[1.909s] -- Configuring done
[1.927s] -- Generating done
[1.930s] -- Build files have been written to: /home/ssafy/pjt8_ws/build/ros2_control_demo_example_5
[1.940s] Invoked command in '/home/ssafy/pjt8_ws/build/ros2_control_demo_example_5' returned '0': AMENT_PREFIX_PATH=/home/ssafy/pjt8_ws/install/ros2_control_demo_description:${AMENT_PREFIX_PATH} CMAKE_PREFIX_PATH=/home/ssafy/pjt8_ws/install/ros2_control_demo_description:/home/ssafy/ros2_ws/install/rs_camera:/opt/ros/humble /usr/bin/cmake /home/ssafy/pjt8_ws/src/ros2_control_demos/example_5 -DCMAKE_INSTALL_PREFIX=/home/ssafy/pjt8_ws/install/ros2_control_demo_example_5
[1.942s] Invoking command in '/home/ssafy/pjt8_ws/build/ros2_control_demo_example_5': AMENT_PREFIX_PATH=/home/ssafy/pjt8_ws/install/ros2_control_demo_description:${AMENT_PREFIX_PATH} CMAKE_PREFIX_PATH=/home/ssafy/pjt8_ws/install/ros2_control_demo_description:/home/ssafy/ros2_ws/install/rs_camera:/opt/ros/humble /usr/bin/cmake --build /home/ssafy/pjt8_ws/build/ros2_control_demo_example_5 -- -j20 -l20
[1.974s] [ 33%] [32mBuilding CXX object CMakeFiles/ros2_control_demo_example_5.dir/hardware/external_rrbot_force_torque_sensor.cpp.o[0m
[1.977s] [ 66%] [32mBuilding CXX object CMakeFiles/ros2_control_demo_example_5.dir/hardware/rrbot.cpp.o[0m
[6.777s] [100%] [32m[1mLinking CXX shared library libros2_control_demo_example_5.so[0m
[6.909s] [100%] Built target ros2_control_demo_example_5
[6.921s] Invoked command in '/home/ssafy/pjt8_ws/build/ros2_control_demo_example_5' returned '0': AMENT_PREFIX_PATH=/home/ssafy/pjt8_ws/install/ros2_control_demo_description:${AMENT_PREFIX_PATH} CMAKE_PREFIX_PATH=/home/ssafy/pjt8_ws/install/ros2_control_demo_description:/home/ssafy/ros2_ws/install/rs_camera:/opt/ros/humble /usr/bin/cmake --build /home/ssafy/pjt8_ws/build/ros2_control_demo_example_5 -- -j20 -l20
[6.923s] Invoking command in '/home/ssafy/pjt8_ws/build/ros2_control_demo_example_5': AMENT_PREFIX_PATH=/home/ssafy/pjt8_ws/install/ros2_control_demo_description:${AMENT_PREFIX_PATH} CMAKE_PREFIX_PATH=/home/ssafy/pjt8_ws/install/ros2_control_demo_description:/home/ssafy/ros2_ws/install/rs_camera:/opt/ros/humble /usr/bin/cmake --install /home/ssafy/pjt8_ws/build/ros2_control_demo_example_5
[6.930s] -- Install configuration: ""
[6.930s] -- Installing: /home/ssafy/pjt8_ws/install/ros2_control_demo_example_5/share/ros2_control_demo_example_5/ros2_control_demo_example_5.xml
[6.930s] -- Installing: /home/ssafy/pjt8_ws/install/ros2_control_demo_example_5/include/ros2_control_demo_example_5
[6.930s] -- Installing: /home/ssafy/pjt8_ws/install/ros2_control_demo_example_5/include/ros2_control_demo_example_5/ros2_control_demo_example_5
[6.930s] -- Installing: /home/ssafy/pjt8_ws/install/ros2_control_demo_example_5/include/ros2_control_demo_example_5/ros2_control_demo_example_5/rrbot.hpp
[6.930s] -- Installing: /home/ssafy/pjt8_ws/install/ros2_control_demo_example_5/include/ros2_control_demo_example_5/ros2_control_demo_example_5/external_rrbot_force_torque_sensor.hpp
[6.930s] -- Installing: /home/ssafy/pjt8_ws/install/ros2_control_demo_example_5/share/ros2_control_demo_example_5/launch
[6.931s] -- Installing: /home/ssafy/pjt8_ws/install/ros2_control_demo_example_5/share/ros2_control_demo_example_5/launch/view_robot.launch.py
[6.931s] -- Installing: /home/ssafy/pjt8_ws/install/ros2_control_demo_example_5/share/ros2_control_demo_example_5/ros2_control
[6.931s] -- Installing: /home/ssafy/pjt8_ws/install/ros2_control_demo_example_5/share/ros2_control_demo_example_5/ros2_control/rrbot_system_position_only.ros2_control.xacro
[6.931s] -- Installing: /home/ssafy/pjt8_ws/install/ros2_control_demo_example_5/share/ros2_control_demo_example_5/ros2_control/external_rrbot_force_torque_sensor.ros2_control.xacro
[6.931s] -- Installing: /home/ssafy/pjt8_ws/install/ros2_control_demo_example_5/share/ros2_control_demo_example_5/urdf
[6.931s] -- Installing: /home/ssafy/pjt8_ws/install/ros2_control_demo_example_5/share/ros2_control_demo_example_5/urdf/rrbot_system_with_external_sensor.urdf.xacro
[6.931s] -- Installing: /home/ssafy/pjt8_ws/install/ros2_control_demo_example_5/share/ros2_control_demo_example_5/rviz
[6.931s] -- Installing: /home/ssafy/pjt8_ws/install/ros2_control_demo_example_5/share/ros2_control_demo_example_5/rviz/rrbot.rviz
[6.931s] -- Up-to-date: /home/ssafy/pjt8_ws/install/ros2_control_demo_example_5/share/ros2_control_demo_example_5/launch
[6.931s] -- Installing: /home/ssafy/pjt8_ws/install/ros2_control_demo_example_5/share/ros2_control_demo_example_5/launch/rrbot_system_with_external_sensor.launch.py
[6.932s] -- Installing: /home/ssafy/pjt8_ws/install/ros2_control_demo_example_5/share/ros2_control_demo_example_5/launch/test_forward_position_controller.launch.py
[6.932s] -- Installing: /home/ssafy/pjt8_ws/install/ros2_control_demo_example_5/share/ros2_control_demo_example_5/config
[6.932s] -- Installing: /home/ssafy/pjt8_ws/install/ros2_control_demo_example_5/share/ros2_control_demo_example_5/config/rrbot_forward_position_publisher.yaml
[6.932s] -- Installing: /home/ssafy/pjt8_ws/install/ros2_control_demo_example_5/share/ros2_control_demo_example_5/config/rrbot_with_external_sensor_controllers.yaml
[6.932s] -- Installing: /home/ssafy/pjt8_ws/install/ros2_control_demo_example_5/lib/libros2_control_demo_example_5.so
[6.933s] -- Set runtime path of "/home/ssafy/pjt8_ws/install/ros2_control_demo_example_5/lib/libros2_control_demo_example_5.so" to ""
[6.933s] -- Installing: /home/ssafy/pjt8_ws/install/ros2_control_demo_example_5/share/ros2_control_demo_example_5/environment/library_path.sh
[6.933s] -- Installing: /home/ssafy/pjt8_ws/install/ros2_control_demo_example_5/share/ros2_control_demo_example_5/environment/library_path.dsv
[6.933s] -- Installing: /home/ssafy/pjt8_ws/install/ros2_control_demo_example_5/share/ament_index/resource_index/package_run_dependencies/ros2_control_demo_example_5
[6.933s] -- Installing: /home/ssafy/pjt8_ws/install/ros2_control_demo_example_5/share/ament_index/resource_index/parent_prefix_path/ros2_control_demo_example_5
[6.933s] -- Installing: /home/ssafy/pjt8_ws/install/ros2_control_demo_example_5/share/ros2_control_demo_example_5/environment/ament_prefix_path.sh
[6.934s] -- Installing: /home/ssafy/pjt8_ws/install/ros2_control_demo_example_5/share/ros2_control_demo_example_5/environment/ament_prefix_path.dsv
[6.934s] -- Installing: /home/ssafy/pjt8_ws/install/ros2_control_demo_example_5/share/ros2_control_demo_example_5/environment/path.sh
[6.934s] -- Installing: /home/ssafy/pjt8_ws/install/ros2_control_demo_example_5/share/ros2_control_demo_example_5/environment/path.dsv
[6.934s] -- Installing: /home/ssafy/pjt8_ws/install/ros2_control_demo_example_5/share/ros2_control_demo_example_5/local_setup.bash
[6.934s] -- Installing: /home/ssafy/pjt8_ws/install/ros2_control_demo_example_5/share/ros2_control_demo_example_5/local_setup.sh
[6.934s] -- Installing: /home/ssafy/pjt8_ws/install/ros2_control_demo_example_5/share/ros2_control_demo_example_5/local_setup.zsh
[6.934s] -- Installing: /home/ssafy/pjt8_ws/install/ros2_control_demo_example_5/share/ros2_control_demo_example_5/local_setup.dsv
[6.934s] -- Installing: /home/ssafy/pjt8_ws/install/ros2_control_demo_example_5/share/ros2_control_demo_example_5/package.dsv
[6.934s] -- Installing: /home/ssafy/pjt8_ws/install/ros2_control_demo_example_5/share/ament_index/resource_index/packages/ros2_control_demo_example_5
[6.934s] -- Installing: /home/ssafy/pjt8_ws/install/ros2_control_demo_example_5/share/ament_index/resource_index/hardware_interface__pluginlib__plugin/ros2_control_demo_example_5
[6.935s] -- Installing: /home/ssafy/pjt8_ws/install/ros2_control_demo_example_5/share/ros2_control_demo_example_5/cmake/export_ros2_control_demo_example_5Export.cmake
[6.935s] -- Installing: /home/ssafy/pjt8_ws/install/ros2_control_demo_example_5/share/ros2_control_demo_example_5/cmake/export_ros2_control_demo_example_5Export-noconfig.cmake
[6.935s] -- Installing: /home/ssafy/pjt8_ws/install/ros2_control_demo_example_5/share/ros2_control_demo_example_5/cmake/ament_cmake_export_targets-extras.cmake
[6.935s] -- Installing: /home/ssafy/pjt8_ws/install/ros2_control_demo_example_5/share/ros2_control_demo_example_5/cmake/ament_cmake_export_dependencies-extras.cmake
[6.935s] -- Installing: /home/ssafy/pjt8_ws/install/ros2_control_demo_example_5/share/ros2_control_demo_example_5/cmake/ros2_control_demo_example_5Config.cmake
[6.935s] -- Installing: /home/ssafy/pjt8_ws/install/ros2_control_demo_example_5/share/ros2_control_demo_example_5/cmake/ros2_control_demo_example_5Config-version.cmake
[6.935s] -- Installing: /home/ssafy/pjt8_ws/install/ros2_control_demo_example_5/share/ros2_control_demo_example_5/package.xml
[6.937s] Invoked command in '/home/ssafy/pjt8_ws/build/ros2_control_demo_example_5' returned '0': AMENT_PREFIX_PATH=/home/ssafy/pjt8_ws/install/ros2_control_demo_description:${AMENT_PREFIX_PATH} CMAKE_PREFIX_PATH=/home/ssafy/pjt8_ws/install/ros2_control_demo_description:/home/ssafy/ros2_ws/install/rs_camera:/opt/ros/humble /usr/bin/cmake --install /home/ssafy/pjt8_ws/build/ros2_control_demo_example_5
