[0.045s] Invoking command in '/home/ssafy/pjt8_ws/build/ros2_control_demo_example_6': AMENT_PREFIX_PATH=/home/ssafy/pjt8_ws/install/ros2_control_demo_description:${AMENT_PREFIX_PATH} CMAKE_PREFIX_PATH=/home/ssafy/pjt8_ws/install/ros2_control_demo_description:/home/ssafy/ros2_ws/install/rs_camera:/opt/ros/humble /usr/bin/cmake /home/ssafy/pjt8_ws/src/ros2_control_demos/example_6 -DCMAKE_INSTALL_PREFIX=/home/ssafy/pjt8_ws/install/ros2_control_demo_example_6
[0.132s] -- The CXX compiler identification is GNU 11.4.0
[0.140s] -- Detecting CXX compiler ABI info
[0.199s] -- Detecting CXX compiler ABI info - done
[0.204s] -- Check for working CXX compiler: /usr/bin/c++ - skipped
[0.204s] -- Detecting CXX compile features
[0.205s] -- Detecting CXX compile features - done
[0.207s] -- Found ament_cmake: 1.3.11 (/opt/ros/humble/share/ament_cmake/cmake)
[0.305s] -- Found Python3: /usr/bin/python3 (found version "3.10.12") found components: Interpreter 
[0.380s] -- Found hardware_interface: 2.49.0 (/opt/ros/humble/share/hardware_interface/cmake)
[0.430s] -- Found rosidl_generator_c: 3.1.6 (/opt/ros/humble/share/rosidl_generator_c/cmake)
[0.435s] -- Found rosidl_adapter: 3.1.6 (/opt/ros/humble/share/rosidl_adapter/cmake)
[0.442s] -- Found rosidl_generator_cpp: 3.1.6 (/opt/ros/humble/share/rosidl_generator_cpp/cmake)
[0.453s] -- Using all available rosidl_typesupport_c: rosidl_typesupport_fastrtps_c;rosidl_typesupport_introspection_c
[0.466s] -- Using all available rosidl_typesupport_cpp: rosidl_typesupport_fastrtps_cpp;rosidl_typesupport_introspection_cpp
[0.636s] -- Found rmw_implementation_cmake: 6.1.2 (/opt/ros/humble/share/rmw_implementation_cmake/cmake)
[0.638s] -- Found rmw_fastrtps_cpp: 6.2.7 (/opt/ros/humble/share/rmw_fastrtps_cpp/cmake)
[0.653s] -- Found TinyXML2 via Config file: TinyXML2_DIR-NOTFOUND
[0.685s] -- Found OpenSSL: /usr/lib/x86_64-linux-gnu/libcrypto.so (found version "3.0.2")  
[0.687s] -- Found TinyXML2 via Config file: TinyXML2_DIR-NOTFOUND
[0.697s] -- Found FastRTPS: /opt/ros/humble/include  
[0.699s] -- Found TinyXML2 via Config file: TinyXML2_DIR-NOTFOUND
[0.705s] -- Found TinyXML2 via Config file: TinyXML2_DIR-NOTFOUND
[0.712s] -- Using RMW implementation 'rmw_fastrtps_cpp' as default
[0.718s] -- Looking for C++ include pthread.h
[0.827s] -- Looking for C++ include pthread.h - found
[0.827s] -- Performing Test CMAKE_HAVE_LIBC_PTHREAD
[0.949s] -- Performing Test CMAKE_HAVE_LIBC_PTHREAD - Success
[0.950s] -- Found Threads: TRUE  
[1.005s] -- Found ament_cmake_pytest: 1.3.11 (/opt/ros/humble/share/ament_cmake_pytest/cmake)
[1.870s] -- Configuring done
[1.906s] -- Generating done
[1.910s] -- Build files have been written to: /home/ssafy/pjt8_ws/build/ros2_control_demo_example_6
[1.921s] Invoked command in '/home/ssafy/pjt8_ws/build/ros2_control_demo_example_6' returned '0': AMENT_PREFIX_PATH=/home/ssafy/pjt8_ws/install/ros2_control_demo_description:${AMENT_PREFIX_PATH} CMAKE_PREFIX_PATH=/home/ssafy/pjt8_ws/install/ros2_control_demo_description:/home/ssafy/ros2_ws/install/rs_camera:/opt/ros/humble /usr/bin/cmake /home/ssafy/pjt8_ws/src/ros2_control_demos/example_6 -DCMAKE_INSTALL_PREFIX=/home/ssafy/pjt8_ws/install/ros2_control_demo_example_6
[1.922s] Invoking command in '/home/ssafy/pjt8_ws/build/ros2_control_demo_example_6': AMENT_PREFIX_PATH=/home/ssafy/pjt8_ws/install/ros2_control_demo_description:${AMENT_PREFIX_PATH} CMAKE_PREFIX_PATH=/home/ssafy/pjt8_ws/install/ros2_control_demo_description:/home/ssafy/ros2_ws/install/rs_camera:/opt/ros/humble /usr/bin/cmake --build /home/ssafy/pjt8_ws/build/ros2_control_demo_example_6 -- -j20 -l20
[1.958s] [ 50%] [32mBuilding CXX object CMakeFiles/ros2_control_demo_example_6.dir/hardware/rrbot_actuator.cpp.o[0m
[5.171s] [100%] [32m[1mLinking CXX shared library libros2_control_demo_example_6.so[0m
[5.351s] [100%] Built target ros2_control_demo_example_6
[5.364s] Invoked command in '/home/ssafy/pjt8_ws/build/ros2_control_demo_example_6' returned '0': AMENT_PREFIX_PATH=/home/ssafy/pjt8_ws/install/ros2_control_demo_description:${AMENT_PREFIX_PATH} CMAKE_PREFIX_PATH=/home/ssafy/pjt8_ws/install/ros2_control_demo_description:/home/ssafy/ros2_ws/install/rs_camera:/opt/ros/humble /usr/bin/cmake --build /home/ssafy/pjt8_ws/build/ros2_control_demo_example_6 -- -j20 -l20
[5.366s] Invoking command in '/home/ssafy/pjt8_ws/build/ros2_control_demo_example_6': AMENT_PREFIX_PATH=/home/ssafy/pjt8_ws/install/ros2_control_demo_description:${AMENT_PREFIX_PATH} CMAKE_PREFIX_PATH=/home/ssafy/pjt8_ws/install/ros2_control_demo_description:/home/ssafy/ros2_ws/install/rs_camera:/opt/ros/humble /usr/bin/cmake --install /home/ssafy/pjt8_ws/build/ros2_control_demo_example_6
[5.371s] -- Install configuration: ""
[5.371s] -- Installing: /home/ssafy/pjt8_ws/install/ros2_control_demo_example_6/share/ros2_control_demo_example_6/ros2_control_demo_example_6.xml
[5.371s] -- Installing: /home/ssafy/pjt8_ws/install/ros2_control_demo_example_6/include/ros2_control_demo_example_6
[5.371s] -- Installing: /home/ssafy/pjt8_ws/install/ros2_control_demo_example_6/include/ros2_control_demo_example_6/ros2_control_demo_example_6
[5.371s] -- Installing: /home/ssafy/pjt8_ws/install/ros2_control_demo_example_6/include/ros2_control_demo_example_6/ros2_control_demo_example_6/rrbot_actuator.hpp
[5.371s] -- Installing: /home/ssafy/pjt8_ws/install/ros2_control_demo_example_6/share/ros2_control_demo_example_6/launch
[5.371s] -- Installing: /home/ssafy/pjt8_ws/install/ros2_control_demo_example_6/share/ros2_control_demo_example_6/launch/view_robot.launch.py
[5.372s] -- Installing: /home/ssafy/pjt8_ws/install/ros2_control_demo_example_6/share/ros2_control_demo_example_6/ros2_control
[5.372s] -- Installing: /home/ssafy/pjt8_ws/install/ros2_control_demo_example_6/share/ros2_control_demo_example_6/ros2_control/rrbot_modular_actuators.ros2_control.xacro
[5.372s] -- Installing: /home/ssafy/pjt8_ws/install/ros2_control_demo_example_6/share/ros2_control_demo_example_6/urdf
[5.372s] -- Installing: /home/ssafy/pjt8_ws/install/ros2_control_demo_example_6/share/ros2_control_demo_example_6/urdf/rrbot_modular_actuators.urdf.xacro
[5.372s] -- Up-to-date: /home/ssafy/pjt8_ws/install/ros2_control_demo_example_6/share/ros2_control_demo_example_6/launch
[5.373s] -- Installing: /home/ssafy/pjt8_ws/install/ros2_control_demo_example_6/share/ros2_control_demo_example_6/launch/rrbot_modular_actuators.launch.py
[5.373s] -- Installing: /home/ssafy/pjt8_ws/install/ros2_control_demo_example_6/share/ros2_control_demo_example_6/launch/test_forward_position_controller.launch.py
[5.373s] -- Installing: /home/ssafy/pjt8_ws/install/ros2_control_demo_example_6/share/ros2_control_demo_example_6/config
[5.373s] -- Installing: /home/ssafy/pjt8_ws/install/ros2_control_demo_example_6/share/ros2_control_demo_example_6/config/rrbot_forward_position_publisher.yaml
[5.373s] -- Installing: /home/ssafy/pjt8_ws/install/ros2_control_demo_example_6/share/ros2_control_demo_example_6/config/rrbot_modular_actuators.yaml
[5.373s] -- Installing: /home/ssafy/pjt8_ws/install/ros2_control_demo_example_6/lib/libros2_control_demo_example_6.so
[5.376s] -- Set runtime path of "/home/ssafy/pjt8_ws/install/ros2_control_demo_example_6/lib/libros2_control_demo_example_6.so" to ""
[5.376s] -- Installing: /home/ssafy/pjt8_ws/install/ros2_control_demo_example_6/share/ros2_control_demo_example_6/environment/library_path.sh
[5.376s] -- Installing: /home/ssafy/pjt8_ws/install/ros2_control_demo_example_6/share/ros2_control_demo_example_6/environment/library_path.dsv
[5.376s] -- Installing: /home/ssafy/pjt8_ws/install/ros2_control_demo_example_6/share/ament_index/resource_index/package_run_dependencies/ros2_control_demo_example_6
[5.377s] -- Installing: /home/ssafy/pjt8_ws/install/ros2_control_demo_example_6/share/ament_index/resource_index/parent_prefix_path/ros2_control_demo_example_6
[5.377s] -- Installing: /home/ssafy/pjt8_ws/install/ros2_control_demo_example_6/share/ros2_control_demo_example_6/environment/ament_prefix_path.sh
[5.377s] -- Installing: /home/ssafy/pjt8_ws/install/ros2_control_demo_example_6/share/ros2_control_demo_example_6/environment/ament_prefix_path.dsv
[5.377s] -- Installing: /home/ssafy/pjt8_ws/install/ros2_control_demo_example_6/share/ros2_control_demo_example_6/environment/path.sh
[5.377s] -- Installing: /home/ssafy/pjt8_ws/install/ros2_control_demo_example_6/share/ros2_control_demo_example_6/environment/path.dsv
[5.377s] -- Installing: /home/ssafy/pjt8_ws/install/ros2_control_demo_example_6/share/ros2_control_demo_example_6/local_setup.bash
[5.377s] -- Installing: /home/ssafy/pjt8_ws/install/ros2_control_demo_example_6/share/ros2_control_demo_example_6/local_setup.sh
[5.377s] -- Installing: /home/ssafy/pjt8_ws/install/ros2_control_demo_example_6/share/ros2_control_demo_example_6/local_setup.zsh
[5.377s] -- Installing: /home/ssafy/pjt8_ws/install/ros2_control_demo_example_6/share/ros2_control_demo_example_6/local_setup.dsv
[5.377s] -- Installing: /home/ssafy/pjt8_ws/install/ros2_control_demo_example_6/share/ros2_control_demo_example_6/package.dsv
[5.377s] -- Installing: /home/ssafy/pjt8_ws/install/ros2_control_demo_example_6/share/ament_index/resource_index/packages/ros2_control_demo_example_6
[5.377s] -- Installing: /home/ssafy/pjt8_ws/install/ros2_control_demo_example_6/share/ament_index/resource_index/hardware_interface__pluginlib__plugin/ros2_control_demo_example_6
[5.377s] -- Installing: /home/ssafy/pjt8_ws/install/ros2_control_demo_example_6/share/ros2_control_demo_example_6/cmake/export_ros2_control_demo_example_6Export.cmake
[5.378s] -- Installing: /home/ssafy/pjt8_ws/install/ros2_control_demo_example_6/share/ros2_control_demo_example_6/cmake/export_ros2_control_demo_example_6Export-noconfig.cmake
[5.378s] -- Installing: /home/ssafy/pjt8_ws/install/ros2_control_demo_example_6/share/ros2_control_demo_example_6/cmake/ament_cmake_export_targets-extras.cmake
[5.378s] -- Installing: /home/ssafy/pjt8_ws/install/ros2_control_demo_example_6/share/ros2_control_demo_example_6/cmake/ament_cmake_export_dependencies-extras.cmake
[5.378s] -- Installing: /home/ssafy/pjt8_ws/install/ros2_control_demo_example_6/share/ros2_control_demo_example_6/cmake/ros2_control_demo_example_6Config.cmake
[5.378s] -- Installing: /home/ssafy/pjt8_ws/install/ros2_control_demo_example_6/share/ros2_control_demo_example_6/cmake/ros2_control_demo_example_6Config-version.cmake
[5.378s] -- Installing: /home/ssafy/pjt8_ws/install/ros2_control_demo_example_6/share/ros2_control_demo_example_6/package.xml
[5.385s] Invoked command in '/home/ssafy/pjt8_ws/build/ros2_control_demo_example_6' returned '0': AMENT_PREFIX_PATH=/home/ssafy/pjt8_ws/install/ros2_control_demo_description:${AMENT_PREFIX_PATH} CMAKE_PREFIX_PATH=/home/ssafy/pjt8_ws/install/ros2_control_demo_description:/home/ssafy/ros2_ws/install/rs_camera:/opt/ros/humble /usr/bin/cmake --install /home/ssafy/pjt8_ws/build/ros2_control_demo_example_6
