[0.385s] Invoking command in '/home/ssafy/rm_ws/src/urdf_practice': PYTHONPATH=/home/ssafy/rm_ws/build/urdf_practice/prefix_override:/usr/lib/python3/dist-packages/colcon_core/task/python/colcon_distutils_commands:/home/ssafy/rm_ws/install/urdf_practice/lib/python3.10/site-packages:${PYTHONPATH} /usr/bin/python3 -W ignore:setup.py install is deprecated -W ignore:easy_install command is deprecated setup.py egg_info --egg-base ../../build/urdf_practice build --build-base /home/ssafy/rm_ws/build/urdf_practice/build install --record /home/ssafy/rm_ws/build/urdf_practice/install.log --single-version-externally-managed install_data
[0.534s] running egg_info
[0.535s] creating ../../build/urdf_practice/urdf_practice.egg-info
[0.535s] writing ../../build/urdf_practice/urdf_practice.egg-info/PKG-INFO
[0.535s] writing dependency_links to ../../build/urdf_practice/urdf_practice.egg-info/dependency_links.txt
[0.535s] writing entry points to ../../build/urdf_practice/urdf_practice.egg-info/entry_points.txt
[0.535s] writing requirements to ../../build/urdf_practice/urdf_practice.egg-info/requires.txt
[0.535s] writing top-level names to ../../build/urdf_practice/urdf_practice.egg-info/top_level.txt
[0.535s] writing manifest file '../../build/urdf_practice/urdf_practice.egg-info/SOURCES.txt'
[0.536s] reading manifest file '../../build/urdf_practice/urdf_practice.egg-info/SOURCES.txt'
[0.537s] writing manifest file '../../build/urdf_practice/urdf_practice.egg-info/SOURCES.txt'
[0.537s] running build
[0.537s] running build_py
[0.537s] creating /home/ssafy/rm_ws/build/urdf_practice/build
[0.537s] creating /home/ssafy/rm_ws/build/urdf_practice/build/lib
[0.537s] creating /home/ssafy/rm_ws/build/urdf_practice/build/lib/urdf_practice
[0.537s] copying urdf_practice/__init__.py -> /home/ssafy/rm_ws/build/urdf_practice/build/lib/urdf_practice
[0.537s] running install
[0.537s] running install_lib
[0.538s] creating /home/ssafy/rm_ws/install/urdf_practice/lib/python3.10/site-packages/urdf_practice
[0.538s] copying /home/ssafy/rm_ws/build/urdf_practice/build/lib/urdf_practice/__init__.py -> /home/ssafy/rm_ws/install/urdf_practice/lib/python3.10/site-packages/urdf_practice
[0.538s] byte-compiling /home/ssafy/rm_ws/install/urdf_practice/lib/python3.10/site-packages/urdf_practice/__init__.py to __init__.cpython-310.pyc
[0.538s] running install_data
[0.538s] creating /home/ssafy/rm_ws/install/urdf_practice/share/ament_index
[0.538s] creating /home/ssafy/rm_ws/install/urdf_practice/share/ament_index/resource_index
[0.538s] creating /home/ssafy/rm_ws/install/urdf_practice/share/ament_index/resource_index/packages
[0.538s] copying resource/urdf_practice -> /home/ssafy/rm_ws/install/urdf_practice/share/ament_index/resource_index/packages
[0.538s] copying package.xml -> /home/ssafy/rm_ws/install/urdf_practice/share/urdf_practice
[0.538s] running install_egg_info
[0.539s] Copying ../../build/urdf_practice/urdf_practice.egg-info to /home/ssafy/rm_ws/install/urdf_practice/lib/python3.10/site-packages/urdf_practice-0.0.0-py3.10.egg-info
[0.540s] running install_scripts
[0.553s] writing list of installed files to '/home/ssafy/rm_ws/build/urdf_practice/install.log'
[0.566s] Invoked command in '/home/ssafy/rm_ws/src/urdf_practice' returned '0': PYTHONPATH=/home/ssafy/rm_ws/build/urdf_practice/prefix_override:/usr/lib/python3/dist-packages/colcon_core/task/python/colcon_distutils_commands:/home/ssafy/rm_ws/install/urdf_practice/lib/python3.10/site-packages:${PYTHONPATH} /usr/bin/python3 -W ignore:setup.py install is deprecated -W ignore:easy_install command is deprecated setup.py egg_info --egg-base ../../build/urdf_practice build --build-base /home/ssafy/rm_ws/build/urdf_practice/build install --record /home/ssafy/rm_ws/build/urdf_practice/install.log --single-version-externally-managed install_data
