[0.039s] Invoking command in '/home/ssafy/pjt8_ws/build/ros2_control_demo_example_2': AMENT_PREFIX_PATH=/home/ssafy/pjt8_ws/install/ros2_control_demo_description:${AMENT_PREFIX_PATH} CMAKE_PREFIX_PATH=/home/ssafy/pjt8_ws/install/ros2_control_demo_description:/home/ssafy/ros2_ws/install/rs_camera:/opt/ros/humble /usr/bin/cmake /home/ssafy/pjt8_ws/src/ros2_control_demos/example_2 -DCMAKE_INSTALL_PREFIX=/home/ssafy/pjt8_ws/install/ros2_control_demo_example_2
[0.134s] -- The CXX compiler identification is GNU 11.4.0
[0.139s] -- Detecting CXX compiler ABI info
[0.190s] -- Detecting CXX compiler ABI info - done
[0.196s] -- Check for working CXX compiler: /usr/bin/c++ - skipped
[0.196s] -- Detecting CXX compile features
[0.197s] -- Detecting CXX compile features - done
[0.201s] -- Found ament_cmake: 1.3.11 (/opt/ros/humble/share/ament_cmake/cmake)
[0.348s] -- Found Python3: /usr/bin/python3 (found version "3.10.12") found components: Interpreter 
[0.447s] -- Found hardware_interface: 2.49.0 (/opt/ros/humble/share/hardware_interface/cmake)
[0.489s] -- Found rosidl_generator_c: 3.1.6 (/opt/ros/humble/share/rosidl_generator_c/cmake)
[0.495s] -- Found rosidl_adapter: 3.1.6 (/opt/ros/humble/share/rosidl_adapter/cmake)
[0.504s] -- Found rosidl_generator_cpp: 3.1.6 (/opt/ros/humble/share/rosidl_generator_cpp/cmake)
[0.517s] -- Using all available rosidl_typesupport_c: rosidl_typesupport_fastrtps_c;rosidl_typesupport_introspection_c
[0.535s] -- Using all available rosidl_typesupport_cpp: rosidl_typesupport_fastrtps_cpp;rosidl_typesupport_introspection_cpp
[0.767s] -- Found rmw_implementation_cmake: 6.1.2 (/opt/ros/humble/share/rmw_implementation_cmake/cmake)
[0.770s] -- Found rmw_fastrtps_cpp: 6.2.7 (/opt/ros/humble/share/rmw_fastrtps_cpp/cmake)
[0.800s] -- Found TinyXML2 via Config file: TinyXML2_DIR-NOTFOUND
[0.845s] -- Found OpenSSL: /usr/lib/x86_64-linux-gnu/libcrypto.so (found version "3.0.2")  
[0.847s] -- Found TinyXML2 via Config file: TinyXML2_DIR-NOTFOUND
[0.858s] -- Found FastRTPS: /opt/ros/humble/include  
[0.861s] -- Found TinyXML2 via Config file: TinyXML2_DIR-NOTFOUND
[0.867s] -- Found TinyXML2 via Config file: TinyXML2_DIR-NOTFOUND
[0.878s] -- Using RMW implementation 'rmw_fastrtps_cpp' as default
[0.889s] -- Looking for C++ include pthread.h
[0.976s] -- Looking for C++ include pthread.h - found
[0.976s] -- Performing Test CMAKE_HAVE_LIBC_PTHREAD
[1.055s] -- Performing Test CMAKE_HAVE_LIBC_PTHREAD - Success
[1.056s] -- Found Threads: TRUE  
[1.123s] -- Found ament_cmake_pytest: 1.3.11 (/opt/ros/humble/share/ament_cmake_pytest/cmake)
[2.364s] -- Configuring done
[2.390s] -- Generating done
[2.393s] -- Build files have been written to: /home/ssafy/pjt8_ws/build/ros2_control_demo_example_2
[2.405s] Invoked command in '/home/ssafy/pjt8_ws/build/ros2_control_demo_example_2' returned '0': AMENT_PREFIX_PATH=/home/ssafy/pjt8_ws/install/ros2_control_demo_description:${AMENT_PREFIX_PATH} CMAKE_PREFIX_PATH=/home/ssafy/pjt8_ws/install/ros2_control_demo_description:/home/ssafy/ros2_ws/install/rs_camera:/opt/ros/humble /usr/bin/cmake /home/ssafy/pjt8_ws/src/ros2_control_demos/example_2 -DCMAKE_INSTALL_PREFIX=/home/ssafy/pjt8_ws/install/ros2_control_demo_example_2
[2.405s] Invoking command in '/home/ssafy/pjt8_ws/build/ros2_control_demo_example_2': AMENT_PREFIX_PATH=/home/ssafy/pjt8_ws/install/ros2_control_demo_description:${AMENT_PREFIX_PATH} CMAKE_PREFIX_PATH=/home/ssafy/pjt8_ws/install/ros2_control_demo_description:/home/ssafy/ros2_ws/install/rs_camera:/opt/ros/humble /usr/bin/cmake --build /home/ssafy/pjt8_ws/build/ros2_control_demo_example_2 -- -j20 -l20
[2.498s] [ 50%] [32mBuilding CXX object CMakeFiles/ros2_control_demo_example_2.dir/hardware/diffbot_system.cpp.o[0m
[6.911s] [100%] [32m[1mLinking CXX shared library libros2_control_demo_example_2.so[0m
[7.039s] [100%] Built target ros2_control_demo_example_2
[7.052s] Invoked command in '/home/ssafy/pjt8_ws/build/ros2_control_demo_example_2' returned '0': AMENT_PREFIX_PATH=/home/ssafy/pjt8_ws/install/ros2_control_demo_description:${AMENT_PREFIX_PATH} CMAKE_PREFIX_PATH=/home/ssafy/pjt8_ws/install/ros2_control_demo_description:/home/ssafy/ros2_ws/install/rs_camera:/opt/ros/humble /usr/bin/cmake --build /home/ssafy/pjt8_ws/build/ros2_control_demo_example_2 -- -j20 -l20
[7.053s] Invoking command in '/home/ssafy/pjt8_ws/build/ros2_control_demo_example_2': AMENT_PREFIX_PATH=/home/ssafy/pjt8_ws/install/ros2_control_demo_description:${AMENT_PREFIX_PATH} CMAKE_PREFIX_PATH=/home/ssafy/pjt8_ws/install/ros2_control_demo_description:/home/ssafy/ros2_ws/install/rs_camera:/opt/ros/humble /usr/bin/cmake --install /home/ssafy/pjt8_ws/build/ros2_control_demo_example_2
[7.060s] -- Install configuration: ""
[7.060s] -- Installing: /home/ssafy/pjt8_ws/install/ros2_control_demo_example_2/share/ros2_control_demo_example_2/ros2_control_demo_example_2.xml
[7.060s] -- Installing: /home/ssafy/pjt8_ws/install/ros2_control_demo_example_2/include/ros2_control_demo_example_2
[7.060s] -- Installing: /home/ssafy/pjt8_ws/install/ros2_control_demo_example_2/include/ros2_control_demo_example_2/ros2_control_demo_example_2
[7.060s] -- Installing: /home/ssafy/pjt8_ws/install/ros2_control_demo_example_2/include/ros2_control_demo_example_2/ros2_control_demo_example_2/diffbot_system.hpp
[7.060s] -- Installing: /home/ssafy/pjt8_ws/install/ros2_control_demo_example_2/share/ros2_control_demo_example_2/launch
[7.060s] -- Installing: /home/ssafy/pjt8_ws/install/ros2_control_demo_example_2/share/ros2_control_demo_example_2/launch/view_robot.launch.py
[7.061s] -- Installing: /home/ssafy/pjt8_ws/install/ros2_control_demo_example_2/share/ros2_control_demo_example_2/ros2_control
[7.061s] -- Installing: /home/ssafy/pjt8_ws/install/ros2_control_demo_example_2/share/ros2_control_demo_example_2/ros2_control/diffbot.ros2_control.xacro
[7.061s] -- Installing: /home/ssafy/pjt8_ws/install/ros2_control_demo_example_2/share/ros2_control_demo_example_2/urdf
[7.061s] -- Installing: /home/ssafy/pjt8_ws/install/ros2_control_demo_example_2/share/ros2_control_demo_example_2/urdf/diffbot.urdf.xacro
[7.061s] -- Up-to-date: /home/ssafy/pjt8_ws/install/ros2_control_demo_example_2/share/ros2_control_demo_example_2/launch
[7.061s] -- Installing: /home/ssafy/pjt8_ws/install/ros2_control_demo_example_2/share/ros2_control_demo_example_2/launch/diffbot.launch.py
[7.061s] -- Installing: /home/ssafy/pjt8_ws/install/ros2_control_demo_example_2/share/ros2_control_demo_example_2/config
[7.061s] -- Installing: /home/ssafy/pjt8_ws/install/ros2_control_demo_example_2/share/ros2_control_demo_example_2/config/diffbot_controllers.yaml
[7.061s] -- Installing: /home/ssafy/pjt8_ws/install/ros2_control_demo_example_2/lib/libros2_control_demo_example_2.so
[7.061s] -- Set runtime path of "/home/ssafy/pjt8_ws/install/ros2_control_demo_example_2/lib/libros2_control_demo_example_2.so" to ""
[7.061s] -- Installing: /home/ssafy/pjt8_ws/install/ros2_control_demo_example_2/share/ros2_control_demo_example_2/environment/library_path.sh
[7.061s] -- Installing: /home/ssafy/pjt8_ws/install/ros2_control_demo_example_2/share/ros2_control_demo_example_2/environment/library_path.dsv
[7.062s] -- Installing: /home/ssafy/pjt8_ws/install/ros2_control_demo_example_2/share/ament_index/resource_index/package_run_dependencies/ros2_control_demo_example_2
[7.062s] -- Installing: /home/ssafy/pjt8_ws/install/ros2_control_demo_example_2/share/ament_index/resource_index/parent_prefix_path/ros2_control_demo_example_2
[7.062s] -- Installing: /home/ssafy/pjt8_ws/install/ros2_control_demo_example_2/share/ros2_control_demo_example_2/environment/ament_prefix_path.sh
[7.062s] -- Installing: /home/ssafy/pjt8_ws/install/ros2_control_demo_example_2/share/ros2_control_demo_example_2/environment/ament_prefix_path.dsv
[7.062s] -- Installing: /home/ssafy/pjt8_ws/install/ros2_control_demo_example_2/share/ros2_control_demo_example_2/environment/path.sh
[7.062s] -- Installing: /home/ssafy/pjt8_ws/install/ros2_control_demo_example_2/share/ros2_control_demo_example_2/environment/path.dsv
[7.062s] -- Installing: /home/ssafy/pjt8_ws/install/ros2_control_demo_example_2/share/ros2_control_demo_example_2/local_setup.bash
[7.062s] -- Installing: /home/ssafy/pjt8_ws/install/ros2_control_demo_example_2/share/ros2_control_demo_example_2/local_setup.sh
[7.062s] -- Installing: /home/ssafy/pjt8_ws/install/ros2_control_demo_example_2/share/ros2_control_demo_example_2/local_setup.zsh
[7.062s] -- Installing: /home/ssafy/pjt8_ws/install/ros2_control_demo_example_2/share/ros2_control_demo_example_2/local_setup.dsv
[7.062s] -- Installing: /home/ssafy/pjt8_ws/install/ros2_control_demo_example_2/share/ros2_control_demo_example_2/package.dsv
[7.062s] -- Installing: /home/ssafy/pjt8_ws/install/ros2_control_demo_example_2/share/ament_index/resource_index/packages/ros2_control_demo_example_2
[7.063s] -- Installing: /home/ssafy/pjt8_ws/install/ros2_control_demo_example_2/share/ament_index/resource_index/hardware_interface__pluginlib__plugin/ros2_control_demo_example_2
[7.063s] -- Installing: /home/ssafy/pjt8_ws/install/ros2_control_demo_example_2/share/ros2_control_demo_example_2/cmake/export_ros2_control_demo_example_2Export.cmake
[7.063s] -- Installing: /home/ssafy/pjt8_ws/install/ros2_control_demo_example_2/share/ros2_control_demo_example_2/cmake/export_ros2_control_demo_example_2Export-noconfig.cmake
[7.063s] -- Installing: /home/ssafy/pjt8_ws/install/ros2_control_demo_example_2/share/ros2_control_demo_example_2/cmake/ament_cmake_export_targets-extras.cmake
[7.063s] -- Installing: /home/ssafy/pjt8_ws/install/ros2_control_demo_example_2/share/ros2_control_demo_example_2/cmake/ament_cmake_export_dependencies-extras.cmake
[7.063s] -- Installing: /home/ssafy/pjt8_ws/install/ros2_control_demo_example_2/share/ros2_control_demo_example_2/cmake/ros2_control_demo_example_2Config.cmake
[7.063s] -- Installing: /home/ssafy/pjt8_ws/install/ros2_control_demo_example_2/share/ros2_control_demo_example_2/cmake/ros2_control_demo_example_2Config-version.cmake
[7.063s] -- Installing: /home/ssafy/pjt8_ws/install/ros2_control_demo_example_2/share/ros2_control_demo_example_2/package.xml
[7.064s] Invoked command in '/home/ssafy/pjt8_ws/build/ros2_control_demo_example_2' returned '0': AMENT_PREFIX_PATH=/home/ssafy/pjt8_ws/install/ros2_control_demo_description:${AMENT_PREFIX_PATH} CMAKE_PREFIX_PATH=/home/ssafy/pjt8_ws/install/ros2_control_demo_description:/home/ssafy/ros2_ws/install/rs_camera:/opt/ros/humble /usr/bin/cmake --install /home/ssafy/pjt8_ws/build/ros2_control_demo_example_2
