[0.035s] Invoking command in '/home/ssafy/pjt8_ws/build/ros2_control_demo_example_10': CMAKE_PREFIX_PATH=/home/ssafy/pjt8_ws/install/ros2_control_demo_description:/home/ssafy/pjt8_ws/install/ros2_control_demos:/home/ssafy/pjt8_ws/install/ros2_control_demo_example_9:/home/ssafy/pjt8_ws/install/ros2_control_demo_example_8:/home/ssafy/pjt8_ws/install/ros2_control_demo_example_7:/home/ssafy/pjt8_ws/install/ros2_control_demo_example_6:/home/ssafy/pjt8_ws/install/ros2_control_demo_example_15:/home/ssafy/pjt8_ws/install/ros2_control_demo_example_13:/home/ssafy/pjt8_ws/install/ros2_control_demo_example_5:/home/ssafy/pjt8_ws/install/ros2_control_demo_example_4:/home/ssafy/pjt8_ws/install/ros2_control_demo_example_3:/home/ssafy/pjt8_ws/install/ros2_control_demo_example_2:/home/ssafy/pjt8_ws/install/ros2_control_demo_example_14:/home/ssafy/pjt8_ws/install/ros2_control_demo_example_12:/home/ssafy/pjt8_ws/install/ros2_control_demo_example_11:/home/ssafy/pjt8_ws/install/ros2_control_demo_example_10:/home/ssafy/pjt8_ws/install/ros2_control_demo_example_1:/home/ssafy/ros2_ws/install/rs_camera:/opt/ros/humble /usr/bin/cmake --build /home/ssafy/pjt8_ws/build/ros2_control_demo_example_10 -- -j20 -l20
[0.093s] [100%] Built target ros2_control_demo_example_10
[0.126s] Invoked command in '/home/ssafy/pjt8_ws/build/ros2_control_demo_example_10' returned '0': CMAKE_PREFIX_PATH=/home/ssafy/pjt8_ws/install/ros2_control_demo_description:/home/ssafy/pjt8_ws/install/ros2_control_demos:/home/ssafy/pjt8_ws/install/ros2_control_demo_example_9:/home/ssafy/pjt8_ws/install/ros2_control_demo_example_8:/home/ssafy/pjt8_ws/install/ros2_control_demo_example_7:/home/ssafy/pjt8_ws/install/ros2_control_demo_example_6:/home/ssafy/pjt8_ws/install/ros2_control_demo_example_15:/home/ssafy/pjt8_ws/install/ros2_control_demo_example_13:/home/ssafy/pjt8_ws/install/ros2_control_demo_example_5:/home/ssafy/pjt8_ws/install/ros2_control_demo_example_4:/home/ssafy/pjt8_ws/install/ros2_control_demo_example_3:/home/ssafy/pjt8_ws/install/ros2_control_demo_example_2:/home/ssafy/pjt8_ws/install/ros2_control_demo_example_14:/home/ssafy/pjt8_ws/install/ros2_control_demo_example_12:/home/ssafy/pjt8_ws/install/ros2_control_demo_example_11:/home/ssafy/pjt8_ws/install/ros2_control_demo_example_10:/home/ssafy/pjt8_ws/install/ros2_control_demo_example_1:/home/ssafy/ros2_ws/install/rs_camera:/opt/ros/humble /usr/bin/cmake --build /home/ssafy/pjt8_ws/build/ros2_control_demo_example_10 -- -j20 -l20
[0.127s] Invoking command in '/home/ssafy/pjt8_ws/build/ros2_control_demo_example_10': CMAKE_PREFIX_PATH=/home/ssafy/pjt8_ws/install/ros2_control_demo_description:/home/ssafy/pjt8_ws/install/ros2_control_demos:/home/ssafy/pjt8_ws/install/ros2_control_demo_example_9:/home/ssafy/pjt8_ws/install/ros2_control_demo_example_8:/home/ssafy/pjt8_ws/install/ros2_control_demo_example_7:/home/ssafy/pjt8_ws/install/ros2_control_demo_example_6:/home/ssafy/pjt8_ws/install/ros2_control_demo_example_15:/home/ssafy/pjt8_ws/install/ros2_control_demo_example_13:/home/ssafy/pjt8_ws/install/ros2_control_demo_example_5:/home/ssafy/pjt8_ws/install/ros2_control_demo_example_4:/home/ssafy/pjt8_ws/install/ros2_control_demo_example_3:/home/ssafy/pjt8_ws/install/ros2_control_demo_example_2:/home/ssafy/pjt8_ws/install/ros2_control_demo_example_14:/home/ssafy/pjt8_ws/install/ros2_control_demo_example_12:/home/ssafy/pjt8_ws/install/ros2_control_demo_example_11:/home/ssafy/pjt8_ws/install/ros2_control_demo_example_10:/home/ssafy/pjt8_ws/install/ros2_control_demo_example_1:/home/ssafy/ros2_ws/install/rs_camera:/opt/ros/humble /usr/bin/cmake --install /home/ssafy/pjt8_ws/build/ros2_control_demo_example_10
[0.135s] -- Install configuration: ""
[0.135s] -- Up-to-date: /home/ssafy/pjt8_ws/install/ros2_control_demo_example_10/share/ros2_control_demo_example_10/ros2_control_demo_example_10.xml
[0.135s] -- Up-to-date: /home/ssafy/pjt8_ws/install/ros2_control_demo_example_10/include/ros2_control_demo_example_10
[0.135s] -- Up-to-date: /home/ssafy/pjt8_ws/install/ros2_control_demo_example_10/include/ros2_control_demo_example_10/ros2_control_demo_example_10
[0.136s] -- Up-to-date: /home/ssafy/pjt8_ws/install/ros2_control_demo_example_10/include/ros2_control_demo_example_10/ros2_control_demo_example_10/rrbot.hpp
[0.136s] -- Up-to-date: /home/ssafy/pjt8_ws/install/ros2_control_demo_example_10/share/ros2_control_demo_example_10/launch
[0.136s] -- Up-to-date: /home/ssafy/pjt8_ws/install/ros2_control_demo_example_10/share/ros2_control_demo_example_10/launch/view_robot.launch.py
[0.136s] -- Up-to-date: /home/ssafy/pjt8_ws/install/ros2_control_demo_example_10/share/ros2_control_demo_example_10/ros2_control
[0.136s] -- Up-to-date: /home/ssafy/pjt8_ws/install/ros2_control_demo_example_10/share/ros2_control_demo_example_10/ros2_control/rrbot.ros2_control.xacro
[0.136s] -- Up-to-date: /home/ssafy/pjt8_ws/install/ros2_control_demo_example_10/share/ros2_control_demo_example_10/urdf
[0.136s] -- Up-to-date: /home/ssafy/pjt8_ws/install/ros2_control_demo_example_10/share/ros2_control_demo_example_10/urdf/rrbot.urdf.xacro
[0.136s] -- Up-to-date: /home/ssafy/pjt8_ws/install/ros2_control_demo_example_10/share/ros2_control_demo_example_10/launch
[0.136s] -- Up-to-date: /home/ssafy/pjt8_ws/install/ros2_control_demo_example_10/share/ros2_control_demo_example_10/launch/rrbot.launch.py
[0.136s] -- Up-to-date: /home/ssafy/pjt8_ws/install/ros2_control_demo_example_10/share/ros2_control_demo_example_10/launch/test_forward_position_controller.launch.py
[0.136s] -- Up-to-date: /home/ssafy/pjt8_ws/install/ros2_control_demo_example_10/share/ros2_control_demo_example_10/config
[0.136s] -- Up-to-date: /home/ssafy/pjt8_ws/install/ros2_control_demo_example_10/share/ros2_control_demo_example_10/config/rrbot_forward_position_publisher.yaml
[0.136s] -- Up-to-date: /home/ssafy/pjt8_ws/install/ros2_control_demo_example_10/share/ros2_control_demo_example_10/config/rrbot_controllers.yaml
[0.136s] -- Up-to-date: /home/ssafy/pjt8_ws/install/ros2_control_demo_example_10/lib/libros2_control_demo_example_10.so
[0.136s] -- Up-to-date: /home/ssafy/pjt8_ws/install/ros2_control_demo_example_10/share/ros2_control_demo_example_10/environment/library_path.sh
[0.136s] -- Up-to-date: /home/ssafy/pjt8_ws/install/ros2_control_demo_example_10/share/ros2_control_demo_example_10/environment/library_path.dsv
[0.136s] -- Up-to-date: /home/ssafy/pjt8_ws/install/ros2_control_demo_example_10/share/ament_index/resource_index/package_run_dependencies/ros2_control_demo_example_10
[0.136s] -- Up-to-date: /home/ssafy/pjt8_ws/install/ros2_control_demo_example_10/share/ament_index/resource_index/parent_prefix_path/ros2_control_demo_example_10
[0.136s] -- Up-to-date: /home/ssafy/pjt8_ws/install/ros2_control_demo_example_10/share/ros2_control_demo_example_10/environment/ament_prefix_path.sh
[0.136s] -- Up-to-date: /home/ssafy/pjt8_ws/install/ros2_control_demo_example_10/share/ros2_control_demo_example_10/environment/ament_prefix_path.dsv
[0.136s] -- Up-to-date: /home/ssafy/pjt8_ws/install/ros2_control_demo_example_10/share/ros2_control_demo_example_10/environment/path.sh
[0.137s] -- Up-to-date: /home/ssafy/pjt8_ws/install/ros2_control_demo_example_10/share/ros2_control_demo_example_10/environment/path.dsv
[0.137s] -- Up-to-date: /home/ssafy/pjt8_ws/install/ros2_control_demo_example_10/share/ros2_control_demo_example_10/local_setup.bash
[0.137s] -- Up-to-date: /home/ssafy/pjt8_ws/install/ros2_control_demo_example_10/share/ros2_control_demo_example_10/local_setup.sh
[0.137s] -- Up-to-date: /home/ssafy/pjt8_ws/install/ros2_control_demo_example_10/share/ros2_control_demo_example_10/local_setup.zsh
[0.137s] -- Up-to-date: /home/ssafy/pjt8_ws/install/ros2_control_demo_example_10/share/ros2_control_demo_example_10/local_setup.dsv
[0.137s] -- Installing: /home/ssafy/pjt8_ws/install/ros2_control_demo_example_10/share/ros2_control_demo_example_10/package.dsv
[0.137s] -- Up-to-date: /home/ssafy/pjt8_ws/install/ros2_control_demo_example_10/share/ament_index/resource_index/packages/ros2_control_demo_example_10
[0.137s] -- Up-to-date: /home/ssafy/pjt8_ws/install/ros2_control_demo_example_10/share/ament_index/resource_index/hardware_interface__pluginlib__plugin/ros2_control_demo_example_10
[0.137s] -- Up-to-date: /home/ssafy/pjt8_ws/install/ros2_control_demo_example_10/share/ros2_control_demo_example_10/cmake/export_ros2_control_demo_example_10Export.cmake
[0.137s] -- Up-to-date: /home/ssafy/pjt8_ws/install/ros2_control_demo_example_10/share/ros2_control_demo_example_10/cmake/export_ros2_control_demo_example_10Export-noconfig.cmake
[0.137s] -- Up-to-date: /home/ssafy/pjt8_ws/install/ros2_control_demo_example_10/share/ros2_control_demo_example_10/cmake/ament_cmake_export_targets-extras.cmake
[0.137s] -- Up-to-date: /home/ssafy/pjt8_ws/install/ros2_control_demo_example_10/share/ros2_control_demo_example_10/cmake/ament_cmake_export_dependencies-extras.cmake
[0.137s] -- Up-to-date: /home/ssafy/pjt8_ws/install/ros2_control_demo_example_10/share/ros2_control_demo_example_10/cmake/ros2_control_demo_example_10Config.cmake
[0.138s] -- Up-to-date: /home/ssafy/pjt8_ws/install/ros2_control_demo_example_10/share/ros2_control_demo_example_10/cmake/ros2_control_demo_example_10Config-version.cmake
[0.138s] -- Up-to-date: /home/ssafy/pjt8_ws/install/ros2_control_demo_example_10/share/ros2_control_demo_example_10/package.xml
[0.199s] Invoked command in '/home/ssafy/pjt8_ws/build/ros2_control_demo_example_10' returned '0': CMAKE_PREFIX_PATH=/home/ssafy/pjt8_ws/install/ros2_control_demo_description:/home/ssafy/pjt8_ws/install/ros2_control_demos:/home/ssafy/pjt8_ws/install/ros2_control_demo_example_9:/home/ssafy/pjt8_ws/install/ros2_control_demo_example_8:/home/ssafy/pjt8_ws/install/ros2_control_demo_example_7:/home/ssafy/pjt8_ws/install/ros2_control_demo_example_6:/home/ssafy/pjt8_ws/install/ros2_control_demo_example_15:/home/ssafy/pjt8_ws/install/ros2_control_demo_example_13:/home/ssafy/pjt8_ws/install/ros2_control_demo_example_5:/home/ssafy/pjt8_ws/install/ros2_control_demo_example_4:/home/ssafy/pjt8_ws/install/ros2_control_demo_example_3:/home/ssafy/pjt8_ws/install/ros2_control_demo_example_2:/home/ssafy/pjt8_ws/install/ros2_control_demo_example_14:/home/ssafy/pjt8_ws/install/ros2_control_demo_example_12:/home/ssafy/pjt8_ws/install/ros2_control_demo_example_11:/home/ssafy/pjt8_ws/install/ros2_control_demo_example_10:/home/ssafy/pjt8_ws/install/ros2_control_demo_example_1:/home/ssafy/ros2_ws/install/rs_camera:/opt/ros/humble /usr/bin/cmake --install /home/ssafy/pjt8_ws/build/ros2_control_demo_example_10
