[0.048s] Invoking command in '/home/ssafy/pjt8_ws/build/ros2_control_demo_example_7': AMENT_PREFIX_PATH=/home/ssafy/pjt8_ws/install/ros2_control_demo_description:${AMENT_PREFIX_PATH} CMAKE_PREFIX_PATH=/home/ssafy/pjt8_ws/install/ros2_control_demo_description:/home/ssafy/ros2_ws/install/rs_camera:/opt/ros/humble /usr/bin/cmake /home/ssafy/pjt8_ws/src/ros2_control_demos/example_7 -DCMAKE_INSTALL_PREFIX=/home/ssafy/pjt8_ws/install/ros2_control_demo_example_7
[0.123s] -- The CXX compiler identification is GNU 11.4.0
[0.128s] -- Detecting CXX compiler ABI info
[0.186s] -- Detecting CXX compiler ABI info - done
[0.191s] -- Check for working CXX compiler: /usr/bin/c++ - skipped
[0.192s] -- Detecting CXX compile features
[0.192s] -- Detecting CXX compile features - done
[0.196s] -- Found ament_cmake: 1.3.11 (/opt/ros/humble/share/ament_cmake/cmake)
[0.322s] -- Found Python3: /usr/bin/python3 (found version "3.10.12") found components: Interpreter 
[0.413s] -- Found pluginlib: 5.1.0 (/opt/ros/humble/share/pluginlib/cmake)
[0.442s] -- Found hardware_interface: 2.49.0 (/opt/ros/humble/share/hardware_interface/cmake)
[0.459s] -- Found rosidl_generator_c: 3.1.6 (/opt/ros/humble/share/rosidl_generator_c/cmake)
[0.462s] -- Found rosidl_adapter: 3.1.6 (/opt/ros/humble/share/rosidl_adapter/cmake)
[0.467s] -- Found rosidl_generator_cpp: 3.1.6 (/opt/ros/humble/share/rosidl_generator_cpp/cmake)
[0.475s] -- Using all available rosidl_typesupport_c: rosidl_typesupport_fastrtps_c;rosidl_typesupport_introspection_c
[0.483s] -- Using all available rosidl_typesupport_cpp: rosidl_typesupport_fastrtps_cpp;rosidl_typesupport_introspection_cpp
[0.606s] -- Found rmw_implementation_cmake: 6.1.2 (/opt/ros/humble/share/rmw_implementation_cmake/cmake)
[0.610s] -- Found rmw_fastrtps_cpp: 6.2.7 (/opt/ros/humble/share/rmw_fastrtps_cpp/cmake)
[0.634s] -- Found TinyXML2 via Config file: TinyXML2_DIR-NOTFOUND
[0.669s] -- Found OpenSSL: /usr/lib/x86_64-linux-gnu/libcrypto.so (found version "3.0.2")  
[0.672s] -- Found TinyXML2 via Config file: TinyXML2_DIR-NOTFOUND
[0.684s] -- Found FastRTPS: /opt/ros/humble/include  
[0.686s] -- Found TinyXML2 via Config file: TinyXML2_DIR-NOTFOUND
[0.693s] -- Found TinyXML2 via Config file: TinyXML2_DIR-NOTFOUND
[0.702s] -- Using RMW implementation 'rmw_fastrtps_cpp' as default
[0.711s] -- Looking for C++ include pthread.h
[0.819s] -- Looking for C++ include pthread.h - found
[0.819s] -- Performing Test CMAKE_HAVE_LIBC_PTHREAD
[0.932s] -- Performing Test CMAKE_HAVE_LIBC_PTHREAD - Success
[0.934s] -- Found Threads: TRUE  
[0.990s] -- Found kdl_parser: 2.6.4 (/opt/ros/humble/share/kdl_parser/cmake)
[1.004s] -- Found eigen3_cmake_module: 0.1.1 (/opt/ros/humble/share/eigen3_cmake_module/cmake)
[1.005s] -- Found Eigen3: TRUE (found version "3.4.0") 
[1.005s] -- Ensuring Eigen3 include directory is part of orocos-kdl CMake target
[1.011s] -- Found controller_interface: 2.49.0 (/opt/ros/humble/share/controller_interface/cmake)
[1.018s] -- Found realtime_tools: 2.12.0 (/opt/ros/humble/share/realtime_tools/cmake)
[1.055s] -- Found ament_cmake_pytest: 1.3.11 (/opt/ros/humble/share/ament_cmake_pytest/cmake)
[1.876s] -- Configuring done
[1.909s] -- Generating done
[1.916s] -- Build files have been written to: /home/ssafy/pjt8_ws/build/ros2_control_demo_example_7
[1.924s] Invoked command in '/home/ssafy/pjt8_ws/build/ros2_control_demo_example_7' returned '0': AMENT_PREFIX_PATH=/home/ssafy/pjt8_ws/install/ros2_control_demo_description:${AMENT_PREFIX_PATH} CMAKE_PREFIX_PATH=/home/ssafy/pjt8_ws/install/ros2_control_demo_description:/home/ssafy/ros2_ws/install/rs_camera:/opt/ros/humble /usr/bin/cmake /home/ssafy/pjt8_ws/src/ros2_control_demos/example_7 -DCMAKE_INSTALL_PREFIX=/home/ssafy/pjt8_ws/install/ros2_control_demo_example_7
[1.925s] Invoking command in '/home/ssafy/pjt8_ws/build/ros2_control_demo_example_7': AMENT_PREFIX_PATH=/home/ssafy/pjt8_ws/install/ros2_control_demo_description:${AMENT_PREFIX_PATH} CMAKE_PREFIX_PATH=/home/ssafy/pjt8_ws/install/ros2_control_demo_description:/home/ssafy/ros2_ws/install/rs_camera:/opt/ros/humble /usr/bin/cmake --build /home/ssafy/pjt8_ws/build/ros2_control_demo_example_7 -- -j20 -l20
[1.956s] [ 20%] [32mBuilding CXX object CMakeFiles/send_trajectory.dir/reference_generator/send_trajectory.cpp.o[0m
[1.961s] [ 40%] [32mBuilding CXX object CMakeFiles/ros2_control_demo_example_7.dir/controller/r6bot_controller.cpp.o[0m
[1.961s] [ 60%] [32mBuilding CXX object CMakeFiles/ros2_control_demo_example_7.dir/hardware/r6bot_hardware.cpp.o[0m
[6.977s] [ 80%] [32m[1mLinking CXX executable send_trajectory[0m
[7.145s] [ 80%] Built target send_trajectory
[9.225s] [100%] [32m[1mLinking CXX shared library libros2_control_demo_example_7.so[0m
[9.589s] [100%] Built target ros2_control_demo_example_7
[9.597s] Invoked command in '/home/ssafy/pjt8_ws/build/ros2_control_demo_example_7' returned '0': AMENT_PREFIX_PATH=/home/ssafy/pjt8_ws/install/ros2_control_demo_description:${AMENT_PREFIX_PATH} CMAKE_PREFIX_PATH=/home/ssafy/pjt8_ws/install/ros2_control_demo_description:/home/ssafy/ros2_ws/install/rs_camera:/opt/ros/humble /usr/bin/cmake --build /home/ssafy/pjt8_ws/build/ros2_control_demo_example_7 -- -j20 -l20
[9.599s] Invoking command in '/home/ssafy/pjt8_ws/build/ros2_control_demo_example_7': AMENT_PREFIX_PATH=/home/ssafy/pjt8_ws/install/ros2_control_demo_description:${AMENT_PREFIX_PATH} CMAKE_PREFIX_PATH=/home/ssafy/pjt8_ws/install/ros2_control_demo_description:/home/ssafy/ros2_ws/install/rs_camera:/opt/ros/humble /usr/bin/cmake --install /home/ssafy/pjt8_ws/build/ros2_control_demo_example_7
[9.605s] -- Install configuration: ""
[9.605s] -- Installing: /home/ssafy/pjt8_ws/install/ros2_control_demo_example_7/share/ros2_control_demo_example_7/ros2_control_demo_example_7.xml
[9.605s] -- Up-to-date: /home/ssafy/pjt8_ws/install/ros2_control_demo_example_7/share/ros2_control_demo_example_7/ros2_control_demo_example_7.xml
[9.605s] -- Installing: /home/ssafy/pjt8_ws/install/ros2_control_demo_example_7/include/ros2_control_demo_example_7
[9.606s] -- Installing: /home/ssafy/pjt8_ws/install/ros2_control_demo_example_7/include/ros2_control_demo_example_7/ros2_control_demo_example_7
[9.606s] -- Installing: /home/ssafy/pjt8_ws/install/ros2_control_demo_example_7/include/ros2_control_demo_example_7/ros2_control_demo_example_7/r6bot_hardware.hpp
[9.606s] -- Installing: /home/ssafy/pjt8_ws/install/ros2_control_demo_example_7/share/ros2_control_demo_example_7/launch
[9.606s] -- Installing: /home/ssafy/pjt8_ws/install/ros2_control_demo_example_7/share/ros2_control_demo_example_7/launch/view_r6bot.launch.py
[9.606s] -- Installing: /home/ssafy/pjt8_ws/install/ros2_control_demo_example_7/share/ros2_control_demo_example_7/ros2_control
[9.606s] -- Installing: /home/ssafy/pjt8_ws/install/ros2_control_demo_example_7/share/ros2_control_demo_example_7/ros2_control/r6bot.ros2_control.xacro
[9.606s] -- Installing: /home/ssafy/pjt8_ws/install/ros2_control_demo_example_7/share/ros2_control_demo_example_7/urdf
[9.606s] -- Installing: /home/ssafy/pjt8_ws/install/ros2_control_demo_example_7/share/ros2_control_demo_example_7/urdf/r6bot.urdf.xacro
[9.606s] -- Up-to-date: /home/ssafy/pjt8_ws/install/ros2_control_demo_example_7/share/ros2_control_demo_example_7/launch
[9.606s] -- Installing: /home/ssafy/pjt8_ws/install/ros2_control_demo_example_7/share/ros2_control_demo_example_7/launch/send_trajectory.launch.py
[9.606s] -- Installing: /home/ssafy/pjt8_ws/install/ros2_control_demo_example_7/share/ros2_control_demo_example_7/launch/r6bot_controller.launch.py
[9.606s] -- Installing: /home/ssafy/pjt8_ws/install/ros2_control_demo_example_7/share/ros2_control_demo_example_7/config
[9.606s] -- Installing: /home/ssafy/pjt8_ws/install/ros2_control_demo_example_7/share/ros2_control_demo_example_7/config/r6bot_controller.yaml
[9.606s] -- Installing: /home/ssafy/pjt8_ws/install/ros2_control_demo_example_7/lib/ros2_control_demo_example_7/send_trajectory
[9.606s] -- Set runtime path of "/home/ssafy/pjt8_ws/install/ros2_control_demo_example_7/lib/ros2_control_demo_example_7/send_trajectory" to ""
[9.606s] -- Installing: /home/ssafy/pjt8_ws/install/ros2_control_demo_example_7/lib/libros2_control_demo_example_7.so
[9.610s] -- Set runtime path of "/home/ssafy/pjt8_ws/install/ros2_control_demo_example_7/lib/libros2_control_demo_example_7.so" to ""
[9.610s] -- Installing: /home/ssafy/pjt8_ws/install/ros2_control_demo_example_7/share/ros2_control_demo_example_7/environment/library_path.sh
[9.610s] -- Installing: /home/ssafy/pjt8_ws/install/ros2_control_demo_example_7/share/ros2_control_demo_example_7/environment/library_path.dsv
[9.610s] -- Installing: /home/ssafy/pjt8_ws/install/ros2_control_demo_example_7/share/ament_index/resource_index/package_run_dependencies/ros2_control_demo_example_7
[9.610s] -- Installing: /home/ssafy/pjt8_ws/install/ros2_control_demo_example_7/share/ament_index/resource_index/parent_prefix_path/ros2_control_demo_example_7
[9.610s] -- Installing: /home/ssafy/pjt8_ws/install/ros2_control_demo_example_7/share/ros2_control_demo_example_7/environment/ament_prefix_path.sh
[9.610s] -- Installing: /home/ssafy/pjt8_ws/install/ros2_control_demo_example_7/share/ros2_control_demo_example_7/environment/ament_prefix_path.dsv
[9.610s] -- Installing: /home/ssafy/pjt8_ws/install/ros2_control_demo_example_7/share/ros2_control_demo_example_7/environment/path.sh
[9.610s] -- Installing: /home/ssafy/pjt8_ws/install/ros2_control_demo_example_7/share/ros2_control_demo_example_7/environment/path.dsv
[9.610s] -- Installing: /home/ssafy/pjt8_ws/install/ros2_control_demo_example_7/share/ros2_control_demo_example_7/local_setup.bash
[9.610s] -- Installing: /home/ssafy/pjt8_ws/install/ros2_control_demo_example_7/share/ros2_control_demo_example_7/local_setup.sh
[9.610s] -- Installing: /home/ssafy/pjt8_ws/install/ros2_control_demo_example_7/share/ros2_control_demo_example_7/local_setup.zsh
[9.610s] -- Installing: /home/ssafy/pjt8_ws/install/ros2_control_demo_example_7/share/ros2_control_demo_example_7/local_setup.dsv
[9.610s] -- Installing: /home/ssafy/pjt8_ws/install/ros2_control_demo_example_7/share/ros2_control_demo_example_7/package.dsv
[9.610s] -- Installing: /home/ssafy/pjt8_ws/install/ros2_control_demo_example_7/share/ament_index/resource_index/packages/ros2_control_demo_example_7
[9.610s] -- Installing: /home/ssafy/pjt8_ws/install/ros2_control_demo_example_7/share/ament_index/resource_index/hardware_interface__pluginlib__plugin/ros2_control_demo_example_7
[9.610s] -- Installing: /home/ssafy/pjt8_ws/install/ros2_control_demo_example_7/share/ament_index/resource_index/controller_interface__pluginlib__plugin/ros2_control_demo_example_7
[9.610s] -- Installing: /home/ssafy/pjt8_ws/install/ros2_control_demo_example_7/share/ros2_control_demo_example_7/cmake/export_ros2_control_demo_example_7Export.cmake
[9.610s] -- Installing: /home/ssafy/pjt8_ws/install/ros2_control_demo_example_7/share/ros2_control_demo_example_7/cmake/export_ros2_control_demo_example_7Export-noconfig.cmake
[9.610s] -- Installing: /home/ssafy/pjt8_ws/install/ros2_control_demo_example_7/share/ros2_control_demo_example_7/cmake/ament_cmake_export_targets-extras.cmake
[9.610s] -- Installing: /home/ssafy/pjt8_ws/install/ros2_control_demo_example_7/share/ros2_control_demo_example_7/cmake/ament_cmake_export_dependencies-extras.cmake
[9.610s] -- Installing: /home/ssafy/pjt8_ws/install/ros2_control_demo_example_7/share/ros2_control_demo_example_7/cmake/ros2_control_demo_example_7Config.cmake
[9.611s] -- Installing: /home/ssafy/pjt8_ws/install/ros2_control_demo_example_7/share/ros2_control_demo_example_7/cmake/ros2_control_demo_example_7Config-version.cmake
[9.611s] -- Installing: /home/ssafy/pjt8_ws/install/ros2_control_demo_example_7/share/ros2_control_demo_example_7/package.xml
[9.612s] Invoked command in '/home/ssafy/pjt8_ws/build/ros2_control_demo_example_7' returned '0': AMENT_PREFIX_PATH=/home/ssafy/pjt8_ws/install/ros2_control_demo_description:${AMENT_PREFIX_PATH} CMAKE_PREFIX_PATH=/home/ssafy/pjt8_ws/install/ros2_control_demo_description:/home/ssafy/ros2_ws/install/rs_camera:/opt/ros/humble /usr/bin/cmake --install /home/ssafy/pjt8_ws/build/ros2_control_demo_example_7
