[0.037s] Invoking command in '/home/ssafy/pjt8_ws/build/ros2_control_demo_example_12': AMENT_PREFIX_PATH=/home/ssafy/pjt8_ws/install/ros2_control_demo_description:${AMENT_PREFIX_PATH} CMAKE_PREFIX_PATH=/home/ssafy/pjt8_ws/install/ros2_control_demo_description:/home/ssafy/ros2_ws/install/rs_camera:/opt/ros/humble /usr/bin/cmake /home/ssafy/pjt8_ws/src/ros2_control_demos/example_12 -DCMAKE_INSTALL_PREFIX=/home/ssafy/pjt8_ws/install/ros2_control_demo_example_12
[0.130s] -- The CXX compiler identification is GNU 11.4.0
[0.135s] -- Detecting CXX compiler ABI info
[0.185s] -- Detecting CXX compiler ABI info - done
[0.191s] -- Check for working CXX compiler: /usr/bin/c++ - skipped
[0.191s] -- Detecting CXX compile features
[0.191s] -- Detecting CXX compile features - done
[0.195s] -- Found ament_cmake: 1.3.11 (/opt/ros/humble/share/ament_cmake/cmake)
[0.338s] -- Found Python3: /usr/bin/python3 (found version "3.10.12") found components: Interpreter 
[0.421s] -- Found hardware_interface: 2.49.0 (/opt/ros/humble/share/hardware_interface/cmake)
[0.445s] -- Found rosidl_generator_c: 3.1.6 (/opt/ros/humble/share/rosidl_generator_c/cmake)
[0.448s] -- Found rosidl_adapter: 3.1.6 (/opt/ros/humble/share/rosidl_adapter/cmake)
[0.453s] -- Found rosidl_generator_cpp: 3.1.6 (/opt/ros/humble/share/rosidl_generator_cpp/cmake)
[0.463s] -- Using all available rosidl_typesupport_c: rosidl_typesupport_fastrtps_c;rosidl_typesupport_introspection_c
[0.480s] -- Using all available rosidl_typesupport_cpp: rosidl_typesupport_fastrtps_cpp;rosidl_typesupport_introspection_cpp
[0.623s] -- Found rmw_implementation_cmake: 6.1.2 (/opt/ros/humble/share/rmw_implementation_cmake/cmake)
[0.624s] -- Found rmw_fastrtps_cpp: 6.2.7 (/opt/ros/humble/share/rmw_fastrtps_cpp/cmake)
[0.646s] -- Found TinyXML2 via Config file: TinyXML2_DIR-NOTFOUND
[0.681s] -- Found OpenSSL: /usr/lib/x86_64-linux-gnu/libcrypto.so (found version "3.0.2")  
[0.683s] -- Found TinyXML2 via Config file: TinyXML2_DIR-NOTFOUND
[0.694s] -- Found FastRTPS: /opt/ros/humble/include  
[0.696s] -- Found TinyXML2 via Config file: TinyXML2_DIR-NOTFOUND
[0.705s] -- Found TinyXML2 via Config file: TinyXML2_DIR-NOTFOUND
[0.712s] -- Using RMW implementation 'rmw_fastrtps_cpp' as default
[0.720s] -- Looking for C++ include pthread.h
[0.816s] -- Looking for C++ include pthread.h - found
[0.817s] -- Performing Test CMAKE_HAVE_LIBC_PTHREAD
[0.913s] -- Performing Test CMAKE_HAVE_LIBC_PTHREAD - Success
[0.914s] -- Found Threads: TRUE  
[0.962s] -- Found generate_parameter_library: 0.4.0 (/opt/ros/humble/share/generate_parameter_library/cmake)
[0.964s] -- Found parameter_traits: 0.4.0 (/opt/ros/humble/share/parameter_traits/cmake)
[0.985s] -- Found controller_interface: 2.49.0 (/opt/ros/humble/share/controller_interface/cmake)
[0.993s] -- Found realtime_tools: 2.12.0 (/opt/ros/humble/share/realtime_tools/cmake)
[1.046s] -- Found ament_cmake_pytest: 1.3.11 (/opt/ros/humble/share/ament_cmake_pytest/cmake)
[1.868s] -- Configuring done
[1.940s] -- Generating done
[1.950s] -- Build files have been written to: /home/ssafy/pjt8_ws/build/ros2_control_demo_example_12
[1.963s] Invoked command in '/home/ssafy/pjt8_ws/build/ros2_control_demo_example_12' returned '0': AMENT_PREFIX_PATH=/home/ssafy/pjt8_ws/install/ros2_control_demo_description:${AMENT_PREFIX_PATH} CMAKE_PREFIX_PATH=/home/ssafy/pjt8_ws/install/ros2_control_demo_description:/home/ssafy/ros2_ws/install/rs_camera:/opt/ros/humble /usr/bin/cmake /home/ssafy/pjt8_ws/src/ros2_control_demos/example_12 -DCMAKE_INSTALL_PREFIX=/home/ssafy/pjt8_ws/install/ros2_control_demo_example_12
[1.965s] Invoking command in '/home/ssafy/pjt8_ws/build/ros2_control_demo_example_12': AMENT_PREFIX_PATH=/home/ssafy/pjt8_ws/install/ros2_control_demo_description:${AMENT_PREFIX_PATH} CMAKE_PREFIX_PATH=/home/ssafy/pjt8_ws/install/ros2_control_demo_description:/home/ssafy/ros2_ws/install/rs_camera:/opt/ros/humble /usr/bin/cmake --build /home/ssafy/pjt8_ws/build/ros2_control_demo_example_12 -- -j20 -l20
[2.091s] [ 16%] [34m[1mRunning `/opt/ros/humble/bin/generate_parameter_library_cpp /home/ssafy/pjt8_ws/build/ros2_control_demo_example_12/include/ros2_control_demo_example_12/passthrough_controller_parameters.hpp /home/ssafy/pjt8_ws/src/ros2_control_demos/example_12/controllers/src/passthrough_controller_parameters.yaml `[0m
[2.091s] [ 33%] [32mBuilding CXX object CMakeFiles/ros2_control_demo_example_12.dir/hardware/rrbot.cpp.o[0m
[2.128s] [ 50%] [34m[1mCreating deprecated header file /home/ssafy/pjt8_ws/build/ros2_control_demo_example_12/include/passthrough_controller_parameters.hpp[0m
[2.167s] [ 50%] Built target passthrough_controller_parameters
[2.185s] [ 66%] [32mBuilding CXX object CMakeFiles/passthrough_controller.dir/controllers/src/passthrough_controller.cpp.o[0m
[6.562s] [ 83%] [32m[1mLinking CXX shared library libros2_control_demo_example_12.so[0m
[6.737s] [ 83%] Built target ros2_control_demo_example_12
[10.035s] [100%] [32m[1mLinking CXX shared library libpassthrough_controller.so[0m
[10.382s] [100%] Built target passthrough_controller
[10.397s] Invoked command in '/home/ssafy/pjt8_ws/build/ros2_control_demo_example_12' returned '0': AMENT_PREFIX_PATH=/home/ssafy/pjt8_ws/install/ros2_control_demo_description:${AMENT_PREFIX_PATH} CMAKE_PREFIX_PATH=/home/ssafy/pjt8_ws/install/ros2_control_demo_description:/home/ssafy/ros2_ws/install/rs_camera:/opt/ros/humble /usr/bin/cmake --build /home/ssafy/pjt8_ws/build/ros2_control_demo_example_12 -- -j20 -l20
[10.398s] Invoking command in '/home/ssafy/pjt8_ws/build/ros2_control_demo_example_12': AMENT_PREFIX_PATH=/home/ssafy/pjt8_ws/install/ros2_control_demo_description:${AMENT_PREFIX_PATH} CMAKE_PREFIX_PATH=/home/ssafy/pjt8_ws/install/ros2_control_demo_description:/home/ssafy/ros2_ws/install/rs_camera:/opt/ros/humble /usr/bin/cmake --install /home/ssafy/pjt8_ws/build/ros2_control_demo_example_12
[10.407s] -- Install configuration: ""
[10.407s] -- Installing: /home/ssafy/pjt8_ws/install/ros2_control_demo_example_12/share/ros2_control_demo_example_12/ros2_control_demo_example_12.xml
[10.408s] -- Installing: /home/ssafy/pjt8_ws/install/ros2_control_demo_example_12/include/ros2_control_demo_example_12
[10.408s] -- Installing: /home/ssafy/pjt8_ws/install/ros2_control_demo_example_12/include/ros2_control_demo_example_12/passthrough_controller_parameters.hpp
[10.408s] -- Installing: /home/ssafy/pjt8_ws/install/ros2_control_demo_example_12/share/ros2_control_demo_example_12/passthrough_controller.xml
[10.408s] -- Up-to-date: /home/ssafy/pjt8_ws/install/ros2_control_demo_example_12/include/ros2_control_demo_example_12
[10.408s] -- Installing: /home/ssafy/pjt8_ws/install/ros2_control_demo_example_12/include/ros2_control_demo_example_12/ros2_control_demo_example_12
[10.408s] -- Installing: /home/ssafy/pjt8_ws/install/ros2_control_demo_example_12/include/ros2_control_demo_example_12/ros2_control_demo_example_12/rrbot.hpp
[10.408s] -- Installing: /home/ssafy/pjt8_ws/install/ros2_control_demo_example_12/share/ros2_control_demo_example_12/launch
[10.408s] -- Installing: /home/ssafy/pjt8_ws/install/ros2_control_demo_example_12/share/ros2_control_demo_example_12/launch/view_robot.launch.py
[10.408s] -- Installing: /home/ssafy/pjt8_ws/install/ros2_control_demo_example_12/share/ros2_control_demo_example_12/ros2_control
[10.408s] -- Installing: /home/ssafy/pjt8_ws/install/ros2_control_demo_example_12/share/ros2_control_demo_example_12/ros2_control/rrbot.ros2_control.xacro
[10.408s] -- Installing: /home/ssafy/pjt8_ws/install/ros2_control_demo_example_12/share/ros2_control_demo_example_12/urdf
[10.409s] -- Installing: /home/ssafy/pjt8_ws/install/ros2_control_demo_example_12/share/ros2_control_demo_example_12/urdf/rrbot.urdf.xacro
[10.409s] -- Up-to-date: /home/ssafy/pjt8_ws/install/ros2_control_demo_example_12/share/ros2_control_demo_example_12/launch
[10.409s] -- Installing: /home/ssafy/pjt8_ws/install/ros2_control_demo_example_12/share/ros2_control_demo_example_12/launch/rrbot.launch.py
[10.409s] -- Installing: /home/ssafy/pjt8_ws/install/ros2_control_demo_example_12/share/ros2_control_demo_example_12/launch/launch_chained_controllers.launch.py
[10.409s] -- Installing: /home/ssafy/pjt8_ws/install/ros2_control_demo_example_12/share/ros2_control_demo_example_12/config
[10.409s] -- Installing: /home/ssafy/pjt8_ws/install/ros2_control_demo_example_12/share/ros2_control_demo_example_12/config/rrbot_chained_controllers.yaml
[10.409s] -- Installing: /home/ssafy/pjt8_ws/install/ros2_control_demo_example_12/lib/libros2_control_demo_example_12.so
[10.410s] -- Set runtime path of "/home/ssafy/pjt8_ws/install/ros2_control_demo_example_12/lib/libros2_control_demo_example_12.so" to ""
[10.410s] -- Installing: /home/ssafy/pjt8_ws/install/ros2_control_demo_example_12/include/passthrough_controller
[10.410s] -- Installing: /home/ssafy/pjt8_ws/install/ros2_control_demo_example_12/include/passthrough_controller/passthrough_controller
[10.410s] -- Installing: /home/ssafy/pjt8_ws/install/ros2_control_demo_example_12/include/passthrough_controller/passthrough_controller/passthrough_controller.hpp
[10.410s] -- Installing: /home/ssafy/pjt8_ws/install/ros2_control_demo_example_12/lib/libpassthrough_controller.so
[10.416s] -- Set runtime path of "/home/ssafy/pjt8_ws/install/ros2_control_demo_example_12/lib/libpassthrough_controller.so" to ""
[10.416s] -- Installing: /home/ssafy/pjt8_ws/install/ros2_control_demo_example_12/share/ros2_control_demo_example_12/environment/library_path.sh
[10.416s] -- Installing: /home/ssafy/pjt8_ws/install/ros2_control_demo_example_12/share/ros2_control_demo_example_12/environment/library_path.dsv
[10.416s] -- Installing: /home/ssafy/pjt8_ws/install/ros2_control_demo_example_12/share/ament_index/resource_index/package_run_dependencies/ros2_control_demo_example_12
[10.416s] -- Installing: /home/ssafy/pjt8_ws/install/ros2_control_demo_example_12/share/ament_index/resource_index/parent_prefix_path/ros2_control_demo_example_12
[10.416s] -- Installing: /home/ssafy/pjt8_ws/install/ros2_control_demo_example_12/share/ros2_control_demo_example_12/environment/ament_prefix_path.sh
[10.416s] -- Installing: /home/ssafy/pjt8_ws/install/ros2_control_demo_example_12/share/ros2_control_demo_example_12/environment/ament_prefix_path.dsv
[10.416s] -- Installing: /home/ssafy/pjt8_ws/install/ros2_control_demo_example_12/share/ros2_control_demo_example_12/environment/path.sh
[10.416s] -- Installing: /home/ssafy/pjt8_ws/install/ros2_control_demo_example_12/share/ros2_control_demo_example_12/environment/path.dsv
[10.416s] -- Installing: /home/ssafy/pjt8_ws/install/ros2_control_demo_example_12/share/ros2_control_demo_example_12/local_setup.bash
[10.416s] -- Installing: /home/ssafy/pjt8_ws/install/ros2_control_demo_example_12/share/ros2_control_demo_example_12/local_setup.sh
[10.417s] -- Installing: /home/ssafy/pjt8_ws/install/ros2_control_demo_example_12/share/ros2_control_demo_example_12/local_setup.zsh
[10.417s] -- Installing: /home/ssafy/pjt8_ws/install/ros2_control_demo_example_12/share/ros2_control_demo_example_12/local_setup.dsv
[10.417s] -- Installing: /home/ssafy/pjt8_ws/install/ros2_control_demo_example_12/share/ros2_control_demo_example_12/package.dsv
[10.417s] -- Installing: /home/ssafy/pjt8_ws/install/ros2_control_demo_example_12/share/ament_index/resource_index/packages/ros2_control_demo_example_12
[10.417s] -- Installing: /home/ssafy/pjt8_ws/install/ros2_control_demo_example_12/share/ament_index/resource_index/hardware_interface__pluginlib__plugin/ros2_control_demo_example_12
[10.417s] -- Installing: /home/ssafy/pjt8_ws/install/ros2_control_demo_example_12/share/ament_index/resource_index/controller_interface__pluginlib__plugin/ros2_control_demo_example_12
[10.417s] -- Installing: /home/ssafy/pjt8_ws/install/ros2_control_demo_example_12/share/ros2_control_demo_example_12/cmake/export_passthrough_controllerExport.cmake
[10.418s] -- Installing: /home/ssafy/pjt8_ws/install/ros2_control_demo_example_12/share/ros2_control_demo_example_12/cmake/export_passthrough_controllerExport-noconfig.cmake
[10.418s] -- Installing: /home/ssafy/pjt8_ws/install/ros2_control_demo_example_12/share/ros2_control_demo_example_12/cmake/export_ros2_control_demo_example_12Export.cmake
[10.418s] -- Installing: /home/ssafy/pjt8_ws/install/ros2_control_demo_example_12/share/ros2_control_demo_example_12/cmake/export_ros2_control_demo_example_12Export-noconfig.cmake
[10.418s] -- Installing: /home/ssafy/pjt8_ws/install/ros2_control_demo_example_12/share/ros2_control_demo_example_12/cmake/ament_cmake_export_dependencies-extras.cmake
[10.418s] -- Installing: /home/ssafy/pjt8_ws/install/ros2_control_demo_example_12/share/ros2_control_demo_example_12/cmake/ament_cmake_export_targets-extras.cmake
[10.418s] -- Installing: /home/ssafy/pjt8_ws/install/ros2_control_demo_example_12/share/ros2_control_demo_example_12/cmake/ros2_control_demo_example_12Config.cmake
[10.418s] -- Installing: /home/ssafy/pjt8_ws/install/ros2_control_demo_example_12/share/ros2_control_demo_example_12/cmake/ros2_control_demo_example_12Config-version.cmake
[10.418s] -- Installing: /home/ssafy/pjt8_ws/install/ros2_control_demo_example_12/share/ros2_control_demo_example_12/package.xml
[10.420s] Invoked command in '/home/ssafy/pjt8_ws/build/ros2_control_demo_example_12' returned '0': AMENT_PREFIX_PATH=/home/ssafy/pjt8_ws/install/ros2_control_demo_description:${AMENT_PREFIX_PATH} CMAKE_PREFIX_PATH=/home/ssafy/pjt8_ws/install/ros2_control_demo_description:/home/ssafy/ros2_ws/install/rs_camera:/opt/ros/humble /usr/bin/cmake --install /home/ssafy/pjt8_ws/build/ros2_control_demo_example_12
