[0.036s] Invoking command in '/home/ssafy/pjt8_ws/build/ros2_control_demo_example_11': AMENT_PREFIX_PATH=/home/ssafy/pjt8_ws/install/ros2_control_demo_description:${AMENT_PREFIX_PATH} CMAKE_PREFIX_PATH=/home/ssafy/pjt8_ws/install/ros2_control_demo_description:/home/ssafy/ros2_ws/install/rs_camera:/opt/ros/humble /usr/bin/cmake /home/ssafy/pjt8_ws/src/ros2_control_demos/example_11 -DCMAKE_INSTALL_PREFIX=/home/ssafy/pjt8_ws/install/ros2_control_demo_example_11
[0.123s] -- The CXX compiler identification is GNU 11.4.0
[0.131s] -- Detecting CXX compiler ABI info
[0.188s] -- Detecting CXX compiler ABI info - done
[0.197s] -- Check for working CXX compiler: /usr/bin/c++ - skipped
[0.197s] -- Detecting CXX compile features
[0.197s] -- Detecting CXX compile features - done
[0.202s] -- Found ament_cmake: 1.3.11 (/opt/ros/humble/share/ament_cmake/cmake)
[0.329s] -- Found Python3: /usr/bin/python3 (found version "3.10.12") found components: Interpreter 
[0.391s] -- Found hardware_interface: 2.49.0 (/opt/ros/humble/share/hardware_interface/cmake)
[0.441s] -- Found rosidl_generator_c: 3.1.6 (/opt/ros/humble/share/rosidl_generator_c/cmake)
[0.446s] -- Found rosidl_adapter: 3.1.6 (/opt/ros/humble/share/rosidl_adapter/cmake)
[0.453s] -- Found rosidl_generator_cpp: 3.1.6 (/opt/ros/humble/share/rosidl_generator_cpp/cmake)
[0.465s] -- Using all available rosidl_typesupport_c: rosidl_typesupport_fastrtps_c;rosidl_typesupport_introspection_c
[0.477s] -- Using all available rosidl_typesupport_cpp: rosidl_typesupport_fastrtps_cpp;rosidl_typesupport_introspection_cpp
[0.666s] -- Found rmw_implementation_cmake: 6.1.2 (/opt/ros/humble/share/rmw_implementation_cmake/cmake)
[0.667s] -- Found rmw_fastrtps_cpp: 6.2.7 (/opt/ros/humble/share/rmw_fastrtps_cpp/cmake)
[0.683s] -- Found TinyXML2 via Config file: TinyXML2_DIR-NOTFOUND
[0.717s] -- Found OpenSSL: /usr/lib/x86_64-linux-gnu/libcrypto.so (found version "3.0.2")  
[0.721s] -- Found TinyXML2 via Config file: TinyXML2_DIR-NOTFOUND
[0.733s] -- Found FastRTPS: /opt/ros/humble/include  
[0.735s] -- Found TinyXML2 via Config file: TinyXML2_DIR-NOTFOUND
[0.742s] -- Found TinyXML2 via Config file: TinyXML2_DIR-NOTFOUND
[0.750s] -- Using RMW implementation 'rmw_fastrtps_cpp' as default
[0.755s] -- Looking for C++ include pthread.h
[0.841s] -- Looking for C++ include pthread.h - found
[0.841s] -- Performing Test CMAKE_HAVE_LIBC_PTHREAD
[0.954s] -- Performing Test CMAKE_HAVE_LIBC_PTHREAD - Success
[0.955s] -- Found Threads: TRUE  
[1.018s] -- Found ament_cmake_pytest: 1.3.11 (/opt/ros/humble/share/ament_cmake_pytest/cmake)
[2.469s] -- Configuring done
[2.484s] -- Generating done
[2.487s] -- Build files have been written to: /home/ssafy/pjt8_ws/build/ros2_control_demo_example_11
[2.503s] Invoked command in '/home/ssafy/pjt8_ws/build/ros2_control_demo_example_11' returned '0': AMENT_PREFIX_PATH=/home/ssafy/pjt8_ws/install/ros2_control_demo_description:${AMENT_PREFIX_PATH} CMAKE_PREFIX_PATH=/home/ssafy/pjt8_ws/install/ros2_control_demo_description:/home/ssafy/ros2_ws/install/rs_camera:/opt/ros/humble /usr/bin/cmake /home/ssafy/pjt8_ws/src/ros2_control_demos/example_11 -DCMAKE_INSTALL_PREFIX=/home/ssafy/pjt8_ws/install/ros2_control_demo_example_11
[2.504s] Invoking command in '/home/ssafy/pjt8_ws/build/ros2_control_demo_example_11': AMENT_PREFIX_PATH=/home/ssafy/pjt8_ws/install/ros2_control_demo_description:${AMENT_PREFIX_PATH} CMAKE_PREFIX_PATH=/home/ssafy/pjt8_ws/install/ros2_control_demo_description:/home/ssafy/ros2_ws/install/rs_camera:/opt/ros/humble /usr/bin/cmake --build /home/ssafy/pjt8_ws/build/ros2_control_demo_example_11 -- -j20 -l20
[2.695s] [ 50%] [32mBuilding CXX object CMakeFiles/ros2_control_demo_example_11.dir/hardware/carlikebot_system.cpp.o[0m
[6.270s] [100%] [32m[1mLinking CXX shared library libros2_control_demo_example_11.so[0m
[6.456s] [100%] Built target ros2_control_demo_example_11
[6.464s] Invoked command in '/home/ssafy/pjt8_ws/build/ros2_control_demo_example_11' returned '0': AMENT_PREFIX_PATH=/home/ssafy/pjt8_ws/install/ros2_control_demo_description:${AMENT_PREFIX_PATH} CMAKE_PREFIX_PATH=/home/ssafy/pjt8_ws/install/ros2_control_demo_description:/home/ssafy/ros2_ws/install/rs_camera:/opt/ros/humble /usr/bin/cmake --build /home/ssafy/pjt8_ws/build/ros2_control_demo_example_11 -- -j20 -l20
[6.466s] Invoking command in '/home/ssafy/pjt8_ws/build/ros2_control_demo_example_11': AMENT_PREFIX_PATH=/home/ssafy/pjt8_ws/install/ros2_control_demo_description:${AMENT_PREFIX_PATH} CMAKE_PREFIX_PATH=/home/ssafy/pjt8_ws/install/ros2_control_demo_description:/home/ssafy/ros2_ws/install/rs_camera:/opt/ros/humble /usr/bin/cmake --install /home/ssafy/pjt8_ws/build/ros2_control_demo_example_11
[6.471s] -- Install configuration: ""
[6.471s] -- Installing: /home/ssafy/pjt8_ws/install/ros2_control_demo_example_11/share/ros2_control_demo_example_11/ros2_control_demo_example_11.xml
[6.471s] -- Installing: /home/ssafy/pjt8_ws/install/ros2_control_demo_example_11/include/ros2_control_demo_example_11
[6.471s] -- Installing: /home/ssafy/pjt8_ws/install/ros2_control_demo_example_11/include/ros2_control_demo_example_11/ros2_control_demo_example_11
[6.471s] -- Installing: /home/ssafy/pjt8_ws/install/ros2_control_demo_example_11/include/ros2_control_demo_example_11/ros2_control_demo_example_11/carlikebot_system.hpp
[6.471s] -- Installing: /home/ssafy/pjt8_ws/install/ros2_control_demo_example_11/share/ros2_control_demo_example_11/launch
[6.472s] -- Installing: /home/ssafy/pjt8_ws/install/ros2_control_demo_example_11/share/ros2_control_demo_example_11/launch/view_robot.launch.py
[6.472s] -- Installing: /home/ssafy/pjt8_ws/install/ros2_control_demo_example_11/share/ros2_control_demo_example_11/ros2_control
[6.472s] -- Installing: /home/ssafy/pjt8_ws/install/ros2_control_demo_example_11/share/ros2_control_demo_example_11/ros2_control/carlikebot.ros2_control.xacro
[6.472s] -- Installing: /home/ssafy/pjt8_ws/install/ros2_control_demo_example_11/share/ros2_control_demo_example_11/urdf
[6.472s] -- Installing: /home/ssafy/pjt8_ws/install/ros2_control_demo_example_11/share/ros2_control_demo_example_11/urdf/carlikebot.urdf.xacro
[6.472s] -- Up-to-date: /home/ssafy/pjt8_ws/install/ros2_control_demo_example_11/share/ros2_control_demo_example_11/launch
[6.472s] -- Installing: /home/ssafy/pjt8_ws/install/ros2_control_demo_example_11/share/ros2_control_demo_example_11/launch/carlikebot.launch.py
[6.472s] -- Installing: /home/ssafy/pjt8_ws/install/ros2_control_demo_example_11/share/ros2_control_demo_example_11/config
[6.472s] -- Installing: /home/ssafy/pjt8_ws/install/ros2_control_demo_example_11/share/ros2_control_demo_example_11/config/carlikebot_controllers.yaml
[6.472s] -- Installing: /home/ssafy/pjt8_ws/install/ros2_control_demo_example_11/lib/libros2_control_demo_example_11.so
[6.473s] -- Set runtime path of "/home/ssafy/pjt8_ws/install/ros2_control_demo_example_11/lib/libros2_control_demo_example_11.so" to ""
[6.473s] -- Installing: /home/ssafy/pjt8_ws/install/ros2_control_demo_example_11/share/ros2_control_demo_example_11/environment/library_path.sh
[6.473s] -- Installing: /home/ssafy/pjt8_ws/install/ros2_control_demo_example_11/share/ros2_control_demo_example_11/environment/library_path.dsv
[6.473s] -- Installing: /home/ssafy/pjt8_ws/install/ros2_control_demo_example_11/share/ament_index/resource_index/package_run_dependencies/ros2_control_demo_example_11
[6.473s] -- Installing: /home/ssafy/pjt8_ws/install/ros2_control_demo_example_11/share/ament_index/resource_index/parent_prefix_path/ros2_control_demo_example_11
[6.473s] -- Installing: /home/ssafy/pjt8_ws/install/ros2_control_demo_example_11/share/ros2_control_demo_example_11/environment/ament_prefix_path.sh
[6.473s] -- Installing: /home/ssafy/pjt8_ws/install/ros2_control_demo_example_11/share/ros2_control_demo_example_11/environment/ament_prefix_path.dsv
[6.473s] -- Installing: /home/ssafy/pjt8_ws/install/ros2_control_demo_example_11/share/ros2_control_demo_example_11/environment/path.sh
[6.473s] -- Installing: /home/ssafy/pjt8_ws/install/ros2_control_demo_example_11/share/ros2_control_demo_example_11/environment/path.dsv
[6.473s] -- Installing: /home/ssafy/pjt8_ws/install/ros2_control_demo_example_11/share/ros2_control_demo_example_11/local_setup.bash
[6.473s] -- Installing: /home/ssafy/pjt8_ws/install/ros2_control_demo_example_11/share/ros2_control_demo_example_11/local_setup.sh
[6.473s] -- Installing: /home/ssafy/pjt8_ws/install/ros2_control_demo_example_11/share/ros2_control_demo_example_11/local_setup.zsh
[6.474s] -- Installing: /home/ssafy/pjt8_ws/install/ros2_control_demo_example_11/share/ros2_control_demo_example_11/local_setup.dsv
[6.474s] -- Installing: /home/ssafy/pjt8_ws/install/ros2_control_demo_example_11/share/ros2_control_demo_example_11/package.dsv
[6.474s] -- Installing: /home/ssafy/pjt8_ws/install/ros2_control_demo_example_11/share/ament_index/resource_index/packages/ros2_control_demo_example_11
[6.474s] -- Installing: /home/ssafy/pjt8_ws/install/ros2_control_demo_example_11/share/ament_index/resource_index/hardware_interface__pluginlib__plugin/ros2_control_demo_example_11
[6.474s] -- Installing: /home/ssafy/pjt8_ws/install/ros2_control_demo_example_11/share/ros2_control_demo_example_11/cmake/export_ros2_control_demo_example_11Export.cmake
[6.474s] -- Installing: /home/ssafy/pjt8_ws/install/ros2_control_demo_example_11/share/ros2_control_demo_example_11/cmake/export_ros2_control_demo_example_11Export-noconfig.cmake
[6.474s] -- Installing: /home/ssafy/pjt8_ws/install/ros2_control_demo_example_11/share/ros2_control_demo_example_11/cmake/ament_cmake_export_targets-extras.cmake
[6.474s] -- Installing: /home/ssafy/pjt8_ws/install/ros2_control_demo_example_11/share/ros2_control_demo_example_11/cmake/ament_cmake_export_dependencies-extras.cmake
[6.474s] -- Installing: /home/ssafy/pjt8_ws/install/ros2_control_demo_example_11/share/ros2_control_demo_example_11/cmake/ros2_control_demo_example_11Config.cmake
[6.474s] -- Installing: /home/ssafy/pjt8_ws/install/ros2_control_demo_example_11/share/ros2_control_demo_example_11/cmake/ros2_control_demo_example_11Config-version.cmake
[6.474s] -- Installing: /home/ssafy/pjt8_ws/install/ros2_control_demo_example_11/share/ros2_control_demo_example_11/package.xml
[6.476s] Invoked command in '/home/ssafy/pjt8_ws/build/ros2_control_demo_example_11' returned '0': AMENT_PREFIX_PATH=/home/ssafy/pjt8_ws/install/ros2_control_demo_description:${AMENT_PREFIX_PATH} CMAKE_PREFIX_PATH=/home/ssafy/pjt8_ws/install/ros2_control_demo_description:/home/ssafy/ros2_ws/install/rs_camera:/opt/ros/humble /usr/bin/cmake --install /home/ssafy/pjt8_ws/build/ros2_control_demo_example_11
