[0.036s] Invoking command in '/home/ssafy/pjt8_ws/build/ros2_control_demo_example_11': CMAKE_PREFIX_PATH=/home/ssafy/pjt8_ws/install/ros2_control_demo_description:/home/ssafy/pjt8_ws/install/ros2_control_demos:/home/ssafy/pjt8_ws/install/ros2_control_demo_example_9:/home/ssafy/pjt8_ws/install/ros2_control_demo_example_8:/home/ssafy/pjt8_ws/install/ros2_control_demo_example_7:/home/ssafy/pjt8_ws/install/ros2_control_demo_example_6:/home/ssafy/pjt8_ws/install/ros2_control_demo_example_15:/home/ssafy/pjt8_ws/install/ros2_control_demo_example_13:/home/ssafy/pjt8_ws/install/ros2_control_demo_example_5:/home/ssafy/pjt8_ws/install/ros2_control_demo_example_4:/home/ssafy/pjt8_ws/install/ros2_control_demo_example_3:/home/ssafy/pjt8_ws/install/ros2_control_demo_example_2:/home/ssafy/pjt8_ws/install/ros2_control_demo_example_14:/home/ssafy/pjt8_ws/install/ros2_control_demo_example_12:/home/ssafy/pjt8_ws/install/ros2_control_demo_example_11:/home/ssafy/pjt8_ws/install/ros2_control_demo_example_10:/home/ssafy/pjt8_ws/install/ros2_control_demo_example_1:/opt/ros/humble /usr/bin/cmake --build /home/ssafy/pjt8_ws/build/ros2_control_demo_example_11 -- -j20 -l20
[0.077s] [35m[1mConsolidate compiler generated dependencies of target ros2_control_demo_example_11[0m
[0.092s] [100%] Built target ros2_control_demo_example_11
[0.147s] Invoked command in '/home/ssafy/pjt8_ws/build/ros2_control_demo_example_11' returned '0': CMAKE_PREFIX_PATH=/home/ssafy/pjt8_ws/install/ros2_control_demo_description:/home/ssafy/pjt8_ws/install/ros2_control_demos:/home/ssafy/pjt8_ws/install/ros2_control_demo_example_9:/home/ssafy/pjt8_ws/install/ros2_control_demo_example_8:/home/ssafy/pjt8_ws/install/ros2_control_demo_example_7:/home/ssafy/pjt8_ws/install/ros2_control_demo_example_6:/home/ssafy/pjt8_ws/install/ros2_control_demo_example_15:/home/ssafy/pjt8_ws/install/ros2_control_demo_example_13:/home/ssafy/pjt8_ws/install/ros2_control_demo_example_5:/home/ssafy/pjt8_ws/install/ros2_control_demo_example_4:/home/ssafy/pjt8_ws/install/ros2_control_demo_example_3:/home/ssafy/pjt8_ws/install/ros2_control_demo_example_2:/home/ssafy/pjt8_ws/install/ros2_control_demo_example_14:/home/ssafy/pjt8_ws/install/ros2_control_demo_example_12:/home/ssafy/pjt8_ws/install/ros2_control_demo_example_11:/home/ssafy/pjt8_ws/install/ros2_control_demo_example_10:/home/ssafy/pjt8_ws/install/ros2_control_demo_example_1:/opt/ros/humble /usr/bin/cmake --build /home/ssafy/pjt8_ws/build/ros2_control_demo_example_11 -- -j20 -l20
[0.147s] Invoking command in '/home/ssafy/pjt8_ws/build/ros2_control_demo_example_11': CMAKE_PREFIX_PATH=/home/ssafy/pjt8_ws/install/ros2_control_demo_description:/home/ssafy/pjt8_ws/install/ros2_control_demos:/home/ssafy/pjt8_ws/install/ros2_control_demo_example_9:/home/ssafy/pjt8_ws/install/ros2_control_demo_example_8:/home/ssafy/pjt8_ws/install/ros2_control_demo_example_7:/home/ssafy/pjt8_ws/install/ros2_control_demo_example_6:/home/ssafy/pjt8_ws/install/ros2_control_demo_example_15:/home/ssafy/pjt8_ws/install/ros2_control_demo_example_13:/home/ssafy/pjt8_ws/install/ros2_control_demo_example_5:/home/ssafy/pjt8_ws/install/ros2_control_demo_example_4:/home/ssafy/pjt8_ws/install/ros2_control_demo_example_3:/home/ssafy/pjt8_ws/install/ros2_control_demo_example_2:/home/ssafy/pjt8_ws/install/ros2_control_demo_example_14:/home/ssafy/pjt8_ws/install/ros2_control_demo_example_12:/home/ssafy/pjt8_ws/install/ros2_control_demo_example_11:/home/ssafy/pjt8_ws/install/ros2_control_demo_example_10:/home/ssafy/pjt8_ws/install/ros2_control_demo_example_1:/opt/ros/humble /usr/bin/cmake --install /home/ssafy/pjt8_ws/build/ros2_control_demo_example_11
[0.175s] -- Install configuration: ""
[0.175s] -- Up-to-date: /home/ssafy/pjt8_ws/install/ros2_control_demo_example_11/share/ros2_control_demo_example_11/ros2_control_demo_example_11.xml
[0.175s] -- Up-to-date: /home/ssafy/pjt8_ws/install/ros2_control_demo_example_11/include/ros2_control_demo_example_11
[0.175s] -- Up-to-date: /home/ssafy/pjt8_ws/install/ros2_control_demo_example_11/include/ros2_control_demo_example_11/ros2_control_demo_example_11
[0.176s] -- Up-to-date: /home/ssafy/pjt8_ws/install/ros2_control_demo_example_11/include/ros2_control_demo_example_11/ros2_control_demo_example_11/carlikebot_system.hpp
[0.176s] -- Up-to-date: /home/ssafy/pjt8_ws/install/ros2_control_demo_example_11/share/ros2_control_demo_example_11/launch
[0.176s] -- Up-to-date: /home/ssafy/pjt8_ws/install/ros2_control_demo_example_11/share/ros2_control_demo_example_11/launch/view_robot.launch.py
[0.176s] -- Up-to-date: /home/ssafy/pjt8_ws/install/ros2_control_demo_example_11/share/ros2_control_demo_example_11/ros2_control
[0.176s] -- Up-to-date: /home/ssafy/pjt8_ws/install/ros2_control_demo_example_11/share/ros2_control_demo_example_11/ros2_control/carlikebot.ros2_control.xacro
[0.176s] -- Up-to-date: /home/ssafy/pjt8_ws/install/ros2_control_demo_example_11/share/ros2_control_demo_example_11/urdf
[0.176s] -- Up-to-date: /home/ssafy/pjt8_ws/install/ros2_control_demo_example_11/share/ros2_control_demo_example_11/urdf/carlikebot.urdf.xacro
[0.176s] -- Up-to-date: /home/ssafy/pjt8_ws/install/ros2_control_demo_example_11/share/ros2_control_demo_example_11/launch
[0.176s] -- Up-to-date: /home/ssafy/pjt8_ws/install/ros2_control_demo_example_11/share/ros2_control_demo_example_11/launch/carlikebot.launch.py
[0.176s] -- Up-to-date: /home/ssafy/pjt8_ws/install/ros2_control_demo_example_11/share/ros2_control_demo_example_11/config
[0.176s] -- Up-to-date: /home/ssafy/pjt8_ws/install/ros2_control_demo_example_11/share/ros2_control_demo_example_11/config/carlikebot_controllers.yaml
[0.176s] -- Up-to-date: /home/ssafy/pjt8_ws/install/ros2_control_demo_example_11/lib/libros2_control_demo_example_11.so
[0.176s] -- Up-to-date: /home/ssafy/pjt8_ws/install/ros2_control_demo_example_11/share/ros2_control_demo_example_11/environment/library_path.sh
[0.176s] -- Up-to-date: /home/ssafy/pjt8_ws/install/ros2_control_demo_example_11/share/ros2_control_demo_example_11/environment/library_path.dsv
[0.176s] -- Up-to-date: /home/ssafy/pjt8_ws/install/ros2_control_demo_example_11/share/ament_index/resource_index/package_run_dependencies/ros2_control_demo_example_11
[0.176s] -- Up-to-date: /home/ssafy/pjt8_ws/install/ros2_control_demo_example_11/share/ament_index/resource_index/parent_prefix_path/ros2_control_demo_example_11
[0.176s] -- Up-to-date: /home/ssafy/pjt8_ws/install/ros2_control_demo_example_11/share/ros2_control_demo_example_11/environment/ament_prefix_path.sh
[0.176s] -- Up-to-date: /home/ssafy/pjt8_ws/install/ros2_control_demo_example_11/share/ros2_control_demo_example_11/environment/ament_prefix_path.dsv
[0.176s] -- Up-to-date: /home/ssafy/pjt8_ws/install/ros2_control_demo_example_11/share/ros2_control_demo_example_11/environment/path.sh
[0.176s] -- Up-to-date: /home/ssafy/pjt8_ws/install/ros2_control_demo_example_11/share/ros2_control_demo_example_11/environment/path.dsv
[0.176s] -- Up-to-date: /home/ssafy/pjt8_ws/install/ros2_control_demo_example_11/share/ros2_control_demo_example_11/local_setup.bash
[0.176s] -- Up-to-date: /home/ssafy/pjt8_ws/install/ros2_control_demo_example_11/share/ros2_control_demo_example_11/local_setup.sh
[0.176s] -- Up-to-date: /home/ssafy/pjt8_ws/install/ros2_control_demo_example_11/share/ros2_control_demo_example_11/local_setup.zsh
[0.176s] -- Up-to-date: /home/ssafy/pjt8_ws/install/ros2_control_demo_example_11/share/ros2_control_demo_example_11/local_setup.dsv
[0.176s] -- Installing: /home/ssafy/pjt8_ws/install/ros2_control_demo_example_11/share/ros2_control_demo_example_11/package.dsv
[0.177s] -- Up-to-date: /home/ssafy/pjt8_ws/install/ros2_control_demo_example_11/share/ament_index/resource_index/packages/ros2_control_demo_example_11
[0.177s] -- Up-to-date: /home/ssafy/pjt8_ws/install/ros2_control_demo_example_11/share/ament_index/resource_index/hardware_interface__pluginlib__plugin/ros2_control_demo_example_11
[0.177s] -- Up-to-date: /home/ssafy/pjt8_ws/install/ros2_control_demo_example_11/share/ros2_control_demo_example_11/cmake/export_ros2_control_demo_example_11Export.cmake
[0.177s] -- Up-to-date: /home/ssafy/pjt8_ws/install/ros2_control_demo_example_11/share/ros2_control_demo_example_11/cmake/export_ros2_control_demo_example_11Export-noconfig.cmake
[0.177s] -- Up-to-date: /home/ssafy/pjt8_ws/install/ros2_control_demo_example_11/share/ros2_control_demo_example_11/cmake/ament_cmake_export_targets-extras.cmake
[0.178s] -- Up-to-date: /home/ssafy/pjt8_ws/install/ros2_control_demo_example_11/share/ros2_control_demo_example_11/cmake/ament_cmake_export_dependencies-extras.cmake
[0.178s] -- Up-to-date: /home/ssafy/pjt8_ws/install/ros2_control_demo_example_11/share/ros2_control_demo_example_11/cmake/ros2_control_demo_example_11Config.cmake
[0.178s] -- Up-to-date: /home/ssafy/pjt8_ws/install/ros2_control_demo_example_11/share/ros2_control_demo_example_11/cmake/ros2_control_demo_example_11Config-version.cmake
[0.178s] -- Up-to-date: /home/ssafy/pjt8_ws/install/ros2_control_demo_example_11/share/ros2_control_demo_example_11/package.xml
[0.226s] Invoked command in '/home/ssafy/pjt8_ws/build/ros2_control_demo_example_11' returned '0': CMAKE_PREFIX_PATH=/home/ssafy/pjt8_ws/install/ros2_control_demo_description:/home/ssafy/pjt8_ws/install/ros2_control_demos:/home/ssafy/pjt8_ws/install/ros2_control_demo_example_9:/home/ssafy/pjt8_ws/install/ros2_control_demo_example_8:/home/ssafy/pjt8_ws/install/ros2_control_demo_example_7:/home/ssafy/pjt8_ws/install/ros2_control_demo_example_6:/home/ssafy/pjt8_ws/install/ros2_control_demo_example_15:/home/ssafy/pjt8_ws/install/ros2_control_demo_example_13:/home/ssafy/pjt8_ws/install/ros2_control_demo_example_5:/home/ssafy/pjt8_ws/install/ros2_control_demo_example_4:/home/ssafy/pjt8_ws/install/ros2_control_demo_example_3:/home/ssafy/pjt8_ws/install/ros2_control_demo_example_2:/home/ssafy/pjt8_ws/install/ros2_control_demo_example_14:/home/ssafy/pjt8_ws/install/ros2_control_demo_example_12:/home/ssafy/pjt8_ws/install/ros2_control_demo_example_11:/home/ssafy/pjt8_ws/install/ros2_control_demo_example_10:/home/ssafy/pjt8_ws/install/ros2_control_demo_example_1:/opt/ros/humble /usr/bin/cmake --install /home/ssafy/pjt8_ws/build/ros2_control_demo_example_11
