running egg_info
creating ../../build/rs_camera/rs_camera.egg-info
writing ../../build/rs_camera/rs_camera.egg-info/PKG-INFO
writing dependency_links to ../../build/rs_camera/rs_camera.egg-info/dependency_links.txt
writing entry points to ../../build/rs_camera/rs_camera.egg-info/entry_points.txt
writing requirements to ../../build/rs_camera/rs_camera.egg-info/requires.txt
writing top-level names to ../../build/rs_camera/rs_camera.egg-info/top_level.txt
writing manifest file '../../build/rs_camera/rs_camera.egg-info/SOURCES.txt'
reading manifest file '../../build/rs_camera/rs_camera.egg-info/SOURCES.txt'
writing manifest file '../../build/rs_camera/rs_camera.egg-info/SOURCES.txt'
running build
running build_py
creating /home/ssafy/ros2_ws/build/rs_camera/build
creating /home/ssafy/ros2_ws/build/rs_camera/build/lib
creating /home/ssafy/ros2_ws/build/rs_camera/build/lib/rs_camera
copying rs_camera/image_subscriber.py -> /home/ssafy/ros2_ws/build/rs_camera/build/lib/rs_camera
copying rs_camera/__init__.py -> /home/ssafy/ros2_ws/build/rs_camera/build/lib/rs_camera
copying rs_camera/image_publisher.py -> /home/ssafy/ros2_ws/build/rs_camera/build/lib/rs_camera
running install
running install_lib
creating /home/ssafy/ros2_ws/install/rs_camera/lib/python3.10/site-packages/rs_camera
copying /home/ssafy/ros2_ws/build/rs_camera/build/lib/rs_camera/image_subscriber.py -> /home/ssafy/ros2_ws/install/rs_camera/lib/python3.10/site-packages/rs_camera
copying /home/ssafy/ros2_ws/build/rs_camera/build/lib/rs_camera/__init__.py -> /home/ssafy/ros2_ws/install/rs_camera/lib/python3.10/site-packages/rs_camera
copying /home/ssafy/ros2_ws/build/rs_camera/build/lib/rs_camera/image_publisher.py -> /home/ssafy/ros2_ws/install/rs_camera/lib/python3.10/site-packages/rs_camera
byte-compiling /home/ssafy/ros2_ws/install/rs_camera/lib/python3.10/site-packages/rs_camera/image_subscriber.py to image_subscriber.cpython-310.pyc
byte-compiling /home/ssafy/ros2_ws/install/rs_camera/lib/python3.10/site-packages/rs_camera/__init__.py to __init__.cpython-310.pyc
byte-compiling /home/ssafy/ros2_ws/install/rs_camera/lib/python3.10/site-packages/rs_camera/image_publisher.py to image_publisher.cpython-310.pyc
running install_data
creating /home/ssafy/ros2_ws/install/rs_camera/share/ament_index
creating /home/ssafy/ros2_ws/install/rs_camera/share/ament_index/resource_index
creating /home/ssafy/ros2_ws/install/rs_camera/share/ament_index/resource_index/packages
copying resource/rs_camera -> /home/ssafy/ros2_ws/install/rs_camera/share/ament_index/resource_index/packages
copying package.xml -> /home/ssafy/ros2_ws/install/rs_camera/share/rs_camera
creating /home/ssafy/ros2_ws/install/rs_camera/share/rs_camera/launch
copying launch/rs.launch.py -> /home/ssafy/ros2_ws/install/rs_camera/share/rs_camera/launch
running install_egg_info
Copying ../../build/rs_camera/rs_camera.egg-info to /home/ssafy/ros2_ws/install/rs_camera/lib/python3.10/site-packages/rs_camera-0.0.0-py3.10.egg-info
running install_scripts
writing list of installed files to '/home/ssafy/ros2_ws/build/rs_camera/install.log'
