[0.057s] Invoking command in '/home/ssafy/pjt8_ws/build/ros2_control_demo_example_8': AMENT_PREFIX_PATH=/home/ssafy/pjt8_ws/install/ros2_control_demo_description:${AMENT_PREFIX_PATH} CMAKE_PREFIX_PATH=/home/ssafy/pjt8_ws/install/ros2_control_demo_description:/home/ssafy/ros2_ws/install/rs_camera:/opt/ros/humble /usr/bin/cmake /home/ssafy/pjt8_ws/src/ros2_control_demos/example_8 -DCMAKE_INSTALL_PREFIX=/home/ssafy/pjt8_ws/install/ros2_control_demo_example_8
[0.139s] -- The CXX compiler identification is GNU 11.4.0
[0.148s] -- Detecting CXX compiler ABI info
[0.213s] -- Detecting CXX compiler ABI info - done
[0.222s] -- Check for working CXX compiler: /usr/bin/c++ - skipped
[0.223s] -- Detecting CXX compile features
[0.223s] -- Detecting CXX compile features - done
[0.227s] -- Found ament_cmake: 1.3.11 (/opt/ros/humble/share/ament_cmake/cmake)
[0.387s] -- Found Python3: /usr/bin/python3 (found version "3.10.12") found components: Interpreter 
[0.454s] -- Found hardware_interface: 2.49.0 (/opt/ros/humble/share/hardware_interface/cmake)
[0.478s] -- Found rosidl_generator_c: 3.1.6 (/opt/ros/humble/share/rosidl_generator_c/cmake)
[0.481s] -- Found rosidl_adapter: 3.1.6 (/opt/ros/humble/share/rosidl_adapter/cmake)
[0.486s] -- Found rosidl_generator_cpp: 3.1.6 (/opt/ros/humble/share/rosidl_generator_cpp/cmake)
[0.494s] -- Using all available rosidl_typesupport_c: rosidl_typesupport_fastrtps_c;rosidl_typesupport_introspection_c
[0.504s] -- Using all available rosidl_typesupport_cpp: rosidl_typesupport_fastrtps_cpp;rosidl_typesupport_introspection_cpp
[0.629s] -- Found rmw_implementation_cmake: 6.1.2 (/opt/ros/humble/share/rmw_implementation_cmake/cmake)
[0.631s] -- Found rmw_fastrtps_cpp: 6.2.7 (/opt/ros/humble/share/rmw_fastrtps_cpp/cmake)
[0.646s] -- Found TinyXML2 via Config file: TinyXML2_DIR-NOTFOUND
[0.679s] -- Found OpenSSL: /usr/lib/x86_64-linux-gnu/libcrypto.so (found version "3.0.2")  
[0.682s] -- Found TinyXML2 via Config file: TinyXML2_DIR-NOTFOUND
[0.694s] -- Found FastRTPS: /opt/ros/humble/include  
[0.696s] -- Found TinyXML2 via Config file: TinyXML2_DIR-NOTFOUND
[0.702s] -- Found TinyXML2 via Config file: TinyXML2_DIR-NOTFOUND
[0.709s] -- Using RMW implementation 'rmw_fastrtps_cpp' as default
[0.714s] -- Looking for C++ include pthread.h
[0.792s] -- Looking for C++ include pthread.h - found
[0.792s] -- Performing Test CMAKE_HAVE_LIBC_PTHREAD
[0.874s] -- Performing Test CMAKE_HAVE_LIBC_PTHREAD - Success
[0.875s] -- Found Threads: TRUE  
[0.930s] -- Found transmission_interface: 2.50.0 (/opt/ros/humble/share/transmission_interface/cmake)
[0.938s] -- Found ament_cmake_pytest: 1.3.11 (/opt/ros/humble/share/ament_cmake_pytest/cmake)
[1.894s] -- Configuring done
[1.923s] -- Generating done
[1.928s] -- Build files have been written to: /home/ssafy/pjt8_ws/build/ros2_control_demo_example_8
[1.939s] Invoked command in '/home/ssafy/pjt8_ws/build/ros2_control_demo_example_8' returned '0': AMENT_PREFIX_PATH=/home/ssafy/pjt8_ws/install/ros2_control_demo_description:${AMENT_PREFIX_PATH} CMAKE_PREFIX_PATH=/home/ssafy/pjt8_ws/install/ros2_control_demo_description:/home/ssafy/ros2_ws/install/rs_camera:/opt/ros/humble /usr/bin/cmake /home/ssafy/pjt8_ws/src/ros2_control_demos/example_8 -DCMAKE_INSTALL_PREFIX=/home/ssafy/pjt8_ws/install/ros2_control_demo_example_8
[1.941s] Invoking command in '/home/ssafy/pjt8_ws/build/ros2_control_demo_example_8': AMENT_PREFIX_PATH=/home/ssafy/pjt8_ws/install/ros2_control_demo_description:${AMENT_PREFIX_PATH} CMAKE_PREFIX_PATH=/home/ssafy/pjt8_ws/install/ros2_control_demo_description:/home/ssafy/ros2_ws/install/rs_camera:/opt/ros/humble /usr/bin/cmake --build /home/ssafy/pjt8_ws/build/ros2_control_demo_example_8 -- -j20 -l20
[1.985s] [ 50%] [32mBuilding CXX object CMakeFiles/ros2_control_demo_example_8.dir/hardware/rrbot_transmissions_system_position_only.cpp.o[0m
[4.113s] [100%] [32m[1mLinking CXX shared library libros2_control_demo_example_8.so[0m
[4.361s] [100%] Built target ros2_control_demo_example_8
[4.385s] Invoked command in '/home/ssafy/pjt8_ws/build/ros2_control_demo_example_8' returned '0': AMENT_PREFIX_PATH=/home/ssafy/pjt8_ws/install/ros2_control_demo_description:${AMENT_PREFIX_PATH} CMAKE_PREFIX_PATH=/home/ssafy/pjt8_ws/install/ros2_control_demo_description:/home/ssafy/ros2_ws/install/rs_camera:/opt/ros/humble /usr/bin/cmake --build /home/ssafy/pjt8_ws/build/ros2_control_demo_example_8 -- -j20 -l20
[4.386s] Invoking command in '/home/ssafy/pjt8_ws/build/ros2_control_demo_example_8': AMENT_PREFIX_PATH=/home/ssafy/pjt8_ws/install/ros2_control_demo_description:${AMENT_PREFIX_PATH} CMAKE_PREFIX_PATH=/home/ssafy/pjt8_ws/install/ros2_control_demo_description:/home/ssafy/ros2_ws/install/rs_camera:/opt/ros/humble /usr/bin/cmake --install /home/ssafy/pjt8_ws/build/ros2_control_demo_example_8
[5.355s] -- Install configuration: ""
[5.355s] -- Installing: /home/ssafy/pjt8_ws/install/ros2_control_demo_example_8/share/ros2_control_demo_example_8/ros2_control_demo_example_8.xml
[5.355s] -- Installing: /home/ssafy/pjt8_ws/install/ros2_control_demo_example_8/include/ros2_control_demo_example_8
[5.355s] -- Installing: /home/ssafy/pjt8_ws/install/ros2_control_demo_example_8/include/ros2_control_demo_example_8/ros2_control_demo_example_8
[5.356s] -- Installing: /home/ssafy/pjt8_ws/install/ros2_control_demo_example_8/include/ros2_control_demo_example_8/ros2_control_demo_example_8/rrbot_transmissions_system_position_only.hpp
[5.356s] -- Installing: /home/ssafy/pjt8_ws/install/ros2_control_demo_example_8/share/ros2_control_demo_example_8/launch
[5.356s] -- Installing: /home/ssafy/pjt8_ws/install/ros2_control_demo_example_8/share/ros2_control_demo_example_8/launch/view_robot.launch.py
[5.356s] -- Installing: /home/ssafy/pjt8_ws/install/ros2_control_demo_example_8/share/ros2_control_demo_example_8/ros2_control
[5.356s] -- Installing: /home/ssafy/pjt8_ws/install/ros2_control_demo_example_8/share/ros2_control_demo_example_8/ros2_control/rrbot_transmissions_system_position_only.ros2_control.xacro
[5.356s] -- Installing: /home/ssafy/pjt8_ws/install/ros2_control_demo_example_8/share/ros2_control_demo_example_8/urdf
[5.356s] -- Installing: /home/ssafy/pjt8_ws/install/ros2_control_demo_example_8/share/ros2_control_demo_example_8/urdf/rrbot_transmissions_system_position_only.urdf.xacro
[5.356s] -- Up-to-date: /home/ssafy/pjt8_ws/install/ros2_control_demo_example_8/share/ros2_control_demo_example_8/launch
[5.356s] -- Installing: /home/ssafy/pjt8_ws/install/ros2_control_demo_example_8/share/ros2_control_demo_example_8/launch/rrbot_transmissions_system_position_only.launch.py
[5.356s] -- Installing: /home/ssafy/pjt8_ws/install/ros2_control_demo_example_8/share/ros2_control_demo_example_8/launch/test_forward_position_controller.launch.py
[5.356s] -- Installing: /home/ssafy/pjt8_ws/install/ros2_control_demo_example_8/share/ros2_control_demo_example_8/config
[5.356s] -- Installing: /home/ssafy/pjt8_ws/install/ros2_control_demo_example_8/share/ros2_control_demo_example_8/config/rrbot_forward_position_publisher.yaml
[5.356s] -- Installing: /home/ssafy/pjt8_ws/install/ros2_control_demo_example_8/share/ros2_control_demo_example_8/config/rrbot_controllers.yaml
[5.356s] -- Installing: /home/ssafy/pjt8_ws/install/ros2_control_demo_example_8/lib/libros2_control_demo_example_8.so
[5.357s] -- Set runtime path of "/home/ssafy/pjt8_ws/install/ros2_control_demo_example_8/lib/libros2_control_demo_example_8.so" to ""
[5.357s] -- Installing: /home/ssafy/pjt8_ws/install/ros2_control_demo_example_8/share/ros2_control_demo_example_8/environment/library_path.sh
[5.357s] -- Installing: /home/ssafy/pjt8_ws/install/ros2_control_demo_example_8/share/ros2_control_demo_example_8/environment/library_path.dsv
[5.357s] -- Installing: /home/ssafy/pjt8_ws/install/ros2_control_demo_example_8/share/ament_index/resource_index/package_run_dependencies/ros2_control_demo_example_8
[5.357s] -- Installing: /home/ssafy/pjt8_ws/install/ros2_control_demo_example_8/share/ament_index/resource_index/parent_prefix_path/ros2_control_demo_example_8
[5.357s] -- Installing: /home/ssafy/pjt8_ws/install/ros2_control_demo_example_8/share/ros2_control_demo_example_8/environment/ament_prefix_path.sh
[5.357s] -- Installing: /home/ssafy/pjt8_ws/install/ros2_control_demo_example_8/share/ros2_control_demo_example_8/environment/ament_prefix_path.dsv
[5.357s] -- Installing: /home/ssafy/pjt8_ws/install/ros2_control_demo_example_8/share/ros2_control_demo_example_8/environment/path.sh
[5.357s] -- Installing: /home/ssafy/pjt8_ws/install/ros2_control_demo_example_8/share/ros2_control_demo_example_8/environment/path.dsv
[5.357s] -- Installing: /home/ssafy/pjt8_ws/install/ros2_control_demo_example_8/share/ros2_control_demo_example_8/local_setup.bash
[5.357s] -- Installing: /home/ssafy/pjt8_ws/install/ros2_control_demo_example_8/share/ros2_control_demo_example_8/local_setup.sh
[5.357s] -- Installing: /home/ssafy/pjt8_ws/install/ros2_control_demo_example_8/share/ros2_control_demo_example_8/local_setup.zsh
[5.357s] -- Installing: /home/ssafy/pjt8_ws/install/ros2_control_demo_example_8/share/ros2_control_demo_example_8/local_setup.dsv
[5.357s] -- Installing: /home/ssafy/pjt8_ws/install/ros2_control_demo_example_8/share/ros2_control_demo_example_8/package.dsv
[5.358s] -- Installing: /home/ssafy/pjt8_ws/install/ros2_control_demo_example_8/share/ament_index/resource_index/packages/ros2_control_demo_example_8
[5.358s] -- Installing: /home/ssafy/pjt8_ws/install/ros2_control_demo_example_8/share/ament_index/resource_index/hardware_interface__pluginlib__plugin/ros2_control_demo_example_8
[5.358s] -- Installing: /home/ssafy/pjt8_ws/install/ros2_control_demo_example_8/share/ros2_control_demo_example_8/cmake/export_ros2_control_demo_example_8Export.cmake
[5.359s] -- Installing: /home/ssafy/pjt8_ws/install/ros2_control_demo_example_8/share/ros2_control_demo_example_8/cmake/export_ros2_control_demo_example_8Export-noconfig.cmake
[5.359s] -- Installing: /home/ssafy/pjt8_ws/install/ros2_control_demo_example_8/share/ros2_control_demo_example_8/cmake/ament_cmake_export_targets-extras.cmake
[5.359s] -- Installing: /home/ssafy/pjt8_ws/install/ros2_control_demo_example_8/share/ros2_control_demo_example_8/cmake/ament_cmake_export_dependencies-extras.cmake
[5.359s] -- Installing: /home/ssafy/pjt8_ws/install/ros2_control_demo_example_8/share/ros2_control_demo_example_8/cmake/ros2_control_demo_example_8Config.cmake
[5.359s] -- Installing: /home/ssafy/pjt8_ws/install/ros2_control_demo_example_8/share/ros2_control_demo_example_8/cmake/ros2_control_demo_example_8Config-version.cmake
[5.359s] -- Installing: /home/ssafy/pjt8_ws/install/ros2_control_demo_example_8/share/ros2_control_demo_example_8/package.xml
[5.361s] Invoked command in '/home/ssafy/pjt8_ws/build/ros2_control_demo_example_8' returned '0': AMENT_PREFIX_PATH=/home/ssafy/pjt8_ws/install/ros2_control_demo_description:${AMENT_PREFIX_PATH} CMAKE_PREFIX_PATH=/home/ssafy/pjt8_ws/install/ros2_control_demo_description:/home/ssafy/ros2_ws/install/rs_camera:/opt/ros/humble /usr/bin/cmake --install /home/ssafy/pjt8_ws/build/ros2_control_demo_example_8
