[0.016s] Invoking command in '/home/ssafy/pjt8_ws/build/ros2_control_demo_description': CMAKE_PREFIX_PATH=/home/ssafy/ros2_ws/install/rs_camera:/opt/ros/humble /usr/bin/cmake /home/ssafy/pjt8_ws/src/ros2_control_demos/ros2_control_demo_description -DCMAKE_INSTALL_PREFIX=/home/ssafy/pjt8_ws/install/ros2_control_demo_description
[0.095s] -- The C compiler identification is GNU 11.4.0
[0.181s] -- The CXX compiler identification is GNU 11.4.0
[0.192s] -- Detecting C compiler ABI info
[0.271s] -- Detecting C compiler ABI info - done
[0.278s] -- Check for working C compiler: /usr/bin/cc - skipped
[0.278s] -- Detecting C compile features
[0.279s] -- Detecting C compile features - done
[0.282s] -- Detecting CXX compiler ABI info
[0.369s] -- Detecting CXX compiler ABI info - done
[0.379s] -- Check for working CXX compiler: /usr/bin/c++ - skipped
[0.379s] -- Detecting CXX compile features
[0.379s] -- Detecting CXX compile features - done
[0.383s] -- Found ament_cmake: 1.3.11 (/opt/ros/humble/share/ament_cmake/cmake)
[0.521s] -- Found Python3: /usr/bin/python3 (found version "3.10.12") found components: Interpreter 
[0.631s] -- Configuring done
[0.632s] -- Generating done
[0.633s] -- Build files have been written to: /home/ssafy/pjt8_ws/build/ros2_control_demo_description
[0.635s] Invoked command in '/home/ssafy/pjt8_ws/build/ros2_control_demo_description' returned '0': CMAKE_PREFIX_PATH=/home/ssafy/ros2_ws/install/rs_camera:/opt/ros/humble /usr/bin/cmake /home/ssafy/pjt8_ws/src/ros2_control_demos/ros2_control_demo_description -DCMAKE_INSTALL_PREFIX=/home/ssafy/pjt8_ws/install/ros2_control_demo_description
[0.637s] Invoking command in '/home/ssafy/pjt8_ws/build/ros2_control_demo_description': CMAKE_PREFIX_PATH=/home/ssafy/ros2_ws/install/rs_camera:/opt/ros/humble /usr/bin/cmake --build /home/ssafy/pjt8_ws/build/ros2_control_demo_description -- -j20 -l20
[0.671s] Invoked command in '/home/ssafy/pjt8_ws/build/ros2_control_demo_description' returned '0': CMAKE_PREFIX_PATH=/home/ssafy/ros2_ws/install/rs_camera:/opt/ros/humble /usr/bin/cmake --build /home/ssafy/pjt8_ws/build/ros2_control_demo_description -- -j20 -l20
[0.681s] Invoking command in '/home/ssafy/pjt8_ws/build/ros2_control_demo_description': CMAKE_PREFIX_PATH=/home/ssafy/ros2_ws/install/rs_camera:/opt/ros/humble /usr/bin/cmake --install /home/ssafy/pjt8_ws/build/ros2_control_demo_description
[0.688s] -- Install configuration: ""
[0.688s] -- Installing: /home/ssafy/pjt8_ws/install/ros2_control_demo_description/share/ros2_control_demo_description/rrbot/urdf
[0.688s] -- Installing: /home/ssafy/pjt8_ws/install/ros2_control_demo_description/share/ros2_control_demo_description/rrbot/urdf/rrbot.materials.xacro
[0.688s] -- Installing: /home/ssafy/pjt8_ws/install/ros2_control_demo_description/share/ros2_control_demo_description/rrbot/urdf/rrbot_description.urdf.xacro
[0.689s] -- Installing: /home/ssafy/pjt8_ws/install/ros2_control_demo_description/share/ros2_control_demo_description/rrbot/rviz
[0.689s] -- Installing: /home/ssafy/pjt8_ws/install/ros2_control_demo_description/share/ros2_control_demo_description/rrbot/rviz/rrbot.rviz
[0.689s] -- Installing: /home/ssafy/pjt8_ws/install/ros2_control_demo_description/share/ros2_control_demo_description/diffbot/urdf
[0.689s] -- Installing: /home/ssafy/pjt8_ws/install/ros2_control_demo_description/share/ros2_control_demo_description/diffbot/urdf/diffbot.materials.xacro
[0.689s] -- Installing: /home/ssafy/pjt8_ws/install/ros2_control_demo_description/share/ros2_control_demo_description/diffbot/urdf/diffbot_description.urdf.xacro
[0.689s] -- Installing: /home/ssafy/pjt8_ws/install/ros2_control_demo_description/share/ros2_control_demo_description/diffbot/rviz
[0.689s] -- Installing: /home/ssafy/pjt8_ws/install/ros2_control_demo_description/share/ros2_control_demo_description/diffbot/rviz/diffbot_view.rviz
[0.689s] -- Installing: /home/ssafy/pjt8_ws/install/ros2_control_demo_description/share/ros2_control_demo_description/diffbot/rviz/diffbot.rviz
[0.689s] -- Installing: /home/ssafy/pjt8_ws/install/ros2_control_demo_description/share/ros2_control_demo_description/carlikebot/urdf
[0.689s] -- Installing: /home/ssafy/pjt8_ws/install/ros2_control_demo_description/share/ros2_control_demo_description/carlikebot/urdf/carlikebot.materials.xacro
[0.689s] -- Installing: /home/ssafy/pjt8_ws/install/ros2_control_demo_description/share/ros2_control_demo_description/carlikebot/urdf/carlikebot_description.urdf.xacro
[0.689s] -- Installing: /home/ssafy/pjt8_ws/install/ros2_control_demo_description/share/ros2_control_demo_description/carlikebot/rviz
[0.689s] -- Installing: /home/ssafy/pjt8_ws/install/ros2_control_demo_description/share/ros2_control_demo_description/carlikebot/rviz/carlikebot.rviz
[0.689s] -- Installing: /home/ssafy/pjt8_ws/install/ros2_control_demo_description/share/ros2_control_demo_description/carlikebot/rviz/carlikebot_view.rviz
[0.689s] -- Installing: /home/ssafy/pjt8_ws/install/ros2_control_demo_description/share/ros2_control_demo_description/r3bot/urdf
[0.690s] -- Installing: /home/ssafy/pjt8_ws/install/ros2_control_demo_description/share/ros2_control_demo_description/r3bot/urdf/threedofbot_description.urdf.xacro
[0.690s] -- Installing: /home/ssafy/pjt8_ws/install/ros2_control_demo_description/share/ros2_control_demo_description/r6bot/meshes
[0.690s] -- Installing: /home/ssafy/pjt8_ws/install/ros2_control_demo_description/share/ros2_control_demo_description/r6bot/meshes/collision
[0.690s] -- Installing: /home/ssafy/pjt8_ws/install/ros2_control_demo_description/share/ros2_control_demo_description/r6bot/meshes/collision/link_1.stl
[0.690s] -- Installing: /home/ssafy/pjt8_ws/install/ros2_control_demo_description/share/ros2_control_demo_description/r6bot/meshes/collision/link_5.stl
[0.690s] -- Installing: /home/ssafy/pjt8_ws/install/ros2_control_demo_description/share/ros2_control_demo_description/r6bot/meshes/collision/link_4.stl
[0.690s] -- Installing: /home/ssafy/pjt8_ws/install/ros2_control_demo_description/share/ros2_control_demo_description/r6bot/meshes/collision/link_3.stl
[0.691s] -- Installing: /home/ssafy/pjt8_ws/install/ros2_control_demo_description/share/ros2_control_demo_description/r6bot/meshes/collision/link_6.stl
[0.691s] -- Installing: /home/ssafy/pjt8_ws/install/ros2_control_demo_description/share/ros2_control_demo_description/r6bot/meshes/collision/link_2.stl
[0.691s] -- Installing: /home/ssafy/pjt8_ws/install/ros2_control_demo_description/share/ros2_control_demo_description/r6bot/meshes/collision/link_0.stl
[0.692s] -- Installing: /home/ssafy/pjt8_ws/install/ros2_control_demo_description/share/ros2_control_demo_description/r6bot/meshes/visual
[0.692s] -- Installing: /home/ssafy/pjt8_ws/install/ros2_control_demo_description/share/ros2_control_demo_description/r6bot/meshes/visual/link_4.dae
[0.692s] -- Installing: /home/ssafy/pjt8_ws/install/ros2_control_demo_description/share/ros2_control_demo_description/r6bot/meshes/visual/link_0.dae
[0.692s] -- Installing: /home/ssafy/pjt8_ws/install/ros2_control_demo_description/share/ros2_control_demo_description/r6bot/meshes/visual/link_1.dae
[0.692s] -- Installing: /home/ssafy/pjt8_ws/install/ros2_control_demo_description/share/ros2_control_demo_description/r6bot/meshes/visual/link_6.dae
[0.692s] -- Installing: /home/ssafy/pjt8_ws/install/ros2_control_demo_description/share/ros2_control_demo_description/r6bot/meshes/visual/link_5.dae
[0.692s] -- Installing: /home/ssafy/pjt8_ws/install/ros2_control_demo_description/share/ros2_control_demo_description/r6bot/meshes/visual/link_3.dae
[0.693s] -- Installing: /home/ssafy/pjt8_ws/install/ros2_control_demo_description/share/ros2_control_demo_description/r6bot/meshes/visual/link_2.dae
[0.695s] -- Installing: /home/ssafy/pjt8_ws/install/ros2_control_demo_description/share/ros2_control_demo_description/r6bot/srdf
[0.695s] -- Installing: /home/ssafy/pjt8_ws/install/ros2_control_demo_description/share/ros2_control_demo_description/r6bot/srdf/r6bot.srdf
[0.695s] -- Installing: /home/ssafy/pjt8_ws/install/ros2_control_demo_description/share/ros2_control_demo_description/r6bot/urdf
[0.695s] -- Installing: /home/ssafy/pjt8_ws/install/ros2_control_demo_description/share/ros2_control_demo_description/r6bot/urdf/inc
[0.695s] -- Installing: /home/ssafy/pjt8_ws/install/ros2_control_demo_description/share/ros2_control_demo_description/r6bot/urdf/inc/create_link.xacro
[0.695s] -- Installing: /home/ssafy/pjt8_ws/install/ros2_control_demo_description/share/ros2_control_demo_description/r6bot/urdf/r6bot_description.urdf.xacro
[0.695s] -- Installing: /home/ssafy/pjt8_ws/install/ros2_control_demo_description/share/ros2_control_demo_description/r6bot/rviz
[0.695s] -- Installing: /home/ssafy/pjt8_ws/install/ros2_control_demo_description/share/ros2_control_demo_description/r6bot/rviz/view_robot.rviz
[0.695s] -- Installing: /home/ssafy/pjt8_ws/install/ros2_control_demo_description/share/ament_index/resource_index/package_run_dependencies/ros2_control_demo_description
[0.695s] -- Installing: /home/ssafy/pjt8_ws/install/ros2_control_demo_description/share/ament_index/resource_index/parent_prefix_path/ros2_control_demo_description
[0.695s] -- Installing: /home/ssafy/pjt8_ws/install/ros2_control_demo_description/share/ros2_control_demo_description/environment/ament_prefix_path.sh
[0.696s] -- Installing: /home/ssafy/pjt8_ws/install/ros2_control_demo_description/share/ros2_control_demo_description/environment/ament_prefix_path.dsv
[0.696s] -- Installing: /home/ssafy/pjt8_ws/install/ros2_control_demo_description/share/ros2_control_demo_description/environment/path.sh
[0.696s] -- Installing: /home/ssafy/pjt8_ws/install/ros2_control_demo_description/share/ros2_control_demo_description/environment/path.dsv
[0.696s] -- Installing: /home/ssafy/pjt8_ws/install/ros2_control_demo_description/share/ros2_control_demo_description/local_setup.bash
[0.696s] -- Installing: /home/ssafy/pjt8_ws/install/ros2_control_demo_description/share/ros2_control_demo_description/local_setup.sh
[0.696s] -- Installing: /home/ssafy/pjt8_ws/install/ros2_control_demo_description/share/ros2_control_demo_description/local_setup.zsh
[0.696s] -- Installing: /home/ssafy/pjt8_ws/install/ros2_control_demo_description/share/ros2_control_demo_description/local_setup.dsv
[0.696s] -- Installing: /home/ssafy/pjt8_ws/install/ros2_control_demo_description/share/ros2_control_demo_description/package.dsv
[0.696s] -- Installing: /home/ssafy/pjt8_ws/install/ros2_control_demo_description/share/ament_index/resource_index/packages/ros2_control_demo_description
[0.696s] -- Installing: /home/ssafy/pjt8_ws/install/ros2_control_demo_description/share/ros2_control_demo_description/cmake/ros2_control_demo_descriptionConfig.cmake
[0.696s] -- Installing: /home/ssafy/pjt8_ws/install/ros2_control_demo_description/share/ros2_control_demo_description/cmake/ros2_control_demo_descriptionConfig-version.cmake
[0.697s] -- Installing: /home/ssafy/pjt8_ws/install/ros2_control_demo_description/share/ros2_control_demo_description/package.xml
[0.698s] Invoked command in '/home/ssafy/pjt8_ws/build/ros2_control_demo_description' returned '0': CMAKE_PREFIX_PATH=/home/ssafy/ros2_ws/install/rs_camera:/opt/ros/humble /usr/bin/cmake --install /home/ssafy/pjt8_ws/build/ros2_control_demo_description
