[0.011s] Invoking command in '/home/ssafy/pjt8_ws/build/ros2_control_demo_example_15': AMENT_PREFIX_PATH=/home/ssafy/pjt8_ws/install/ros2_control_demo_example_5:/home/ssafy/pjt8_ws/install/ros2_control_demo_example_1:/home/ssafy/pjt8_ws/install/ros2_control_demo_description:${AMENT_PREFIX_PATH} CMAKE_PREFIX_PATH=/home/ssafy/pjt8_ws/install/ros2_control_demo_example_5:/home/ssafy/pjt8_ws/install/ros2_control_demo_example_1:/home/ssafy/pjt8_ws/install/ros2_control_demo_description:/home/ssafy/ros2_ws/install/rs_camera:/opt/ros/humble LD_LIBRARY_PATH=/home/ssafy/pjt8_ws/install/ros2_control_demo_example_5/lib:/home/ssafy/pjt8_ws/install/ros2_control_demo_example_1/lib:${LD_LIBRARY_PATH} /usr/bin/cmake /home/ssafy/pjt8_ws/src/ros2_control_demos/example_15 -DCMAKE_INSTALL_PREFIX=/home/ssafy/pjt8_ws/install/ros2_control_demo_example_15
[0.068s] -- The CXX compiler identification is GNU 11.4.0
[0.075s] -- Detecting CXX compiler ABI info
[0.152s] -- Detecting CXX compiler ABI info - done
[0.161s] -- Check for working CXX compiler: /usr/bin/c++ - skipped
[0.161s] -- Detecting CXX compile features
[0.161s] -- Detecting CXX compile features - done
[0.163s] -- Found ament_cmake: 1.3.11 (/opt/ros/humble/share/ament_cmake/cmake)
[0.297s] -- Found Python3: /usr/bin/python3 (found version "3.10.12") found components: Interpreter 
[0.358s] -- Found ament_cmake_pytest: 1.3.11 (/opt/ros/humble/share/ament_cmake_pytest/cmake)
[0.820s] -- Configuring done
[0.822s] -- Generating done
[0.823s] -- Build files have been written to: /home/ssafy/pjt8_ws/build/ros2_control_demo_example_15
[0.826s] Invoked command in '/home/ssafy/pjt8_ws/build/ros2_control_demo_example_15' returned '0': AMENT_PREFIX_PATH=/home/ssafy/pjt8_ws/install/ros2_control_demo_example_5:/home/ssafy/pjt8_ws/install/ros2_control_demo_example_1:/home/ssafy/pjt8_ws/install/ros2_control_demo_description:${AMENT_PREFIX_PATH} CMAKE_PREFIX_PATH=/home/ssafy/pjt8_ws/install/ros2_control_demo_example_5:/home/ssafy/pjt8_ws/install/ros2_control_demo_example_1:/home/ssafy/pjt8_ws/install/ros2_control_demo_description:/home/ssafy/ros2_ws/install/rs_camera:/opt/ros/humble LD_LIBRARY_PATH=/home/ssafy/pjt8_ws/install/ros2_control_demo_example_5/lib:/home/ssafy/pjt8_ws/install/ros2_control_demo_example_1/lib:${LD_LIBRARY_PATH} /usr/bin/cmake /home/ssafy/pjt8_ws/src/ros2_control_demos/example_15 -DCMAKE_INSTALL_PREFIX=/home/ssafy/pjt8_ws/install/ros2_control_demo_example_15
[0.827s] Invoking command in '/home/ssafy/pjt8_ws/build/ros2_control_demo_example_15': AMENT_PREFIX_PATH=/home/ssafy/pjt8_ws/install/ros2_control_demo_example_5:/home/ssafy/pjt8_ws/install/ros2_control_demo_example_1:/home/ssafy/pjt8_ws/install/ros2_control_demo_description:${AMENT_PREFIX_PATH} CMAKE_PREFIX_PATH=/home/ssafy/pjt8_ws/install/ros2_control_demo_example_5:/home/ssafy/pjt8_ws/install/ros2_control_demo_example_1:/home/ssafy/pjt8_ws/install/ros2_control_demo_description:/home/ssafy/ros2_ws/install/rs_camera:/opt/ros/humble LD_LIBRARY_PATH=/home/ssafy/pjt8_ws/install/ros2_control_demo_example_5/lib:/home/ssafy/pjt8_ws/install/ros2_control_demo_example_1/lib:${LD_LIBRARY_PATH} /usr/bin/cmake --build /home/ssafy/pjt8_ws/build/ros2_control_demo_example_15 -- -j20 -l20
[0.860s] Invoked command in '/home/ssafy/pjt8_ws/build/ros2_control_demo_example_15' returned '0': AMENT_PREFIX_PATH=/home/ssafy/pjt8_ws/install/ros2_control_demo_example_5:/home/ssafy/pjt8_ws/install/ros2_control_demo_example_1:/home/ssafy/pjt8_ws/install/ros2_control_demo_description:${AMENT_PREFIX_PATH} CMAKE_PREFIX_PATH=/home/ssafy/pjt8_ws/install/ros2_control_demo_example_5:/home/ssafy/pjt8_ws/install/ros2_control_demo_example_1:/home/ssafy/pjt8_ws/install/ros2_control_demo_description:/home/ssafy/ros2_ws/install/rs_camera:/opt/ros/humble LD_LIBRARY_PATH=/home/ssafy/pjt8_ws/install/ros2_control_demo_example_5/lib:/home/ssafy/pjt8_ws/install/ros2_control_demo_example_1/lib:${LD_LIBRARY_PATH} /usr/bin/cmake --build /home/ssafy/pjt8_ws/build/ros2_control_demo_example_15 -- -j20 -l20
[0.862s] Invoking command in '/home/ssafy/pjt8_ws/build/ros2_control_demo_example_15': AMENT_PREFIX_PATH=/home/ssafy/pjt8_ws/install/ros2_control_demo_example_5:/home/ssafy/pjt8_ws/install/ros2_control_demo_example_1:/home/ssafy/pjt8_ws/install/ros2_control_demo_description:${AMENT_PREFIX_PATH} CMAKE_PREFIX_PATH=/home/ssafy/pjt8_ws/install/ros2_control_demo_example_5:/home/ssafy/pjt8_ws/install/ros2_control_demo_example_1:/home/ssafy/pjt8_ws/install/ros2_control_demo_description:/home/ssafy/ros2_ws/install/rs_camera:/opt/ros/humble LD_LIBRARY_PATH=/home/ssafy/pjt8_ws/install/ros2_control_demo_example_5/lib:/home/ssafy/pjt8_ws/install/ros2_control_demo_example_1/lib:${LD_LIBRARY_PATH} /usr/bin/cmake --install /home/ssafy/pjt8_ws/build/ros2_control_demo_example_15
[0.869s] -- Install configuration: ""
[0.869s] -- Installing: /home/ssafy/pjt8_ws/install/ros2_control_demo_example_15/share/ros2_control_demo_example_15/rviz
[0.870s] -- Installing: /home/ssafy/pjt8_ws/install/ros2_control_demo_example_15/share/ros2_control_demo_example_15/rviz/multi_controller_manager.rviz
[0.870s] -- Installing: /home/ssafy/pjt8_ws/install/ros2_control_demo_example_15/share/ros2_control_demo_example_15/rviz/rrbot_namespace.rviz
[0.870s] -- Installing: /home/ssafy/pjt8_ws/install/ros2_control_demo_example_15/share/ros2_control_demo_example_15/launch
[0.870s] -- Installing: /home/ssafy/pjt8_ws/install/ros2_control_demo_example_15/share/ros2_control_demo_example_15/launch/rrbot_namespace.launch.py
[0.870s] -- Installing: /home/ssafy/pjt8_ws/install/ros2_control_demo_example_15/share/ros2_control_demo_example_15/launch/test_joint_trajectory_controller.launch.py
[0.870s] -- Installing: /home/ssafy/pjt8_ws/install/ros2_control_demo_example_15/share/ros2_control_demo_example_15/launch/multi_controller_manager_example_two_rrbots.launch.py
[0.870s] -- Installing: /home/ssafy/pjt8_ws/install/ros2_control_demo_example_15/share/ros2_control_demo_example_15/launch/test_multi_controller_manager_forward_position_controller.launch.py
[0.870s] -- Installing: /home/ssafy/pjt8_ws/install/ros2_control_demo_example_15/share/ros2_control_demo_example_15/launch/rrbot_base.launch.py
[0.870s] -- Installing: /home/ssafy/pjt8_ws/install/ros2_control_demo_example_15/share/ros2_control_demo_example_15/launch/test_forward_position_controller.launch.py
[0.871s] -- Installing: /home/ssafy/pjt8_ws/install/ros2_control_demo_example_15/share/ros2_control_demo_example_15/launch/test_multi_controller_manager_joint_trajectory_controller.launch.py
[0.871s] -- Installing: /home/ssafy/pjt8_ws/install/ros2_control_demo_example_15/share/ros2_control_demo_example_15/config
[0.871s] -- Installing: /home/ssafy/pjt8_ws/install/ros2_control_demo_example_15/share/ros2_control_demo_example_15/config/multi_controller_manager_rrbot_2_controllers.yaml
[0.871s] -- Installing: /home/ssafy/pjt8_ws/install/ros2_control_demo_example_15/share/ros2_control_demo_example_15/config/rrbot_namespace_forward_position_publisher.yaml
[0.871s] -- Installing: /home/ssafy/pjt8_ws/install/ros2_control_demo_example_15/share/ros2_control_demo_example_15/config/multi_controller_manager_rrbot_1_controllers.yaml
[0.871s] -- Installing: /home/ssafy/pjt8_ws/install/ros2_control_demo_example_15/share/ros2_control_demo_example_15/config/multi_controller_manager_forward_position_publisher.yaml
[0.871s] -- Installing: /home/ssafy/pjt8_ws/install/ros2_control_demo_example_15/share/ros2_control_demo_example_15/config/multi_controller_manager_joint_trajectory_publisher.yaml
[0.871s] -- Installing: /home/ssafy/pjt8_ws/install/ros2_control_demo_example_15/share/ros2_control_demo_example_15/config/rrbot_namespace_joint_trajectory_publisher.yaml
[0.872s] -- Installing: /home/ssafy/pjt8_ws/install/ros2_control_demo_example_15/share/ros2_control_demo_example_15/config/rrbot_namespace_controllers.yaml
[0.872s] -- Installing: /home/ssafy/pjt8_ws/install/ros2_control_demo_example_15/share/ament_index/resource_index/package_run_dependencies/ros2_control_demo_example_15
[0.872s] -- Installing: /home/ssafy/pjt8_ws/install/ros2_control_demo_example_15/share/ament_index/resource_index/parent_prefix_path/ros2_control_demo_example_15
[0.872s] -- Installing: /home/ssafy/pjt8_ws/install/ros2_control_demo_example_15/share/ros2_control_demo_example_15/environment/ament_prefix_path.sh
[0.872s] -- Installing: /home/ssafy/pjt8_ws/install/ros2_control_demo_example_15/share/ros2_control_demo_example_15/environment/ament_prefix_path.dsv
[0.872s] -- Installing: /home/ssafy/pjt8_ws/install/ros2_control_demo_example_15/share/ros2_control_demo_example_15/environment/path.sh
[0.872s] -- Installing: /home/ssafy/pjt8_ws/install/ros2_control_demo_example_15/share/ros2_control_demo_example_15/environment/path.dsv
[0.872s] -- Installing: /home/ssafy/pjt8_ws/install/ros2_control_demo_example_15/share/ros2_control_demo_example_15/local_setup.bash
[0.872s] -- Installing: /home/ssafy/pjt8_ws/install/ros2_control_demo_example_15/share/ros2_control_demo_example_15/local_setup.sh
[0.872s] -- Installing: /home/ssafy/pjt8_ws/install/ros2_control_demo_example_15/share/ros2_control_demo_example_15/local_setup.zsh
[0.872s] -- Installing: /home/ssafy/pjt8_ws/install/ros2_control_demo_example_15/share/ros2_control_demo_example_15/local_setup.dsv
[0.872s] -- Installing: /home/ssafy/pjt8_ws/install/ros2_control_demo_example_15/share/ros2_control_demo_example_15/package.dsv
[0.873s] -- Installing: /home/ssafy/pjt8_ws/install/ros2_control_demo_example_15/share/ament_index/resource_index/packages/ros2_control_demo_example_15
[0.873s] -- Installing: /home/ssafy/pjt8_ws/install/ros2_control_demo_example_15/share/ros2_control_demo_example_15/cmake/ros2_control_demo_example_15Config.cmake
[0.873s] -- Installing: /home/ssafy/pjt8_ws/install/ros2_control_demo_example_15/share/ros2_control_demo_example_15/cmake/ros2_control_demo_example_15Config-version.cmake
[0.873s] -- Installing: /home/ssafy/pjt8_ws/install/ros2_control_demo_example_15/share/ros2_control_demo_example_15/package.xml
[0.875s] Invoked command in '/home/ssafy/pjt8_ws/build/ros2_control_demo_example_15' returned '0': AMENT_PREFIX_PATH=/home/ssafy/pjt8_ws/install/ros2_control_demo_example_5:/home/ssafy/pjt8_ws/install/ros2_control_demo_example_1:/home/ssafy/pjt8_ws/install/ros2_control_demo_description:${AMENT_PREFIX_PATH} CMAKE_PREFIX_PATH=/home/ssafy/pjt8_ws/install/ros2_control_demo_example_5:/home/ssafy/pjt8_ws/install/ros2_control_demo_example_1:/home/ssafy/pjt8_ws/install/ros2_control_demo_description:/home/ssafy/ros2_ws/install/rs_camera:/opt/ros/humble LD_LIBRARY_PATH=/home/ssafy/pjt8_ws/install/ros2_control_demo_example_5/lib:/home/ssafy/pjt8_ws/install/ros2_control_demo_example_1/lib:${LD_LIBRARY_PATH} /usr/bin/cmake --install /home/ssafy/pjt8_ws/build/ros2_control_demo_example_15
