[0.036s] Invoking command in '/home/ssafy/pjt8_ws/build/ros2_control_demo_example_10': AMENT_PREFIX_PATH=/home/ssafy/pjt8_ws/install/ros2_control_demo_description:${AMENT_PREFIX_PATH} CMAKE_PREFIX_PATH=/home/ssafy/pjt8_ws/install/ros2_control_demo_description:/home/ssafy/ros2_ws/install/rs_camera:/opt/ros/humble /usr/bin/cmake /home/ssafy/pjt8_ws/src/ros2_control_demos/example_10 -DCMAKE_INSTALL_PREFIX=/home/ssafy/pjt8_ws/install/ros2_control_demo_example_10
[0.134s] -- The CXX compiler identification is GNU 11.4.0
[0.142s] -- Detecting CXX compiler ABI info
[0.208s] -- Detecting CXX compiler ABI info - done
[0.213s] -- Check for working CXX compiler: /usr/bin/c++ - skipped
[0.214s] -- Detecting CXX compile features
[0.214s] -- Detecting CXX compile features - done
[0.216s] -- Found ament_cmake: 1.3.11 (/opt/ros/humble/share/ament_cmake/cmake)
[0.361s] -- Found Python3: /usr/bin/python3 (found version "3.10.12") found components: Interpreter 
[0.421s] -- Found hardware_interface: 2.49.0 (/opt/ros/humble/share/hardware_interface/cmake)
[0.448s] -- Found rosidl_generator_c: 3.1.6 (/opt/ros/humble/share/rosidl_generator_c/cmake)
[0.454s] -- Found rosidl_adapter: 3.1.6 (/opt/ros/humble/share/rosidl_adapter/cmake)
[0.463s] -- Found rosidl_generator_cpp: 3.1.6 (/opt/ros/humble/share/rosidl_generator_cpp/cmake)
[0.476s] -- Using all available rosidl_typesupport_c: rosidl_typesupport_fastrtps_c;rosidl_typesupport_introspection_c
[0.494s] -- Using all available rosidl_typesupport_cpp: rosidl_typesupport_fastrtps_cpp;rosidl_typesupport_introspection_cpp
[0.698s] -- Found rmw_implementation_cmake: 6.1.2 (/opt/ros/humble/share/rmw_implementation_cmake/cmake)
[0.701s] -- Found rmw_fastrtps_cpp: 6.2.7 (/opt/ros/humble/share/rmw_fastrtps_cpp/cmake)
[0.730s] -- Found TinyXML2 via Config file: TinyXML2_DIR-NOTFOUND
[0.770s] -- Found OpenSSL: /usr/lib/x86_64-linux-gnu/libcrypto.so (found version "3.0.2")  
[0.773s] -- Found TinyXML2 via Config file: TinyXML2_DIR-NOTFOUND
[0.790s] -- Found FastRTPS: /opt/ros/humble/include  
[0.794s] -- Found TinyXML2 via Config file: TinyXML2_DIR-NOTFOUND
[0.802s] -- Found TinyXML2 via Config file: TinyXML2_DIR-NOTFOUND
[0.812s] -- Using RMW implementation 'rmw_fastrtps_cpp' as default
[0.823s] -- Looking for C++ include pthread.h
[0.956s] -- Looking for C++ include pthread.h - found
[0.956s] -- Performing Test CMAKE_HAVE_LIBC_PTHREAD
[1.051s] -- Performing Test CMAKE_HAVE_LIBC_PTHREAD - Success
[1.052s] -- Found Threads: TRUE  
[1.118s] -- Found ament_cmake_pytest: 1.3.11 (/opt/ros/humble/share/ament_cmake_pytest/cmake)
[2.257s] -- Configuring done
[2.284s] -- Generating done
[2.290s] -- Build files have been written to: /home/ssafy/pjt8_ws/build/ros2_control_demo_example_10
[2.312s] Invoked command in '/home/ssafy/pjt8_ws/build/ros2_control_demo_example_10' returned '0': AMENT_PREFIX_PATH=/home/ssafy/pjt8_ws/install/ros2_control_demo_description:${AMENT_PREFIX_PATH} CMAKE_PREFIX_PATH=/home/ssafy/pjt8_ws/install/ros2_control_demo_description:/home/ssafy/ros2_ws/install/rs_camera:/opt/ros/humble /usr/bin/cmake /home/ssafy/pjt8_ws/src/ros2_control_demos/example_10 -DCMAKE_INSTALL_PREFIX=/home/ssafy/pjt8_ws/install/ros2_control_demo_example_10
[2.313s] Invoking command in '/home/ssafy/pjt8_ws/build/ros2_control_demo_example_10': AMENT_PREFIX_PATH=/home/ssafy/pjt8_ws/install/ros2_control_demo_description:${AMENT_PREFIX_PATH} CMAKE_PREFIX_PATH=/home/ssafy/pjt8_ws/install/ros2_control_demo_description:/home/ssafy/ros2_ws/install/rs_camera:/opt/ros/humble /usr/bin/cmake --build /home/ssafy/pjt8_ws/build/ros2_control_demo_example_10 -- -j20 -l20
[2.364s] [ 50%] [32mBuilding CXX object CMakeFiles/ros2_control_demo_example_10.dir/hardware/rrbot.cpp.o[0m
[5.438s] [100%] [32m[1mLinking CXX shared library libros2_control_demo_example_10.so[0m
[5.564s] [100%] Built target ros2_control_demo_example_10
[5.573s] Invoked command in '/home/ssafy/pjt8_ws/build/ros2_control_demo_example_10' returned '0': AMENT_PREFIX_PATH=/home/ssafy/pjt8_ws/install/ros2_control_demo_description:${AMENT_PREFIX_PATH} CMAKE_PREFIX_PATH=/home/ssafy/pjt8_ws/install/ros2_control_demo_description:/home/ssafy/ros2_ws/install/rs_camera:/opt/ros/humble /usr/bin/cmake --build /home/ssafy/pjt8_ws/build/ros2_control_demo_example_10 -- -j20 -l20
[5.574s] Invoking command in '/home/ssafy/pjt8_ws/build/ros2_control_demo_example_10': AMENT_PREFIX_PATH=/home/ssafy/pjt8_ws/install/ros2_control_demo_description:${AMENT_PREFIX_PATH} CMAKE_PREFIX_PATH=/home/ssafy/pjt8_ws/install/ros2_control_demo_description:/home/ssafy/ros2_ws/install/rs_camera:/opt/ros/humble /usr/bin/cmake --install /home/ssafy/pjt8_ws/build/ros2_control_demo_example_10
[5.582s] -- Install configuration: ""
[5.582s] -- Installing: /home/ssafy/pjt8_ws/install/ros2_control_demo_example_10/share/ros2_control_demo_example_10/ros2_control_demo_example_10.xml
[5.583s] -- Installing: /home/ssafy/pjt8_ws/install/ros2_control_demo_example_10/include/ros2_control_demo_example_10
[5.583s] -- Installing: /home/ssafy/pjt8_ws/install/ros2_control_demo_example_10/include/ros2_control_demo_example_10/ros2_control_demo_example_10
[5.583s] -- Installing: /home/ssafy/pjt8_ws/install/ros2_control_demo_example_10/include/ros2_control_demo_example_10/ros2_control_demo_example_10/rrbot.hpp
[5.583s] -- Installing: /home/ssafy/pjt8_ws/install/ros2_control_demo_example_10/share/ros2_control_demo_example_10/launch
[5.583s] -- Installing: /home/ssafy/pjt8_ws/install/ros2_control_demo_example_10/share/ros2_control_demo_example_10/launch/view_robot.launch.py
[5.583s] -- Installing: /home/ssafy/pjt8_ws/install/ros2_control_demo_example_10/share/ros2_control_demo_example_10/ros2_control
[5.583s] -- Installing: /home/ssafy/pjt8_ws/install/ros2_control_demo_example_10/share/ros2_control_demo_example_10/ros2_control/rrbot.ros2_control.xacro
[5.583s] -- Installing: /home/ssafy/pjt8_ws/install/ros2_control_demo_example_10/share/ros2_control_demo_example_10/urdf
[5.583s] -- Installing: /home/ssafy/pjt8_ws/install/ros2_control_demo_example_10/share/ros2_control_demo_example_10/urdf/rrbot.urdf.xacro
[5.583s] -- Up-to-date: /home/ssafy/pjt8_ws/install/ros2_control_demo_example_10/share/ros2_control_demo_example_10/launch
[5.583s] -- Installing: /home/ssafy/pjt8_ws/install/ros2_control_demo_example_10/share/ros2_control_demo_example_10/launch/rrbot.launch.py
[5.583s] -- Installing: /home/ssafy/pjt8_ws/install/ros2_control_demo_example_10/share/ros2_control_demo_example_10/launch/test_forward_position_controller.launch.py
[5.583s] -- Installing: /home/ssafy/pjt8_ws/install/ros2_control_demo_example_10/share/ros2_control_demo_example_10/config
[5.584s] -- Installing: /home/ssafy/pjt8_ws/install/ros2_control_demo_example_10/share/ros2_control_demo_example_10/config/rrbot_forward_position_publisher.yaml
[5.584s] -- Installing: /home/ssafy/pjt8_ws/install/ros2_control_demo_example_10/share/ros2_control_demo_example_10/config/rrbot_controllers.yaml
[5.584s] -- Installing: /home/ssafy/pjt8_ws/install/ros2_control_demo_example_10/lib/libros2_control_demo_example_10.so
[5.585s] -- Set runtime path of "/home/ssafy/pjt8_ws/install/ros2_control_demo_example_10/lib/libros2_control_demo_example_10.so" to ""
[5.585s] -- Installing: /home/ssafy/pjt8_ws/install/ros2_control_demo_example_10/share/ros2_control_demo_example_10/environment/library_path.sh
[5.585s] -- Installing: /home/ssafy/pjt8_ws/install/ros2_control_demo_example_10/share/ros2_control_demo_example_10/environment/library_path.dsv
[5.585s] -- Installing: /home/ssafy/pjt8_ws/install/ros2_control_demo_example_10/share/ament_index/resource_index/package_run_dependencies/ros2_control_demo_example_10
[5.585s] -- Installing: /home/ssafy/pjt8_ws/install/ros2_control_demo_example_10/share/ament_index/resource_index/parent_prefix_path/ros2_control_demo_example_10
[5.585s] -- Installing: /home/ssafy/pjt8_ws/install/ros2_control_demo_example_10/share/ros2_control_demo_example_10/environment/ament_prefix_path.sh
[5.585s] -- Installing: /home/ssafy/pjt8_ws/install/ros2_control_demo_example_10/share/ros2_control_demo_example_10/environment/ament_prefix_path.dsv
[5.586s] -- Installing: /home/ssafy/pjt8_ws/install/ros2_control_demo_example_10/share/ros2_control_demo_example_10/environment/path.sh
[5.586s] -- Installing: /home/ssafy/pjt8_ws/install/ros2_control_demo_example_10/share/ros2_control_demo_example_10/environment/path.dsv
[5.586s] -- Installing: /home/ssafy/pjt8_ws/install/ros2_control_demo_example_10/share/ros2_control_demo_example_10/local_setup.bash
[5.586s] -- Installing: /home/ssafy/pjt8_ws/install/ros2_control_demo_example_10/share/ros2_control_demo_example_10/local_setup.sh
[5.586s] -- Installing: /home/ssafy/pjt8_ws/install/ros2_control_demo_example_10/share/ros2_control_demo_example_10/local_setup.zsh
[5.586s] -- Installing: /home/ssafy/pjt8_ws/install/ros2_control_demo_example_10/share/ros2_control_demo_example_10/local_setup.dsv
[5.586s] -- Installing: /home/ssafy/pjt8_ws/install/ros2_control_demo_example_10/share/ros2_control_demo_example_10/package.dsv
[5.586s] -- Installing: /home/ssafy/pjt8_ws/install/ros2_control_demo_example_10/share/ament_index/resource_index/packages/ros2_control_demo_example_10
[5.587s] -- Installing: /home/ssafy/pjt8_ws/install/ros2_control_demo_example_10/share/ament_index/resource_index/hardware_interface__pluginlib__plugin/ros2_control_demo_example_10
[5.587s] -- Installing: /home/ssafy/pjt8_ws/install/ros2_control_demo_example_10/share/ros2_control_demo_example_10/cmake/export_ros2_control_demo_example_10Export.cmake
[5.587s] -- Installing: /home/ssafy/pjt8_ws/install/ros2_control_demo_example_10/share/ros2_control_demo_example_10/cmake/export_ros2_control_demo_example_10Export-noconfig.cmake
[5.587s] -- Installing: /home/ssafy/pjt8_ws/install/ros2_control_demo_example_10/share/ros2_control_demo_example_10/cmake/ament_cmake_export_targets-extras.cmake
[5.587s] -- Installing: /home/ssafy/pjt8_ws/install/ros2_control_demo_example_10/share/ros2_control_demo_example_10/cmake/ament_cmake_export_dependencies-extras.cmake
[5.587s] -- Installing: /home/ssafy/pjt8_ws/install/ros2_control_demo_example_10/share/ros2_control_demo_example_10/cmake/ros2_control_demo_example_10Config.cmake
[5.587s] -- Installing: /home/ssafy/pjt8_ws/install/ros2_control_demo_example_10/share/ros2_control_demo_example_10/cmake/ros2_control_demo_example_10Config-version.cmake
[5.587s] -- Installing: /home/ssafy/pjt8_ws/install/ros2_control_demo_example_10/share/ros2_control_demo_example_10/package.xml
[5.590s] Invoked command in '/home/ssafy/pjt8_ws/build/ros2_control_demo_example_10' returned '0': AMENT_PREFIX_PATH=/home/ssafy/pjt8_ws/install/ros2_control_demo_description:${AMENT_PREFIX_PATH} CMAKE_PREFIX_PATH=/home/ssafy/pjt8_ws/install/ros2_control_demo_description:/home/ssafy/ros2_ws/install/rs_camera:/opt/ros/humble /usr/bin/cmake --install /home/ssafy/pjt8_ws/build/ros2_control_demo_example_10
