[0.038s] Invoking command in '/home/ssafy/pjt8_ws/build/ros2_control_demo_example_1': AMENT_PREFIX_PATH=/home/ssafy/pjt8_ws/install/ros2_control_demo_description:${AMENT_PREFIX_PATH} CMAKE_PREFIX_PATH=/home/ssafy/pjt8_ws/install/ros2_control_demo_description:/home/ssafy/ros2_ws/install/rs_camera:/opt/ros/humble /usr/bin/cmake /home/ssafy/pjt8_ws/src/ros2_control_demos/example_1 -DCMAKE_INSTALL_PREFIX=/home/ssafy/pjt8_ws/install/ros2_control_demo_example_1
[0.128s] -- The CXX compiler identification is GNU 11.4.0
[0.136s] -- Detecting CXX compiler ABI info
[0.195s] -- Detecting CXX compiler ABI info - done
[0.202s] -- Check for working CXX compiler: /usr/bin/c++ - skipped
[0.202s] -- Detecting CXX compile features
[0.202s] -- Detecting CXX compile features - done
[0.204s] -- Found ament_cmake: 1.3.11 (/opt/ros/humble/share/ament_cmake/cmake)
[0.348s] -- Found Python3: /usr/bin/python3 (found version "3.10.12") found components: Interpreter 
[0.448s] -- Found hardware_interface: 2.49.0 (/opt/ros/humble/share/hardware_interface/cmake)
[0.491s] -- Found rosidl_generator_c: 3.1.6 (/opt/ros/humble/share/rosidl_generator_c/cmake)
[0.496s] -- Found rosidl_adapter: 3.1.6 (/opt/ros/humble/share/rosidl_adapter/cmake)
[0.505s] -- Found rosidl_generator_cpp: 3.1.6 (/opt/ros/humble/share/rosidl_generator_cpp/cmake)
[0.519s] -- Using all available rosidl_typesupport_c: rosidl_typesupport_fastrtps_c;rosidl_typesupport_introspection_c
[0.537s] -- Using all available rosidl_typesupport_cpp: rosidl_typesupport_fastrtps_cpp;rosidl_typesupport_introspection_cpp
[0.766s] -- Found rmw_implementation_cmake: 6.1.2 (/opt/ros/humble/share/rmw_implementation_cmake/cmake)
[0.769s] -- Found rmw_fastrtps_cpp: 6.2.7 (/opt/ros/humble/share/rmw_fastrtps_cpp/cmake)
[0.797s] -- Found TinyXML2 via Config file: TinyXML2_DIR-NOTFOUND
[0.845s] -- Found OpenSSL: /usr/lib/x86_64-linux-gnu/libcrypto.so (found version "3.0.2")  
[0.848s] -- Found TinyXML2 via Config file: TinyXML2_DIR-NOTFOUND
[0.861s] -- Found FastRTPS: /opt/ros/humble/include  
[0.865s] -- Found TinyXML2 via Config file: TinyXML2_DIR-NOTFOUND
[0.874s] -- Found TinyXML2 via Config file: TinyXML2_DIR-NOTFOUND
[0.882s] -- Using RMW implementation 'rmw_fastrtps_cpp' as default
[0.888s] -- Looking for C++ include pthread.h
[0.976s] -- Looking for C++ include pthread.h - found
[0.976s] -- Performing Test CMAKE_HAVE_LIBC_PTHREAD
[1.071s] -- Performing Test CMAKE_HAVE_LIBC_PTHREAD - Success
[1.072s] -- Found Threads: TRUE  
[1.109s] -- Found ament_cmake_pytest: 1.3.11 (/opt/ros/humble/share/ament_cmake_pytest/cmake)
[2.609s] -- Configuring done
[2.666s] -- Generating done
[2.679s] -- Build files have been written to: /home/ssafy/pjt8_ws/build/ros2_control_demo_example_1
[2.704s] Invoked command in '/home/ssafy/pjt8_ws/build/ros2_control_demo_example_1' returned '0': AMENT_PREFIX_PATH=/home/ssafy/pjt8_ws/install/ros2_control_demo_description:${AMENT_PREFIX_PATH} CMAKE_PREFIX_PATH=/home/ssafy/pjt8_ws/install/ros2_control_demo_description:/home/ssafy/ros2_ws/install/rs_camera:/opt/ros/humble /usr/bin/cmake /home/ssafy/pjt8_ws/src/ros2_control_demos/example_1 -DCMAKE_INSTALL_PREFIX=/home/ssafy/pjt8_ws/install/ros2_control_demo_example_1
[2.704s] Invoking command in '/home/ssafy/pjt8_ws/build/ros2_control_demo_example_1': AMENT_PREFIX_PATH=/home/ssafy/pjt8_ws/install/ros2_control_demo_description:${AMENT_PREFIX_PATH} CMAKE_PREFIX_PATH=/home/ssafy/pjt8_ws/install/ros2_control_demo_description:/home/ssafy/ros2_ws/install/rs_camera:/opt/ros/humble /usr/bin/cmake --build /home/ssafy/pjt8_ws/build/ros2_control_demo_example_1 -- -j20 -l20
[4.405s] [ 50%] [32mBuilding CXX object CMakeFiles/ros2_control_demo_example_1.dir/hardware/rrbot.cpp.o[0m
[5.531s] [100%] [32m[1mLinking CXX shared library libros2_control_demo_example_1.so[0m
[5.660s] [100%] Built target ros2_control_demo_example_1
[5.669s] Invoked command in '/home/ssafy/pjt8_ws/build/ros2_control_demo_example_1' returned '0': AMENT_PREFIX_PATH=/home/ssafy/pjt8_ws/install/ros2_control_demo_description:${AMENT_PREFIX_PATH} CMAKE_PREFIX_PATH=/home/ssafy/pjt8_ws/install/ros2_control_demo_description:/home/ssafy/ros2_ws/install/rs_camera:/opt/ros/humble /usr/bin/cmake --build /home/ssafy/pjt8_ws/build/ros2_control_demo_example_1 -- -j20 -l20
[5.670s] Invoking command in '/home/ssafy/pjt8_ws/build/ros2_control_demo_example_1': AMENT_PREFIX_PATH=/home/ssafy/pjt8_ws/install/ros2_control_demo_description:${AMENT_PREFIX_PATH} CMAKE_PREFIX_PATH=/home/ssafy/pjt8_ws/install/ros2_control_demo_description:/home/ssafy/ros2_ws/install/rs_camera:/opt/ros/humble /usr/bin/cmake --install /home/ssafy/pjt8_ws/build/ros2_control_demo_example_1
[5.675s] -- Install configuration: ""
[5.675s] -- Installing: /home/ssafy/pjt8_ws/install/ros2_control_demo_example_1/share/ros2_control_demo_example_1/ros2_control_demo_example_1.xml
[5.676s] -- Installing: /home/ssafy/pjt8_ws/install/ros2_control_demo_example_1/include/ros2_control_demo_example_1
[5.676s] -- Installing: /home/ssafy/pjt8_ws/install/ros2_control_demo_example_1/include/ros2_control_demo_example_1/ros2_control_demo_example_1
[5.676s] -- Installing: /home/ssafy/pjt8_ws/install/ros2_control_demo_example_1/include/ros2_control_demo_example_1/ros2_control_demo_example_1/rrbot.hpp
[5.676s] -- Installing: /home/ssafy/pjt8_ws/install/ros2_control_demo_example_1/share/ros2_control_demo_example_1/launch
[5.676s] -- Installing: /home/ssafy/pjt8_ws/install/ros2_control_demo_example_1/share/ros2_control_demo_example_1/launch/view_robot.launch.py
[5.676s] -- Installing: /home/ssafy/pjt8_ws/install/ros2_control_demo_example_1/share/ros2_control_demo_example_1/ros2_control
[5.676s] -- Installing: /home/ssafy/pjt8_ws/install/ros2_control_demo_example_1/share/ros2_control_demo_example_1/ros2_control/rrbot.ros2_control.xacro
[5.676s] -- Installing: /home/ssafy/pjt8_ws/install/ros2_control_demo_example_1/share/ros2_control_demo_example_1/urdf
[5.676s] -- Installing: /home/ssafy/pjt8_ws/install/ros2_control_demo_example_1/share/ros2_control_demo_example_1/urdf/rrbot.urdf.xacro
[5.676s] -- Up-to-date: /home/ssafy/pjt8_ws/install/ros2_control_demo_example_1/share/ros2_control_demo_example_1/launch
[5.677s] -- Installing: /home/ssafy/pjt8_ws/install/ros2_control_demo_example_1/share/ros2_control_demo_example_1/launch/test_joint_trajectory_controller.launch.py
[5.677s] -- Installing: /home/ssafy/pjt8_ws/install/ros2_control_demo_example_1/share/ros2_control_demo_example_1/launch/rrbot.launch.py
[5.677s] -- Installing: /home/ssafy/pjt8_ws/install/ros2_control_demo_example_1/share/ros2_control_demo_example_1/launch/test_forward_position_controller.launch.py
[5.677s] -- Installing: /home/ssafy/pjt8_ws/install/ros2_control_demo_example_1/share/ros2_control_demo_example_1/config
[5.677s] -- Installing: /home/ssafy/pjt8_ws/install/ros2_control_demo_example_1/share/ros2_control_demo_example_1/config/rrbot_joint_trajectory_publisher.yaml
[5.677s] -- Installing: /home/ssafy/pjt8_ws/install/ros2_control_demo_example_1/share/ros2_control_demo_example_1/config/rrbot_forward_position_publisher.yaml
[5.677s] -- Installing: /home/ssafy/pjt8_ws/install/ros2_control_demo_example_1/share/ros2_control_demo_example_1/config/rrbot_controllers.yaml
[5.677s] -- Installing: /home/ssafy/pjt8_ws/install/ros2_control_demo_example_1/lib/libros2_control_demo_example_1.so
[5.677s] -- Set runtime path of "/home/ssafy/pjt8_ws/install/ros2_control_demo_example_1/lib/libros2_control_demo_example_1.so" to ""
[5.678s] -- Installing: /home/ssafy/pjt8_ws/install/ros2_control_demo_example_1/share/ros2_control_demo_example_1/environment/library_path.sh
[5.678s] -- Installing: /home/ssafy/pjt8_ws/install/ros2_control_demo_example_1/share/ros2_control_demo_example_1/environment/library_path.dsv
[5.678s] -- Installing: /home/ssafy/pjt8_ws/install/ros2_control_demo_example_1/share/ament_index/resource_index/package_run_dependencies/ros2_control_demo_example_1
[5.678s] -- Installing: /home/ssafy/pjt8_ws/install/ros2_control_demo_example_1/share/ament_index/resource_index/parent_prefix_path/ros2_control_demo_example_1
[5.678s] -- Installing: /home/ssafy/pjt8_ws/install/ros2_control_demo_example_1/share/ros2_control_demo_example_1/environment/ament_prefix_path.sh
[5.678s] -- Installing: /home/ssafy/pjt8_ws/install/ros2_control_demo_example_1/share/ros2_control_demo_example_1/environment/ament_prefix_path.dsv
[5.678s] -- Installing: /home/ssafy/pjt8_ws/install/ros2_control_demo_example_1/share/ros2_control_demo_example_1/environment/path.sh
[5.678s] -- Installing: /home/ssafy/pjt8_ws/install/ros2_control_demo_example_1/share/ros2_control_demo_example_1/environment/path.dsv
[5.678s] -- Installing: /home/ssafy/pjt8_ws/install/ros2_control_demo_example_1/share/ros2_control_demo_example_1/local_setup.bash
[5.678s] -- Installing: /home/ssafy/pjt8_ws/install/ros2_control_demo_example_1/share/ros2_control_demo_example_1/local_setup.sh
[5.678s] -- Installing: /home/ssafy/pjt8_ws/install/ros2_control_demo_example_1/share/ros2_control_demo_example_1/local_setup.zsh
[5.679s] -- Installing: /home/ssafy/pjt8_ws/install/ros2_control_demo_example_1/share/ros2_control_demo_example_1/local_setup.dsv
[5.679s] -- Installing: /home/ssafy/pjt8_ws/install/ros2_control_demo_example_1/share/ros2_control_demo_example_1/package.dsv
[5.679s] -- Installing: /home/ssafy/pjt8_ws/install/ros2_control_demo_example_1/share/ament_index/resource_index/packages/ros2_control_demo_example_1
[5.679s] -- Installing: /home/ssafy/pjt8_ws/install/ros2_control_demo_example_1/share/ament_index/resource_index/hardware_interface__pluginlib__plugin/ros2_control_demo_example_1
[5.679s] -- Installing: /home/ssafy/pjt8_ws/install/ros2_control_demo_example_1/share/ros2_control_demo_example_1/cmake/export_ros2_control_demo_example_1Export.cmake
[5.679s] -- Installing: /home/ssafy/pjt8_ws/install/ros2_control_demo_example_1/share/ros2_control_demo_example_1/cmake/export_ros2_control_demo_example_1Export-noconfig.cmake
[5.680s] -- Installing: /home/ssafy/pjt8_ws/install/ros2_control_demo_example_1/share/ros2_control_demo_example_1/cmake/ament_cmake_export_targets-extras.cmake
[5.680s] -- Installing: /home/ssafy/pjt8_ws/install/ros2_control_demo_example_1/share/ros2_control_demo_example_1/cmake/ament_cmake_export_dependencies-extras.cmake
[5.680s] -- Installing: /home/ssafy/pjt8_ws/install/ros2_control_demo_example_1/share/ros2_control_demo_example_1/cmake/ros2_control_demo_example_1Config.cmake
[5.680s] -- Installing: /home/ssafy/pjt8_ws/install/ros2_control_demo_example_1/share/ros2_control_demo_example_1/cmake/ros2_control_demo_example_1Config-version.cmake
[5.681s] -- Installing: /home/ssafy/pjt8_ws/install/ros2_control_demo_example_1/share/ros2_control_demo_example_1/package.xml
[5.681s] Invoked command in '/home/ssafy/pjt8_ws/build/ros2_control_demo_example_1' returned '0': AMENT_PREFIX_PATH=/home/ssafy/pjt8_ws/install/ros2_control_demo_description:${AMENT_PREFIX_PATH} CMAKE_PREFIX_PATH=/home/ssafy/pjt8_ws/install/ros2_control_demo_description:/home/ssafy/ros2_ws/install/rs_camera:/opt/ros/humble /usr/bin/cmake --install /home/ssafy/pjt8_ws/build/ros2_control_demo_example_1
