[0.033s] Invoking command in '/home/ssafy/pjt8_ws/build/ros2_control_demo_example_12': CMAKE_PREFIX_PATH=/home/ssafy/pjt8_ws/install/ros2_control_demo_description:/home/ssafy/pjt8_ws/install/ros2_control_demos:/home/ssafy/pjt8_ws/install/ros2_control_demo_example_9:/home/ssafy/pjt8_ws/install/ros2_control_demo_example_8:/home/ssafy/pjt8_ws/install/ros2_control_demo_example_7:/home/ssafy/pjt8_ws/install/ros2_control_demo_example_6:/home/ssafy/pjt8_ws/install/ros2_control_demo_example_15:/home/ssafy/pjt8_ws/install/ros2_control_demo_example_13:/home/ssafy/pjt8_ws/install/ros2_control_demo_example_5:/home/ssafy/pjt8_ws/install/ros2_control_demo_example_4:/home/ssafy/pjt8_ws/install/ros2_control_demo_example_3:/home/ssafy/pjt8_ws/install/ros2_control_demo_example_2:/home/ssafy/pjt8_ws/install/ros2_control_demo_example_14:/home/ssafy/pjt8_ws/install/ros2_control_demo_example_12:/home/ssafy/pjt8_ws/install/ros2_control_demo_example_11:/home/ssafy/pjt8_ws/install/ros2_control_demo_example_10:/home/ssafy/pjt8_ws/install/ros2_control_demo_example_1:/opt/ros/humble /usr/bin/cmake --build /home/ssafy/pjt8_ws/build/ros2_control_demo_example_12 -- -j20 -l20
[0.068s] [35m[1mConsolidate compiler generated dependencies of target ros2_control_demo_example_12[0m
[0.073s] [ 33%] Built target passthrough_controller_parameters
[0.083s] [35m[1mConsolidate compiler generated dependencies of target passthrough_controller[0m
[0.087s] [ 66%] Built target ros2_control_demo_example_12
[0.106s] [100%] Built target passthrough_controller
[0.158s] Invoked command in '/home/ssafy/pjt8_ws/build/ros2_control_demo_example_12' returned '0': CMAKE_PREFIX_PATH=/home/ssafy/pjt8_ws/install/ros2_control_demo_description:/home/ssafy/pjt8_ws/install/ros2_control_demos:/home/ssafy/pjt8_ws/install/ros2_control_demo_example_9:/home/ssafy/pjt8_ws/install/ros2_control_demo_example_8:/home/ssafy/pjt8_ws/install/ros2_control_demo_example_7:/home/ssafy/pjt8_ws/install/ros2_control_demo_example_6:/home/ssafy/pjt8_ws/install/ros2_control_demo_example_15:/home/ssafy/pjt8_ws/install/ros2_control_demo_example_13:/home/ssafy/pjt8_ws/install/ros2_control_demo_example_5:/home/ssafy/pjt8_ws/install/ros2_control_demo_example_4:/home/ssafy/pjt8_ws/install/ros2_control_demo_example_3:/home/ssafy/pjt8_ws/install/ros2_control_demo_example_2:/home/ssafy/pjt8_ws/install/ros2_control_demo_example_14:/home/ssafy/pjt8_ws/install/ros2_control_demo_example_12:/home/ssafy/pjt8_ws/install/ros2_control_demo_example_11:/home/ssafy/pjt8_ws/install/ros2_control_demo_example_10:/home/ssafy/pjt8_ws/install/ros2_control_demo_example_1:/opt/ros/humble /usr/bin/cmake --build /home/ssafy/pjt8_ws/build/ros2_control_demo_example_12 -- -j20 -l20
[0.159s] Invoking command in '/home/ssafy/pjt8_ws/build/ros2_control_demo_example_12': CMAKE_PREFIX_PATH=/home/ssafy/pjt8_ws/install/ros2_control_demo_description:/home/ssafy/pjt8_ws/install/ros2_control_demos:/home/ssafy/pjt8_ws/install/ros2_control_demo_example_9:/home/ssafy/pjt8_ws/install/ros2_control_demo_example_8:/home/ssafy/pjt8_ws/install/ros2_control_demo_example_7:/home/ssafy/pjt8_ws/install/ros2_control_demo_example_6:/home/ssafy/pjt8_ws/install/ros2_control_demo_example_15:/home/ssafy/pjt8_ws/install/ros2_control_demo_example_13:/home/ssafy/pjt8_ws/install/ros2_control_demo_example_5:/home/ssafy/pjt8_ws/install/ros2_control_demo_example_4:/home/ssafy/pjt8_ws/install/ros2_control_demo_example_3:/home/ssafy/pjt8_ws/install/ros2_control_demo_example_2:/home/ssafy/pjt8_ws/install/ros2_control_demo_example_14:/home/ssafy/pjt8_ws/install/ros2_control_demo_example_12:/home/ssafy/pjt8_ws/install/ros2_control_demo_example_11:/home/ssafy/pjt8_ws/install/ros2_control_demo_example_10:/home/ssafy/pjt8_ws/install/ros2_control_demo_example_1:/opt/ros/humble /usr/bin/cmake --install /home/ssafy/pjt8_ws/build/ros2_control_demo_example_12
[0.183s] -- Install configuration: ""
[0.183s] -- Up-to-date: /home/ssafy/pjt8_ws/install/ros2_control_demo_example_12/share/ros2_control_demo_example_12/ros2_control_demo_example_12.xml
[0.183s] -- Up-to-date: /home/ssafy/pjt8_ws/install/ros2_control_demo_example_12/include/ros2_control_demo_example_12
[0.183s] -- Up-to-date: /home/ssafy/pjt8_ws/install/ros2_control_demo_example_12/include/ros2_control_demo_example_12/passthrough_controller_parameters.hpp
[0.183s] -- Up-to-date: /home/ssafy/pjt8_ws/install/ros2_control_demo_example_12/share/ros2_control_demo_example_12/passthrough_controller.xml
[0.183s] -- Up-to-date: /home/ssafy/pjt8_ws/install/ros2_control_demo_example_12/include/ros2_control_demo_example_12
[0.183s] -- Up-to-date: /home/ssafy/pjt8_ws/install/ros2_control_demo_example_12/include/ros2_control_demo_example_12/ros2_control_demo_example_12
[0.183s] -- Up-to-date: /home/ssafy/pjt8_ws/install/ros2_control_demo_example_12/include/ros2_control_demo_example_12/ros2_control_demo_example_12/rrbot.hpp
[0.183s] -- Up-to-date: /home/ssafy/pjt8_ws/install/ros2_control_demo_example_12/share/ros2_control_demo_example_12/launch
[0.183s] -- Up-to-date: /home/ssafy/pjt8_ws/install/ros2_control_demo_example_12/share/ros2_control_demo_example_12/launch/view_robot.launch.py
[0.183s] -- Up-to-date: /home/ssafy/pjt8_ws/install/ros2_control_demo_example_12/share/ros2_control_demo_example_12/ros2_control
[0.183s] -- Up-to-date: /home/ssafy/pjt8_ws/install/ros2_control_demo_example_12/share/ros2_control_demo_example_12/ros2_control/rrbot.ros2_control.xacro
[0.183s] -- Up-to-date: /home/ssafy/pjt8_ws/install/ros2_control_demo_example_12/share/ros2_control_demo_example_12/urdf
[0.183s] -- Up-to-date: /home/ssafy/pjt8_ws/install/ros2_control_demo_example_12/share/ros2_control_demo_example_12/urdf/rrbot.urdf.xacro
[0.183s] -- Up-to-date: /home/ssafy/pjt8_ws/install/ros2_control_demo_example_12/share/ros2_control_demo_example_12/launch
[0.183s] -- Up-to-date: /home/ssafy/pjt8_ws/install/ros2_control_demo_example_12/share/ros2_control_demo_example_12/launch/rrbot.launch.py
[0.183s] -- Up-to-date: /home/ssafy/pjt8_ws/install/ros2_control_demo_example_12/share/ros2_control_demo_example_12/launch/launch_chained_controllers.launch.py
[0.183s] -- Up-to-date: /home/ssafy/pjt8_ws/install/ros2_control_demo_example_12/share/ros2_control_demo_example_12/config
[0.183s] -- Up-to-date: /home/ssafy/pjt8_ws/install/ros2_control_demo_example_12/share/ros2_control_demo_example_12/config/rrbot_chained_controllers.yaml
[0.183s] -- Up-to-date: /home/ssafy/pjt8_ws/install/ros2_control_demo_example_12/lib/libros2_control_demo_example_12.so
[0.183s] -- Up-to-date: /home/ssafy/pjt8_ws/install/ros2_control_demo_example_12/include/passthrough_controller
[0.183s] -- Up-to-date: /home/ssafy/pjt8_ws/install/ros2_control_demo_example_12/include/passthrough_controller/passthrough_controller
[0.183s] -- Up-to-date: /home/ssafy/pjt8_ws/install/ros2_control_demo_example_12/include/passthrough_controller/passthrough_controller/passthrough_controller.hpp
[0.183s] -- Up-to-date: /home/ssafy/pjt8_ws/install/ros2_control_demo_example_12/lib/libpassthrough_controller.so
[0.184s] -- Up-to-date: /home/ssafy/pjt8_ws/install/ros2_control_demo_example_12/share/ros2_control_demo_example_12/environment/library_path.sh
[0.184s] -- Up-to-date: /home/ssafy/pjt8_ws/install/ros2_control_demo_example_12/share/ros2_control_demo_example_12/environment/library_path.dsv
[0.184s] -- Up-to-date: /home/ssafy/pjt8_ws/install/ros2_control_demo_example_12/share/ament_index/resource_index/package_run_dependencies/ros2_control_demo_example_12
[0.184s] -- Up-to-date: /home/ssafy/pjt8_ws/install/ros2_control_demo_example_12/share/ament_index/resource_index/parent_prefix_path/ros2_control_demo_example_12
[0.184s] -- Up-to-date: /home/ssafy/pjt8_ws/install/ros2_control_demo_example_12/share/ros2_control_demo_example_12/environment/ament_prefix_path.sh
[0.184s] -- Up-to-date: /home/ssafy/pjt8_ws/install/ros2_control_demo_example_12/share/ros2_control_demo_example_12/environment/ament_prefix_path.dsv
[0.184s] -- Up-to-date: /home/ssafy/pjt8_ws/install/ros2_control_demo_example_12/share/ros2_control_demo_example_12/environment/path.sh
[0.184s] -- Up-to-date: /home/ssafy/pjt8_ws/install/ros2_control_demo_example_12/share/ros2_control_demo_example_12/environment/path.dsv
[0.184s] -- Up-to-date: /home/ssafy/pjt8_ws/install/ros2_control_demo_example_12/share/ros2_control_demo_example_12/local_setup.bash
[0.184s] -- Up-to-date: /home/ssafy/pjt8_ws/install/ros2_control_demo_example_12/share/ros2_control_demo_example_12/local_setup.sh
[0.184s] -- Up-to-date: /home/ssafy/pjt8_ws/install/ros2_control_demo_example_12/share/ros2_control_demo_example_12/local_setup.zsh
[0.184s] -- Up-to-date: /home/ssafy/pjt8_ws/install/ros2_control_demo_example_12/share/ros2_control_demo_example_12/local_setup.dsv
[0.184s] -- Installing: /home/ssafy/pjt8_ws/install/ros2_control_demo_example_12/share/ros2_control_demo_example_12/package.dsv
[0.184s] -- Up-to-date: /home/ssafy/pjt8_ws/install/ros2_control_demo_example_12/share/ament_index/resource_index/packages/ros2_control_demo_example_12
[0.184s] -- Up-to-date: /home/ssafy/pjt8_ws/install/ros2_control_demo_example_12/share/ament_index/resource_index/hardware_interface__pluginlib__plugin/ros2_control_demo_example_12
[0.184s] -- Up-to-date: /home/ssafy/pjt8_ws/install/ros2_control_demo_example_12/share/ament_index/resource_index/controller_interface__pluginlib__plugin/ros2_control_demo_example_12
[0.184s] -- Up-to-date: /home/ssafy/pjt8_ws/install/ros2_control_demo_example_12/share/ros2_control_demo_example_12/cmake/export_passthrough_controllerExport.cmake
[0.184s] -- Up-to-date: /home/ssafy/pjt8_ws/install/ros2_control_demo_example_12/share/ros2_control_demo_example_12/cmake/export_passthrough_controllerExport-noconfig.cmake
[0.184s] -- Up-to-date: /home/ssafy/pjt8_ws/install/ros2_control_demo_example_12/share/ros2_control_demo_example_12/cmake/export_ros2_control_demo_example_12Export.cmake
[0.184s] -- Up-to-date: /home/ssafy/pjt8_ws/install/ros2_control_demo_example_12/share/ros2_control_demo_example_12/cmake/export_ros2_control_demo_example_12Export-noconfig.cmake
[0.184s] -- Up-to-date: /home/ssafy/pjt8_ws/install/ros2_control_demo_example_12/share/ros2_control_demo_example_12/cmake/ament_cmake_export_dependencies-extras.cmake
[0.184s] -- Up-to-date: /home/ssafy/pjt8_ws/install/ros2_control_demo_example_12/share/ros2_control_demo_example_12/cmake/ament_cmake_export_targets-extras.cmake
[0.184s] -- Up-to-date: /home/ssafy/pjt8_ws/install/ros2_control_demo_example_12/share/ros2_control_demo_example_12/cmake/ros2_control_demo_example_12Config.cmake
[0.184s] -- Up-to-date: /home/ssafy/pjt8_ws/install/ros2_control_demo_example_12/share/ros2_control_demo_example_12/cmake/ros2_control_demo_example_12Config-version.cmake
[0.184s] -- Up-to-date: /home/ssafy/pjt8_ws/install/ros2_control_demo_example_12/share/ros2_control_demo_example_12/package.xml
[0.243s] Invoked command in '/home/ssafy/pjt8_ws/build/ros2_control_demo_example_12' returned '0': CMAKE_PREFIX_PATH=/home/ssafy/pjt8_ws/install/ros2_control_demo_description:/home/ssafy/pjt8_ws/install/ros2_control_demos:/home/ssafy/pjt8_ws/install/ros2_control_demo_example_9:/home/ssafy/pjt8_ws/install/ros2_control_demo_example_8:/home/ssafy/pjt8_ws/install/ros2_control_demo_example_7:/home/ssafy/pjt8_ws/install/ros2_control_demo_example_6:/home/ssafy/pjt8_ws/install/ros2_control_demo_example_15:/home/ssafy/pjt8_ws/install/ros2_control_demo_example_13:/home/ssafy/pjt8_ws/install/ros2_control_demo_example_5:/home/ssafy/pjt8_ws/install/ros2_control_demo_example_4:/home/ssafy/pjt8_ws/install/ros2_control_demo_example_3:/home/ssafy/pjt8_ws/install/ros2_control_demo_example_2:/home/ssafy/pjt8_ws/install/ros2_control_demo_example_14:/home/ssafy/pjt8_ws/install/ros2_control_demo_example_12:/home/ssafy/pjt8_ws/install/ros2_control_demo_example_11:/home/ssafy/pjt8_ws/install/ros2_control_demo_example_10:/home/ssafy/pjt8_ws/install/ros2_control_demo_example_1:/opt/ros/humble /usr/bin/cmake --install /home/ssafy/pjt8_ws/build/ros2_control_demo_example_12
