[0.041s] Invoking command in '/home/ssafy/pjt8_ws/build/ros2_control_demo_example_3': AMENT_PREFIX_PATH=/home/ssafy/pjt8_ws/install/ros2_control_demo_description:${AMENT_PREFIX_PATH} CMAKE_PREFIX_PATH=/home/ssafy/pjt8_ws/install/ros2_control_demo_description:/home/ssafy/ros2_ws/install/rs_camera:/opt/ros/humble /usr/bin/cmake /home/ssafy/pjt8_ws/src/ros2_control_demos/example_3 -DCMAKE_INSTALL_PREFIX=/home/ssafy/pjt8_ws/install/ros2_control_demo_example_3
[0.129s] -- The CXX compiler identification is GNU 11.4.0
[0.137s] -- Detecting CXX compiler ABI info
[0.214s] -- Detecting CXX compiler ABI info - done
[0.224s] -- Check for working CXX compiler: /usr/bin/c++ - skipped
[0.225s] -- Detecting CXX compile features
[0.225s] -- Detecting CXX compile features - done
[0.229s] -- Found ament_cmake: 1.3.11 (/opt/ros/humble/share/ament_cmake/cmake)
[0.363s] -- Found Python3: /usr/bin/python3 (found version "3.10.12") found components: Interpreter 
[0.420s] -- Found hardware_interface: 2.49.0 (/opt/ros/humble/share/hardware_interface/cmake)
[0.446s] -- Found rosidl_generator_c: 3.1.6 (/opt/ros/humble/share/rosidl_generator_c/cmake)
[0.449s] -- Found rosidl_adapter: 3.1.6 (/opt/ros/humble/share/rosidl_adapter/cmake)
[0.454s] -- Found rosidl_generator_cpp: 3.1.6 (/opt/ros/humble/share/rosidl_generator_cpp/cmake)
[0.462s] -- Using all available rosidl_typesupport_c: rosidl_typesupport_fastrtps_c;rosidl_typesupport_introspection_c
[0.472s] -- Using all available rosidl_typesupport_cpp: rosidl_typesupport_fastrtps_cpp;rosidl_typesupport_introspection_cpp
[0.617s] -- Found rmw_implementation_cmake: 6.1.2 (/opt/ros/humble/share/rmw_implementation_cmake/cmake)
[0.618s] -- Found rmw_fastrtps_cpp: 6.2.7 (/opt/ros/humble/share/rmw_fastrtps_cpp/cmake)
[0.640s] -- Found TinyXML2 via Config file: TinyXML2_DIR-NOTFOUND
[0.674s] -- Found OpenSSL: /usr/lib/x86_64-linux-gnu/libcrypto.so (found version "3.0.2")  
[0.677s] -- Found TinyXML2 via Config file: TinyXML2_DIR-NOTFOUND
[0.690s] -- Found FastRTPS: /opt/ros/humble/include  
[0.692s] -- Found TinyXML2 via Config file: TinyXML2_DIR-NOTFOUND
[0.699s] -- Found TinyXML2 via Config file: TinyXML2_DIR-NOTFOUND
[0.706s] -- Using RMW implementation 'rmw_fastrtps_cpp' as default
[0.713s] -- Looking for C++ include pthread.h
[0.800s] -- Looking for C++ include pthread.h - found
[0.800s] -- Performing Test CMAKE_HAVE_LIBC_PTHREAD
[0.892s] -- Performing Test CMAKE_HAVE_LIBC_PTHREAD - Success
[0.893s] -- Found Threads: TRUE  
[0.948s] -- Found ament_cmake_pytest: 1.3.11 (/opt/ros/humble/share/ament_cmake_pytest/cmake)
[2.265s] -- Configuring done
[2.305s] -- Generating done
[2.309s] -- Build files have been written to: /home/ssafy/pjt8_ws/build/ros2_control_demo_example_3
[2.324s] Invoked command in '/home/ssafy/pjt8_ws/build/ros2_control_demo_example_3' returned '0': AMENT_PREFIX_PATH=/home/ssafy/pjt8_ws/install/ros2_control_demo_description:${AMENT_PREFIX_PATH} CMAKE_PREFIX_PATH=/home/ssafy/pjt8_ws/install/ros2_control_demo_description:/home/ssafy/ros2_ws/install/rs_camera:/opt/ros/humble /usr/bin/cmake /home/ssafy/pjt8_ws/src/ros2_control_demos/example_3 -DCMAKE_INSTALL_PREFIX=/home/ssafy/pjt8_ws/install/ros2_control_demo_example_3
[2.325s] Invoking command in '/home/ssafy/pjt8_ws/build/ros2_control_demo_example_3': AMENT_PREFIX_PATH=/home/ssafy/pjt8_ws/install/ros2_control_demo_description:${AMENT_PREFIX_PATH} CMAKE_PREFIX_PATH=/home/ssafy/pjt8_ws/install/ros2_control_demo_description:/home/ssafy/ros2_ws/install/rs_camera:/opt/ros/humble /usr/bin/cmake --build /home/ssafy/pjt8_ws/build/ros2_control_demo_example_3 -- -j20 -l20
[2.382s] [ 50%] [32mBuilding CXX object CMakeFiles/ros2_control_demo_example_3.dir/hardware/rrbot_system_multi_interface.cpp.o[0m
[6.277s] [100%] [32m[1mLinking CXX shared library libros2_control_demo_example_3.so[0m
[6.488s] [100%] Built target ros2_control_demo_example_3
[6.500s] Invoked command in '/home/ssafy/pjt8_ws/build/ros2_control_demo_example_3' returned '0': AMENT_PREFIX_PATH=/home/ssafy/pjt8_ws/install/ros2_control_demo_description:${AMENT_PREFIX_PATH} CMAKE_PREFIX_PATH=/home/ssafy/pjt8_ws/install/ros2_control_demo_description:/home/ssafy/ros2_ws/install/rs_camera:/opt/ros/humble /usr/bin/cmake --build /home/ssafy/pjt8_ws/build/ros2_control_demo_example_3 -- -j20 -l20
[6.501s] Invoking command in '/home/ssafy/pjt8_ws/build/ros2_control_demo_example_3': AMENT_PREFIX_PATH=/home/ssafy/pjt8_ws/install/ros2_control_demo_description:${AMENT_PREFIX_PATH} CMAKE_PREFIX_PATH=/home/ssafy/pjt8_ws/install/ros2_control_demo_description:/home/ssafy/ros2_ws/install/rs_camera:/opt/ros/humble /usr/bin/cmake --install /home/ssafy/pjt8_ws/build/ros2_control_demo_example_3
[6.507s] -- Install configuration: ""
[6.508s] -- Installing: /home/ssafy/pjt8_ws/install/ros2_control_demo_example_3/share/ros2_control_demo_example_3/ros2_control_demo_example_3.xml
[6.508s] -- Installing: /home/ssafy/pjt8_ws/install/ros2_control_demo_example_3/include/ros2_control_demo_example_3
[6.508s] -- Installing: /home/ssafy/pjt8_ws/install/ros2_control_demo_example_3/include/ros2_control_demo_example_3/ros2_control_demo_example_3
[6.508s] -- Installing: /home/ssafy/pjt8_ws/install/ros2_control_demo_example_3/include/ros2_control_demo_example_3/ros2_control_demo_example_3/rrbot_system_multi_interface.hpp
[6.508s] -- Installing: /home/ssafy/pjt8_ws/install/ros2_control_demo_example_3/share/ros2_control_demo_example_3/launch
[6.508s] -- Installing: /home/ssafy/pjt8_ws/install/ros2_control_demo_example_3/share/ros2_control_demo_example_3/launch/view_robot.launch.py
[6.508s] -- Installing: /home/ssafy/pjt8_ws/install/ros2_control_demo_example_3/share/ros2_control_demo_example_3/ros2_control
[6.508s] -- Installing: /home/ssafy/pjt8_ws/install/ros2_control_demo_example_3/share/ros2_control_demo_example_3/ros2_control/rrbot_system_multi_interface.ros2_control.xacro
[6.508s] -- Installing: /home/ssafy/pjt8_ws/install/ros2_control_demo_example_3/share/ros2_control_demo_example_3/urdf
[6.508s] -- Installing: /home/ssafy/pjt8_ws/install/ros2_control_demo_example_3/share/ros2_control_demo_example_3/urdf/rrbot_system_multi_interface.urdf.xacro
[6.508s] -- Up-to-date: /home/ssafy/pjt8_ws/install/ros2_control_demo_example_3/share/ros2_control_demo_example_3/launch
[6.509s] -- Installing: /home/ssafy/pjt8_ws/install/ros2_control_demo_example_3/share/ros2_control_demo_example_3/launch/rrbot_system_multi_interface.launch.py
[6.509s] -- Installing: /home/ssafy/pjt8_ws/install/ros2_control_demo_example_3/share/ros2_control_demo_example_3/launch/test_forward_position_controller.launch.py
[6.509s] -- Installing: /home/ssafy/pjt8_ws/install/ros2_control_demo_example_3/share/ros2_control_demo_example_3/config
[6.509s] -- Installing: /home/ssafy/pjt8_ws/install/ros2_control_demo_example_3/share/ros2_control_demo_example_3/config/rrbot_multi_interface_forward_controllers.yaml
[6.509s] -- Installing: /home/ssafy/pjt8_ws/install/ros2_control_demo_example_3/share/ros2_control_demo_example_3/config/rrbot_forward_position_publisher.yaml
[6.509s] -- Installing: /home/ssafy/pjt8_ws/install/ros2_control_demo_example_3/lib/libros2_control_demo_example_3.so
[6.509s] -- Set runtime path of "/home/ssafy/pjt8_ws/install/ros2_control_demo_example_3/lib/libros2_control_demo_example_3.so" to ""
[6.509s] -- Installing: /home/ssafy/pjt8_ws/install/ros2_control_demo_example_3/share/ros2_control_demo_example_3/environment/library_path.sh
[6.509s] -- Installing: /home/ssafy/pjt8_ws/install/ros2_control_demo_example_3/share/ros2_control_demo_example_3/environment/library_path.dsv
[6.509s] -- Installing: /home/ssafy/pjt8_ws/install/ros2_control_demo_example_3/share/ament_index/resource_index/package_run_dependencies/ros2_control_demo_example_3
[6.509s] -- Installing: /home/ssafy/pjt8_ws/install/ros2_control_demo_example_3/share/ament_index/resource_index/parent_prefix_path/ros2_control_demo_example_3
[6.509s] -- Installing: /home/ssafy/pjt8_ws/install/ros2_control_demo_example_3/share/ros2_control_demo_example_3/environment/ament_prefix_path.sh
[6.510s] -- Installing: /home/ssafy/pjt8_ws/install/ros2_control_demo_example_3/share/ros2_control_demo_example_3/environment/ament_prefix_path.dsv
[6.510s] -- Installing: /home/ssafy/pjt8_ws/install/ros2_control_demo_example_3/share/ros2_control_demo_example_3/environment/path.sh
[6.510s] -- Installing: /home/ssafy/pjt8_ws/install/ros2_control_demo_example_3/share/ros2_control_demo_example_3/environment/path.dsv
[6.510s] -- Installing: /home/ssafy/pjt8_ws/install/ros2_control_demo_example_3/share/ros2_control_demo_example_3/local_setup.bash
[6.510s] -- Installing: /home/ssafy/pjt8_ws/install/ros2_control_demo_example_3/share/ros2_control_demo_example_3/local_setup.sh
[6.510s] -- Installing: /home/ssafy/pjt8_ws/install/ros2_control_demo_example_3/share/ros2_control_demo_example_3/local_setup.zsh
[6.510s] -- Installing: /home/ssafy/pjt8_ws/install/ros2_control_demo_example_3/share/ros2_control_demo_example_3/local_setup.dsv
[6.510s] -- Installing: /home/ssafy/pjt8_ws/install/ros2_control_demo_example_3/share/ros2_control_demo_example_3/package.dsv
[6.510s] -- Installing: /home/ssafy/pjt8_ws/install/ros2_control_demo_example_3/share/ament_index/resource_index/packages/ros2_control_demo_example_3
[6.510s] -- Installing: /home/ssafy/pjt8_ws/install/ros2_control_demo_example_3/share/ament_index/resource_index/hardware_interface__pluginlib__plugin/ros2_control_demo_example_3
[6.510s] -- Installing: /home/ssafy/pjt8_ws/install/ros2_control_demo_example_3/share/ros2_control_demo_example_3/cmake/export_ros2_control_demo_example_3Export.cmake
[6.510s] -- Installing: /home/ssafy/pjt8_ws/install/ros2_control_demo_example_3/share/ros2_control_demo_example_3/cmake/export_ros2_control_demo_example_3Export-noconfig.cmake
[6.511s] -- Installing: /home/ssafy/pjt8_ws/install/ros2_control_demo_example_3/share/ros2_control_demo_example_3/cmake/ament_cmake_export_targets-extras.cmake
[6.511s] -- Installing: /home/ssafy/pjt8_ws/install/ros2_control_demo_example_3/share/ros2_control_demo_example_3/cmake/ament_cmake_export_dependencies-extras.cmake
[6.511s] -- Installing: /home/ssafy/pjt8_ws/install/ros2_control_demo_example_3/share/ros2_control_demo_example_3/cmake/ros2_control_demo_example_3Config.cmake
[6.511s] -- Installing: /home/ssafy/pjt8_ws/install/ros2_control_demo_example_3/share/ros2_control_demo_example_3/cmake/ros2_control_demo_example_3Config-version.cmake
[6.511s] -- Installing: /home/ssafy/pjt8_ws/install/ros2_control_demo_example_3/share/ros2_control_demo_example_3/package.xml
[6.512s] Invoked command in '/home/ssafy/pjt8_ws/build/ros2_control_demo_example_3' returned '0': AMENT_PREFIX_PATH=/home/ssafy/pjt8_ws/install/ros2_control_demo_description:${AMENT_PREFIX_PATH} CMAKE_PREFIX_PATH=/home/ssafy/pjt8_ws/install/ros2_control_demo_description:/home/ssafy/ros2_ws/install/rs_camera:/opt/ros/humble /usr/bin/cmake --install /home/ssafy/pjt8_ws/build/ros2_control_demo_example_3
