[0.037s] Invoking command in '/home/ssafy/pjt8_ws/build/ros2_control_demo_example_4': AMENT_PREFIX_PATH=/home/ssafy/pjt8_ws/install/ros2_control_demo_description:${AMENT_PREFIX_PATH} CMAKE_PREFIX_PATH=/home/ssafy/pjt8_ws/install/ros2_control_demo_description:/home/ssafy/ros2_ws/install/rs_camera:/opt/ros/humble /usr/bin/cmake /home/ssafy/pjt8_ws/src/ros2_control_demos/example_4 -DCMAKE_INSTALL_PREFIX=/home/ssafy/pjt8_ws/install/ros2_control_demo_example_4
[0.140s] -- The CXX compiler identification is GNU 11.4.0
[0.147s] -- Detecting CXX compiler ABI info
[0.220s] -- Detecting CXX compiler ABI info - done
[0.225s] -- Check for working CXX compiler: /usr/bin/c++ - skipped
[0.225s] -- Detecting CXX compile features
[0.226s] -- Detecting CXX compile features - done
[0.228s] -- Found ament_cmake: 1.3.11 (/opt/ros/humble/share/ament_cmake/cmake)
[0.328s] -- Found Python3: /usr/bin/python3 (found version "3.10.12") found components: Interpreter 
[0.396s] -- Found hardware_interface: 2.49.0 (/opt/ros/humble/share/hardware_interface/cmake)
[0.445s] -- Found rosidl_generator_c: 3.1.6 (/opt/ros/humble/share/rosidl_generator_c/cmake)
[0.449s] -- Found rosidl_adapter: 3.1.6 (/opt/ros/humble/share/rosidl_adapter/cmake)
[0.458s] -- Found rosidl_generator_cpp: 3.1.6 (/opt/ros/humble/share/rosidl_generator_cpp/cmake)
[0.470s] -- Using all available rosidl_typesupport_c: rosidl_typesupport_fastrtps_c;rosidl_typesupport_introspection_c
[0.488s] -- Using all available rosidl_typesupport_cpp: rosidl_typesupport_fastrtps_cpp;rosidl_typesupport_introspection_cpp
[0.715s] -- Found rmw_implementation_cmake: 6.1.2 (/opt/ros/humble/share/rmw_implementation_cmake/cmake)
[0.718s] -- Found rmw_fastrtps_cpp: 6.2.7 (/opt/ros/humble/share/rmw_fastrtps_cpp/cmake)
[0.746s] -- Found TinyXML2 via Config file: TinyXML2_DIR-NOTFOUND
[0.783s] -- Found OpenSSL: /usr/lib/x86_64-linux-gnu/libcrypto.so (found version "3.0.2")  
[0.787s] -- Found TinyXML2 via Config file: TinyXML2_DIR-NOTFOUND
[0.807s] -- Found FastRTPS: /opt/ros/humble/include  
[0.811s] -- Found TinyXML2 via Config file: TinyXML2_DIR-NOTFOUND
[0.818s] -- Found TinyXML2 via Config file: TinyXML2_DIR-NOTFOUND
[0.831s] -- Using RMW implementation 'rmw_fastrtps_cpp' as default
[0.841s] -- Looking for C++ include pthread.h
[0.934s] -- Looking for C++ include pthread.h - found
[0.934s] -- Performing Test CMAKE_HAVE_LIBC_PTHREAD
[1.021s] -- Performing Test CMAKE_HAVE_LIBC_PTHREAD - Success
[1.022s] -- Found Threads: TRUE  
[1.062s] -- Found ament_cmake_pytest: 1.3.11 (/opt/ros/humble/share/ament_cmake_pytest/cmake)
[2.239s] -- Configuring done
[2.264s] -- Generating done
[2.270s] -- Build files have been written to: /home/ssafy/pjt8_ws/build/ros2_control_demo_example_4
[2.285s] Invoked command in '/home/ssafy/pjt8_ws/build/ros2_control_demo_example_4' returned '0': AMENT_PREFIX_PATH=/home/ssafy/pjt8_ws/install/ros2_control_demo_description:${AMENT_PREFIX_PATH} CMAKE_PREFIX_PATH=/home/ssafy/pjt8_ws/install/ros2_control_demo_description:/home/ssafy/ros2_ws/install/rs_camera:/opt/ros/humble /usr/bin/cmake /home/ssafy/pjt8_ws/src/ros2_control_demos/example_4 -DCMAKE_INSTALL_PREFIX=/home/ssafy/pjt8_ws/install/ros2_control_demo_example_4
[2.286s] Invoking command in '/home/ssafy/pjt8_ws/build/ros2_control_demo_example_4': AMENT_PREFIX_PATH=/home/ssafy/pjt8_ws/install/ros2_control_demo_description:${AMENT_PREFIX_PATH} CMAKE_PREFIX_PATH=/home/ssafy/pjt8_ws/install/ros2_control_demo_description:/home/ssafy/ros2_ws/install/rs_camera:/opt/ros/humble /usr/bin/cmake --build /home/ssafy/pjt8_ws/build/ros2_control_demo_example_4 -- -j20 -l20
[2.342s] [ 50%] [32mBuilding CXX object CMakeFiles/ros2_control_demo_example_4.dir/hardware/rrbot_system_with_sensor.cpp.o[0m
[7.025s] [100%] [32m[1mLinking CXX shared library libros2_control_demo_example_4.so[0m
[7.157s] [100%] Built target ros2_control_demo_example_4
[7.168s] Invoked command in '/home/ssafy/pjt8_ws/build/ros2_control_demo_example_4' returned '0': AMENT_PREFIX_PATH=/home/ssafy/pjt8_ws/install/ros2_control_demo_description:${AMENT_PREFIX_PATH} CMAKE_PREFIX_PATH=/home/ssafy/pjt8_ws/install/ros2_control_demo_description:/home/ssafy/ros2_ws/install/rs_camera:/opt/ros/humble /usr/bin/cmake --build /home/ssafy/pjt8_ws/build/ros2_control_demo_example_4 -- -j20 -l20
[7.170s] Invoking command in '/home/ssafy/pjt8_ws/build/ros2_control_demo_example_4': AMENT_PREFIX_PATH=/home/ssafy/pjt8_ws/install/ros2_control_demo_description:${AMENT_PREFIX_PATH} CMAKE_PREFIX_PATH=/home/ssafy/pjt8_ws/install/ros2_control_demo_description:/home/ssafy/ros2_ws/install/rs_camera:/opt/ros/humble /usr/bin/cmake --install /home/ssafy/pjt8_ws/build/ros2_control_demo_example_4
[7.176s] -- Install configuration: ""
[7.176s] -- Installing: /home/ssafy/pjt8_ws/install/ros2_control_demo_example_4/share/ros2_control_demo_example_4/ros2_control_demo_example_4.xml
[7.176s] -- Installing: /home/ssafy/pjt8_ws/install/ros2_control_demo_example_4/include/ros2_control_demo_example_4
[7.176s] -- Installing: /home/ssafy/pjt8_ws/install/ros2_control_demo_example_4/include/ros2_control_demo_example_4/ros2_control_demo_example_4
[7.176s] -- Installing: /home/ssafy/pjt8_ws/install/ros2_control_demo_example_4/include/ros2_control_demo_example_4/ros2_control_demo_example_4/rrbot_system_with_sensor.hpp
[7.176s] -- Installing: /home/ssafy/pjt8_ws/install/ros2_control_demo_example_4/share/ros2_control_demo_example_4/launch
[7.176s] -- Installing: /home/ssafy/pjt8_ws/install/ros2_control_demo_example_4/share/ros2_control_demo_example_4/launch/view_robot.launch.py
[7.177s] -- Installing: /home/ssafy/pjt8_ws/install/ros2_control_demo_example_4/share/ros2_control_demo_example_4/ros2_control
[7.177s] -- Installing: /home/ssafy/pjt8_ws/install/ros2_control_demo_example_4/share/ros2_control_demo_example_4/ros2_control/rrbot_system_with_sensor.ros2_control.xacro
[7.177s] -- Installing: /home/ssafy/pjt8_ws/install/ros2_control_demo_example_4/share/ros2_control_demo_example_4/urdf
[7.177s] -- Installing: /home/ssafy/pjt8_ws/install/ros2_control_demo_example_4/share/ros2_control_demo_example_4/urdf/rrbot_system_with_sensor.urdf.xacro
[7.177s] -- Installing: /home/ssafy/pjt8_ws/install/ros2_control_demo_example_4/share/ros2_control_demo_example_4/rviz
[7.177s] -- Installing: /home/ssafy/pjt8_ws/install/ros2_control_demo_example_4/share/ros2_control_demo_example_4/rviz/rrbot.rviz
[7.177s] -- Up-to-date: /home/ssafy/pjt8_ws/install/ros2_control_demo_example_4/share/ros2_control_demo_example_4/launch
[7.177s] -- Installing: /home/ssafy/pjt8_ws/install/ros2_control_demo_example_4/share/ros2_control_demo_example_4/launch/rrbot_system_with_sensor.launch.py
[7.177s] -- Installing: /home/ssafy/pjt8_ws/install/ros2_control_demo_example_4/share/ros2_control_demo_example_4/launch/test_forward_position_controller.launch.py
[7.177s] -- Installing: /home/ssafy/pjt8_ws/install/ros2_control_demo_example_4/share/ros2_control_demo_example_4/config
[7.177s] -- Installing: /home/ssafy/pjt8_ws/install/ros2_control_demo_example_4/share/ros2_control_demo_example_4/config/rrbot_forward_position_publisher.yaml
[7.177s] -- Installing: /home/ssafy/pjt8_ws/install/ros2_control_demo_example_4/share/ros2_control_demo_example_4/config/rrbot_with_sensor_controllers.yaml
[7.178s] -- Installing: /home/ssafy/pjt8_ws/install/ros2_control_demo_example_4/lib/libros2_control_demo_example_4.so
[7.178s] -- Set runtime path of "/home/ssafy/pjt8_ws/install/ros2_control_demo_example_4/lib/libros2_control_demo_example_4.so" to ""
[7.178s] -- Installing: /home/ssafy/pjt8_ws/install/ros2_control_demo_example_4/share/ros2_control_demo_example_4/environment/library_path.sh
[7.178s] -- Installing: /home/ssafy/pjt8_ws/install/ros2_control_demo_example_4/share/ros2_control_demo_example_4/environment/library_path.dsv
[7.178s] -- Installing: /home/ssafy/pjt8_ws/install/ros2_control_demo_example_4/share/ament_index/resource_index/package_run_dependencies/ros2_control_demo_example_4
[7.178s] -- Installing: /home/ssafy/pjt8_ws/install/ros2_control_demo_example_4/share/ament_index/resource_index/parent_prefix_path/ros2_control_demo_example_4
[7.178s] -- Installing: /home/ssafy/pjt8_ws/install/ros2_control_demo_example_4/share/ros2_control_demo_example_4/environment/ament_prefix_path.sh
[7.178s] -- Installing: /home/ssafy/pjt8_ws/install/ros2_control_demo_example_4/share/ros2_control_demo_example_4/environment/ament_prefix_path.dsv
[7.178s] -- Installing: /home/ssafy/pjt8_ws/install/ros2_control_demo_example_4/share/ros2_control_demo_example_4/environment/path.sh
[7.178s] -- Installing: /home/ssafy/pjt8_ws/install/ros2_control_demo_example_4/share/ros2_control_demo_example_4/environment/path.dsv
[7.178s] -- Installing: /home/ssafy/pjt8_ws/install/ros2_control_demo_example_4/share/ros2_control_demo_example_4/local_setup.bash
[7.179s] -- Installing: /home/ssafy/pjt8_ws/install/ros2_control_demo_example_4/share/ros2_control_demo_example_4/local_setup.sh
[7.179s] -- Installing: /home/ssafy/pjt8_ws/install/ros2_control_demo_example_4/share/ros2_control_demo_example_4/local_setup.zsh
[7.179s] -- Installing: /home/ssafy/pjt8_ws/install/ros2_control_demo_example_4/share/ros2_control_demo_example_4/local_setup.dsv
[7.179s] -- Installing: /home/ssafy/pjt8_ws/install/ros2_control_demo_example_4/share/ros2_control_demo_example_4/package.dsv
[7.179s] -- Installing: /home/ssafy/pjt8_ws/install/ros2_control_demo_example_4/share/ament_index/resource_index/packages/ros2_control_demo_example_4
[7.179s] -- Installing: /home/ssafy/pjt8_ws/install/ros2_control_demo_example_4/share/ament_index/resource_index/hardware_interface__pluginlib__plugin/ros2_control_demo_example_4
[7.179s] -- Installing: /home/ssafy/pjt8_ws/install/ros2_control_demo_example_4/share/ros2_control_demo_example_4/cmake/export_ros2_control_demo_example_4Export.cmake
[7.179s] -- Installing: /home/ssafy/pjt8_ws/install/ros2_control_demo_example_4/share/ros2_control_demo_example_4/cmake/export_ros2_control_demo_example_4Export-noconfig.cmake
[7.179s] -- Installing: /home/ssafy/pjt8_ws/install/ros2_control_demo_example_4/share/ros2_control_demo_example_4/cmake/ament_cmake_export_targets-extras.cmake
[7.179s] -- Installing: /home/ssafy/pjt8_ws/install/ros2_control_demo_example_4/share/ros2_control_demo_example_4/cmake/ament_cmake_export_dependencies-extras.cmake
[7.179s] -- Installing: /home/ssafy/pjt8_ws/install/ros2_control_demo_example_4/share/ros2_control_demo_example_4/cmake/ros2_control_demo_example_4Config.cmake
[7.180s] -- Installing: /home/ssafy/pjt8_ws/install/ros2_control_demo_example_4/share/ros2_control_demo_example_4/cmake/ros2_control_demo_example_4Config-version.cmake
[7.180s] -- Installing: /home/ssafy/pjt8_ws/install/ros2_control_demo_example_4/share/ros2_control_demo_example_4/package.xml
[7.181s] Invoked command in '/home/ssafy/pjt8_ws/build/ros2_control_demo_example_4' returned '0': AMENT_PREFIX_PATH=/home/ssafy/pjt8_ws/install/ros2_control_demo_description:${AMENT_PREFIX_PATH} CMAKE_PREFIX_PATH=/home/ssafy/pjt8_ws/install/ros2_control_demo_description:/home/ssafy/ros2_ws/install/rs_camera:/opt/ros/humble /usr/bin/cmake --install /home/ssafy/pjt8_ws/build/ros2_control_demo_example_4
