[0.033s] Invoking command in '/home/ssafy/pjt8_ws/build/ros2_control_demo_example_14': CMAKE_PREFIX_PATH=/home/ssafy/pjt8_ws/install/ros2_control_demo_description:/home/ssafy/pjt8_ws/install/ros2_control_demos:/home/ssafy/pjt8_ws/install/ros2_control_demo_example_9:/home/ssafy/pjt8_ws/install/ros2_control_demo_example_8:/home/ssafy/pjt8_ws/install/ros2_control_demo_example_7:/home/ssafy/pjt8_ws/install/ros2_control_demo_example_6:/home/ssafy/pjt8_ws/install/ros2_control_demo_example_15:/home/ssafy/pjt8_ws/install/ros2_control_demo_example_13:/home/ssafy/pjt8_ws/install/ros2_control_demo_example_5:/home/ssafy/pjt8_ws/install/ros2_control_demo_example_4:/home/ssafy/pjt8_ws/install/ros2_control_demo_example_3:/home/ssafy/pjt8_ws/install/ros2_control_demo_example_2:/home/ssafy/pjt8_ws/install/ros2_control_demo_example_14:/home/ssafy/pjt8_ws/install/ros2_control_demo_example_12:/home/ssafy/pjt8_ws/install/ros2_control_demo_example_11:/home/ssafy/pjt8_ws/install/ros2_control_demo_example_10:/home/ssafy/pjt8_ws/install/ros2_control_demo_example_1:/home/ssafy/ros2_ws/install/rs_camera:/opt/ros/humble /usr/bin/cmake --build /home/ssafy/pjt8_ws/build/ros2_control_demo_example_14 -- -j20 -l20
[0.100s] [100%] Built target ros2_control_demo_example_14
[0.163s] Invoked command in '/home/ssafy/pjt8_ws/build/ros2_control_demo_example_14' returned '0': CMAKE_PREFIX_PATH=/home/ssafy/pjt8_ws/install/ros2_control_demo_description:/home/ssafy/pjt8_ws/install/ros2_control_demos:/home/ssafy/pjt8_ws/install/ros2_control_demo_example_9:/home/ssafy/pjt8_ws/install/ros2_control_demo_example_8:/home/ssafy/pjt8_ws/install/ros2_control_demo_example_7:/home/ssafy/pjt8_ws/install/ros2_control_demo_example_6:/home/ssafy/pjt8_ws/install/ros2_control_demo_example_15:/home/ssafy/pjt8_ws/install/ros2_control_demo_example_13:/home/ssafy/pjt8_ws/install/ros2_control_demo_example_5:/home/ssafy/pjt8_ws/install/ros2_control_demo_example_4:/home/ssafy/pjt8_ws/install/ros2_control_demo_example_3:/home/ssafy/pjt8_ws/install/ros2_control_demo_example_2:/home/ssafy/pjt8_ws/install/ros2_control_demo_example_14:/home/ssafy/pjt8_ws/install/ros2_control_demo_example_12:/home/ssafy/pjt8_ws/install/ros2_control_demo_example_11:/home/ssafy/pjt8_ws/install/ros2_control_demo_example_10:/home/ssafy/pjt8_ws/install/ros2_control_demo_example_1:/home/ssafy/ros2_ws/install/rs_camera:/opt/ros/humble /usr/bin/cmake --build /home/ssafy/pjt8_ws/build/ros2_control_demo_example_14 -- -j20 -l20
[0.164s] Invoking command in '/home/ssafy/pjt8_ws/build/ros2_control_demo_example_14': CMAKE_PREFIX_PATH=/home/ssafy/pjt8_ws/install/ros2_control_demo_description:/home/ssafy/pjt8_ws/install/ros2_control_demos:/home/ssafy/pjt8_ws/install/ros2_control_demo_example_9:/home/ssafy/pjt8_ws/install/ros2_control_demo_example_8:/home/ssafy/pjt8_ws/install/ros2_control_demo_example_7:/home/ssafy/pjt8_ws/install/ros2_control_demo_example_6:/home/ssafy/pjt8_ws/install/ros2_control_demo_example_15:/home/ssafy/pjt8_ws/install/ros2_control_demo_example_13:/home/ssafy/pjt8_ws/install/ros2_control_demo_example_5:/home/ssafy/pjt8_ws/install/ros2_control_demo_example_4:/home/ssafy/pjt8_ws/install/ros2_control_demo_example_3:/home/ssafy/pjt8_ws/install/ros2_control_demo_example_2:/home/ssafy/pjt8_ws/install/ros2_control_demo_example_14:/home/ssafy/pjt8_ws/install/ros2_control_demo_example_12:/home/ssafy/pjt8_ws/install/ros2_control_demo_example_11:/home/ssafy/pjt8_ws/install/ros2_control_demo_example_10:/home/ssafy/pjt8_ws/install/ros2_control_demo_example_1:/home/ssafy/ros2_ws/install/rs_camera:/opt/ros/humble /usr/bin/cmake --install /home/ssafy/pjt8_ws/build/ros2_control_demo_example_14
[0.177s] -- Install configuration: ""
[0.177s] -- Up-to-date: /home/ssafy/pjt8_ws/install/ros2_control_demo_example_14/share/ros2_control_demo_example_14/ros2_control_demo_example_14.xml
[0.177s] -- Up-to-date: /home/ssafy/pjt8_ws/install/ros2_control_demo_example_14/include/ros2_control_demo_example_14
[0.177s] -- Up-to-date: /home/ssafy/pjt8_ws/install/ros2_control_demo_example_14/include/ros2_control_demo_example_14/ros2_control_demo_example_14
[0.177s] -- Up-to-date: /home/ssafy/pjt8_ws/install/ros2_control_demo_example_14/include/ros2_control_demo_example_14/ros2_control_demo_example_14/rrbot_actuator_without_feedback.hpp
[0.177s] -- Up-to-date: /home/ssafy/pjt8_ws/install/ros2_control_demo_example_14/include/ros2_control_demo_example_14/ros2_control_demo_example_14/rrbot_sensor_for_position_feedback.hpp
[0.177s] -- Up-to-date: /home/ssafy/pjt8_ws/install/ros2_control_demo_example_14/share/ros2_control_demo_example_14/launch
[0.177s] -- Up-to-date: /home/ssafy/pjt8_ws/install/ros2_control_demo_example_14/share/ros2_control_demo_example_14/launch/view_robot.launch.py
[0.178s] -- Up-to-date: /home/ssafy/pjt8_ws/install/ros2_control_demo_example_14/share/ros2_control_demo_example_14/ros2_control
[0.178s] -- Up-to-date: /home/ssafy/pjt8_ws/install/ros2_control_demo_example_14/share/ros2_control_demo_example_14/ros2_control/rrbot_modular_actuators_without_feedback_sensors_for_position_feedback.ros2_control.xacro
[0.178s] -- Up-to-date: /home/ssafy/pjt8_ws/install/ros2_control_demo_example_14/share/ros2_control_demo_example_14/urdf
[0.178s] -- Up-to-date: /home/ssafy/pjt8_ws/install/ros2_control_demo_example_14/share/ros2_control_demo_example_14/urdf/rrbot_modular_actuators_without_feedback_sensors_for_position_feedback.urdf.xacro
[0.178s] -- Up-to-date: /home/ssafy/pjt8_ws/install/ros2_control_demo_example_14/share/ros2_control_demo_example_14/launch
[0.178s] -- Up-to-date: /home/ssafy/pjt8_ws/install/ros2_control_demo_example_14/share/ros2_control_demo_example_14/launch/rrbot_modular_actuators_without_feedback_sensors_for_position_feedback.launch.py
[0.178s] -- Up-to-date: /home/ssafy/pjt8_ws/install/ros2_control_demo_example_14/share/ros2_control_demo_example_14/config
[0.178s] -- Up-to-date: /home/ssafy/pjt8_ws/install/ros2_control_demo_example_14/share/ros2_control_demo_example_14/config/rrbot_modular_actuators_without_feedback_sensors_for_position_feedback.yaml
[0.178s] -- Up-to-date: /home/ssafy/pjt8_ws/install/ros2_control_demo_example_14/lib/libros2_control_demo_example_14.so
[0.178s] -- Up-to-date: /home/ssafy/pjt8_ws/install/ros2_control_demo_example_14/share/ros2_control_demo_example_14/environment/library_path.sh
[0.178s] -- Up-to-date: /home/ssafy/pjt8_ws/install/ros2_control_demo_example_14/share/ros2_control_demo_example_14/environment/library_path.dsv
[0.178s] -- Up-to-date: /home/ssafy/pjt8_ws/install/ros2_control_demo_example_14/share/ament_index/resource_index/package_run_dependencies/ros2_control_demo_example_14
[0.179s] -- Up-to-date: /home/ssafy/pjt8_ws/install/ros2_control_demo_example_14/share/ament_index/resource_index/parent_prefix_path/ros2_control_demo_example_14
[0.179s] -- Up-to-date: /home/ssafy/pjt8_ws/install/ros2_control_demo_example_14/share/ros2_control_demo_example_14/environment/ament_prefix_path.sh
[0.179s] -- Up-to-date: /home/ssafy/pjt8_ws/install/ros2_control_demo_example_14/share/ros2_control_demo_example_14/environment/ament_prefix_path.dsv
[0.179s] -- Up-to-date: /home/ssafy/pjt8_ws/install/ros2_control_demo_example_14/share/ros2_control_demo_example_14/environment/path.sh
[0.179s] -- Up-to-date: /home/ssafy/pjt8_ws/install/ros2_control_demo_example_14/share/ros2_control_demo_example_14/environment/path.dsv
[0.179s] -- Up-to-date: /home/ssafy/pjt8_ws/install/ros2_control_demo_example_14/share/ros2_control_demo_example_14/local_setup.bash
[0.179s] -- Up-to-date: /home/ssafy/pjt8_ws/install/ros2_control_demo_example_14/share/ros2_control_demo_example_14/local_setup.sh
[0.179s] -- Up-to-date: /home/ssafy/pjt8_ws/install/ros2_control_demo_example_14/share/ros2_control_demo_example_14/local_setup.zsh
[0.179s] -- Up-to-date: /home/ssafy/pjt8_ws/install/ros2_control_demo_example_14/share/ros2_control_demo_example_14/local_setup.dsv
[0.179s] -- Installing: /home/ssafy/pjt8_ws/install/ros2_control_demo_example_14/share/ros2_control_demo_example_14/package.dsv
[0.179s] -- Up-to-date: /home/ssafy/pjt8_ws/install/ros2_control_demo_example_14/share/ament_index/resource_index/packages/ros2_control_demo_example_14
[0.179s] -- Up-to-date: /home/ssafy/pjt8_ws/install/ros2_control_demo_example_14/share/ament_index/resource_index/hardware_interface__pluginlib__plugin/ros2_control_demo_example_14
[0.179s] -- Up-to-date: /home/ssafy/pjt8_ws/install/ros2_control_demo_example_14/share/ros2_control_demo_example_14/cmake/export_ros2_control_demo_example_14Export.cmake
[0.179s] -- Up-to-date: /home/ssafy/pjt8_ws/install/ros2_control_demo_example_14/share/ros2_control_demo_example_14/cmake/export_ros2_control_demo_example_14Export-noconfig.cmake
[0.179s] -- Up-to-date: /home/ssafy/pjt8_ws/install/ros2_control_demo_example_14/share/ros2_control_demo_example_14/cmake/ament_cmake_export_targets-extras.cmake
[0.179s] -- Up-to-date: /home/ssafy/pjt8_ws/install/ros2_control_demo_example_14/share/ros2_control_demo_example_14/cmake/ament_cmake_export_dependencies-extras.cmake
[0.179s] -- Up-to-date: /home/ssafy/pjt8_ws/install/ros2_control_demo_example_14/share/ros2_control_demo_example_14/cmake/ros2_control_demo_example_14Config.cmake
[0.179s] -- Up-to-date: /home/ssafy/pjt8_ws/install/ros2_control_demo_example_14/share/ros2_control_demo_example_14/cmake/ros2_control_demo_example_14Config-version.cmake
[0.179s] -- Up-to-date: /home/ssafy/pjt8_ws/install/ros2_control_demo_example_14/share/ros2_control_demo_example_14/package.xml
[0.251s] Invoked command in '/home/ssafy/pjt8_ws/build/ros2_control_demo_example_14' returned '0': CMAKE_PREFIX_PATH=/home/ssafy/pjt8_ws/install/ros2_control_demo_description:/home/ssafy/pjt8_ws/install/ros2_control_demos:/home/ssafy/pjt8_ws/install/ros2_control_demo_example_9:/home/ssafy/pjt8_ws/install/ros2_control_demo_example_8:/home/ssafy/pjt8_ws/install/ros2_control_demo_example_7:/home/ssafy/pjt8_ws/install/ros2_control_demo_example_6:/home/ssafy/pjt8_ws/install/ros2_control_demo_example_15:/home/ssafy/pjt8_ws/install/ros2_control_demo_example_13:/home/ssafy/pjt8_ws/install/ros2_control_demo_example_5:/home/ssafy/pjt8_ws/install/ros2_control_demo_example_4:/home/ssafy/pjt8_ws/install/ros2_control_demo_example_3:/home/ssafy/pjt8_ws/install/ros2_control_demo_example_2:/home/ssafy/pjt8_ws/install/ros2_control_demo_example_14:/home/ssafy/pjt8_ws/install/ros2_control_demo_example_12:/home/ssafy/pjt8_ws/install/ros2_control_demo_example_11:/home/ssafy/pjt8_ws/install/ros2_control_demo_example_10:/home/ssafy/pjt8_ws/install/ros2_control_demo_example_1:/home/ssafy/ros2_ws/install/rs_camera:/opt/ros/humble /usr/bin/cmake --install /home/ssafy/pjt8_ws/build/ros2_control_demo_example_14
