[0.032s] Invoking command in '/home/ssafy/pjt8_ws/build/ros2_control_demo_example_2': CMAKE_PREFIX_PATH=/home/ssafy/pjt8_ws/install/ros2_control_demo_description:/home/ssafy/pjt8_ws/install/ros2_control_demos:/home/ssafy/pjt8_ws/install/ros2_control_demo_example_9:/home/ssafy/pjt8_ws/install/ros2_control_demo_example_8:/home/ssafy/pjt8_ws/install/ros2_control_demo_example_7:/home/ssafy/pjt8_ws/install/ros2_control_demo_example_6:/home/ssafy/pjt8_ws/install/ros2_control_demo_example_15:/home/ssafy/pjt8_ws/install/ros2_control_demo_example_13:/home/ssafy/pjt8_ws/install/ros2_control_demo_example_5:/home/ssafy/pjt8_ws/install/ros2_control_demo_example_4:/home/ssafy/pjt8_ws/install/ros2_control_demo_example_3:/home/ssafy/pjt8_ws/install/ros2_control_demo_example_2:/home/ssafy/pjt8_ws/install/ros2_control_demo_example_14:/home/ssafy/pjt8_ws/install/ros2_control_demo_example_12:/home/ssafy/pjt8_ws/install/ros2_control_demo_example_11:/home/ssafy/pjt8_ws/install/ros2_control_demo_example_10:/home/ssafy/pjt8_ws/install/ros2_control_demo_example_1:/opt/ros/humble /usr/bin/cmake --build /home/ssafy/pjt8_ws/build/ros2_control_demo_example_2 -- -j20 -l20
[0.062s] [35m[1mConsolidate compiler generated dependencies of target ros2_control_demo_example_2[0m
[0.076s] [100%] Built target ros2_control_demo_example_2
[0.109s] Invoked command in '/home/ssafy/pjt8_ws/build/ros2_control_demo_example_2' returned '0': CMAKE_PREFIX_PATH=/home/ssafy/pjt8_ws/install/ros2_control_demo_description:/home/ssafy/pjt8_ws/install/ros2_control_demos:/home/ssafy/pjt8_ws/install/ros2_control_demo_example_9:/home/ssafy/pjt8_ws/install/ros2_control_demo_example_8:/home/ssafy/pjt8_ws/install/ros2_control_demo_example_7:/home/ssafy/pjt8_ws/install/ros2_control_demo_example_6:/home/ssafy/pjt8_ws/install/ros2_control_demo_example_15:/home/ssafy/pjt8_ws/install/ros2_control_demo_example_13:/home/ssafy/pjt8_ws/install/ros2_control_demo_example_5:/home/ssafy/pjt8_ws/install/ros2_control_demo_example_4:/home/ssafy/pjt8_ws/install/ros2_control_demo_example_3:/home/ssafy/pjt8_ws/install/ros2_control_demo_example_2:/home/ssafy/pjt8_ws/install/ros2_control_demo_example_14:/home/ssafy/pjt8_ws/install/ros2_control_demo_example_12:/home/ssafy/pjt8_ws/install/ros2_control_demo_example_11:/home/ssafy/pjt8_ws/install/ros2_control_demo_example_10:/home/ssafy/pjt8_ws/install/ros2_control_demo_example_1:/opt/ros/humble /usr/bin/cmake --build /home/ssafy/pjt8_ws/build/ros2_control_demo_example_2 -- -j20 -l20
[0.110s] Invoking command in '/home/ssafy/pjt8_ws/build/ros2_control_demo_example_2': CMAKE_PREFIX_PATH=/home/ssafy/pjt8_ws/install/ros2_control_demo_description:/home/ssafy/pjt8_ws/install/ros2_control_demos:/home/ssafy/pjt8_ws/install/ros2_control_demo_example_9:/home/ssafy/pjt8_ws/install/ros2_control_demo_example_8:/home/ssafy/pjt8_ws/install/ros2_control_demo_example_7:/home/ssafy/pjt8_ws/install/ros2_control_demo_example_6:/home/ssafy/pjt8_ws/install/ros2_control_demo_example_15:/home/ssafy/pjt8_ws/install/ros2_control_demo_example_13:/home/ssafy/pjt8_ws/install/ros2_control_demo_example_5:/home/ssafy/pjt8_ws/install/ros2_control_demo_example_4:/home/ssafy/pjt8_ws/install/ros2_control_demo_example_3:/home/ssafy/pjt8_ws/install/ros2_control_demo_example_2:/home/ssafy/pjt8_ws/install/ros2_control_demo_example_14:/home/ssafy/pjt8_ws/install/ros2_control_demo_example_12:/home/ssafy/pjt8_ws/install/ros2_control_demo_example_11:/home/ssafy/pjt8_ws/install/ros2_control_demo_example_10:/home/ssafy/pjt8_ws/install/ros2_control_demo_example_1:/opt/ros/humble /usr/bin/cmake --install /home/ssafy/pjt8_ws/build/ros2_control_demo_example_2
[0.118s] -- Install configuration: ""
[0.118s] -- Up-to-date: /home/ssafy/pjt8_ws/install/ros2_control_demo_example_2/share/ros2_control_demo_example_2/ros2_control_demo_example_2.xml
[0.118s] -- Up-to-date: /home/ssafy/pjt8_ws/install/ros2_control_demo_example_2/include/ros2_control_demo_example_2
[0.119s] -- Up-to-date: /home/ssafy/pjt8_ws/install/ros2_control_demo_example_2/include/ros2_control_demo_example_2/ros2_control_demo_example_2
[0.119s] -- Up-to-date: /home/ssafy/pjt8_ws/install/ros2_control_demo_example_2/include/ros2_control_demo_example_2/ros2_control_demo_example_2/diffbot_system.hpp
[0.120s] -- Up-to-date: /home/ssafy/pjt8_ws/install/ros2_control_demo_example_2/share/ros2_control_demo_example_2/launch
[0.120s] -- Up-to-date: /home/ssafy/pjt8_ws/install/ros2_control_demo_example_2/share/ros2_control_demo_example_2/launch/view_robot.launch.py
[0.120s] -- Up-to-date: /home/ssafy/pjt8_ws/install/ros2_control_demo_example_2/share/ros2_control_demo_example_2/ros2_control
[0.120s] -- Up-to-date: /home/ssafy/pjt8_ws/install/ros2_control_demo_example_2/share/ros2_control_demo_example_2/ros2_control/diffbot.ros2_control.xacro
[0.120s] -- Up-to-date: /home/ssafy/pjt8_ws/install/ros2_control_demo_example_2/share/ros2_control_demo_example_2/urdf
[0.121s] -- Up-to-date: /home/ssafy/pjt8_ws/install/ros2_control_demo_example_2/share/ros2_control_demo_example_2/urdf/diffbot.urdf.xacro
[0.121s] -- Up-to-date: /home/ssafy/pjt8_ws/install/ros2_control_demo_example_2/share/ros2_control_demo_example_2/launch
[0.121s] -- Up-to-date: /home/ssafy/pjt8_ws/install/ros2_control_demo_example_2/share/ros2_control_demo_example_2/launch/diffbot.launch.py
[0.121s] -- Up-to-date: /home/ssafy/pjt8_ws/install/ros2_control_demo_example_2/share/ros2_control_demo_example_2/config
[0.121s] -- Up-to-date: /home/ssafy/pjt8_ws/install/ros2_control_demo_example_2/share/ros2_control_demo_example_2/config/diffbot_controllers.yaml
[0.121s] -- Up-to-date: /home/ssafy/pjt8_ws/install/ros2_control_demo_example_2/lib/libros2_control_demo_example_2.so
[0.122s] -- Up-to-date: /home/ssafy/pjt8_ws/install/ros2_control_demo_example_2/share/ros2_control_demo_example_2/environment/library_path.sh
[0.122s] -- Up-to-date: /home/ssafy/pjt8_ws/install/ros2_control_demo_example_2/share/ros2_control_demo_example_2/environment/library_path.dsv
[0.122s] -- Up-to-date: /home/ssafy/pjt8_ws/install/ros2_control_demo_example_2/share/ament_index/resource_index/package_run_dependencies/ros2_control_demo_example_2
[0.122s] -- Up-to-date: /home/ssafy/pjt8_ws/install/ros2_control_demo_example_2/share/ament_index/resource_index/parent_prefix_path/ros2_control_demo_example_2
[0.122s] -- Up-to-date: /home/ssafy/pjt8_ws/install/ros2_control_demo_example_2/share/ros2_control_demo_example_2/environment/ament_prefix_path.sh
[0.122s] -- Up-to-date: /home/ssafy/pjt8_ws/install/ros2_control_demo_example_2/share/ros2_control_demo_example_2/environment/ament_prefix_path.dsv
[0.122s] -- Up-to-date: /home/ssafy/pjt8_ws/install/ros2_control_demo_example_2/share/ros2_control_demo_example_2/environment/path.sh
[0.122s] -- Up-to-date: /home/ssafy/pjt8_ws/install/ros2_control_demo_example_2/share/ros2_control_demo_example_2/environment/path.dsv
[0.122s] -- Up-to-date: /home/ssafy/pjt8_ws/install/ros2_control_demo_example_2/share/ros2_control_demo_example_2/local_setup.bash
[0.122s] -- Up-to-date: /home/ssafy/pjt8_ws/install/ros2_control_demo_example_2/share/ros2_control_demo_example_2/local_setup.sh
[0.122s] -- Up-to-date: /home/ssafy/pjt8_ws/install/ros2_control_demo_example_2/share/ros2_control_demo_example_2/local_setup.zsh
[0.125s] -- Up-to-date: /home/ssafy/pjt8_ws/install/ros2_control_demo_example_2/share/ros2_control_demo_example_2/local_setup.dsv
[0.125s] -- Installing: /home/ssafy/pjt8_ws/install/ros2_control_demo_example_2/share/ros2_control_demo_example_2/package.dsv
[0.127s] -- Up-to-date: /home/ssafy/pjt8_ws/install/ros2_control_demo_example_2/share/ament_index/resource_index/packages/ros2_control_demo_example_2
[0.127s] -- Up-to-date: /home/ssafy/pjt8_ws/install/ros2_control_demo_example_2/share/ament_index/resource_index/hardware_interface__pluginlib__plugin/ros2_control_demo_example_2
[0.127s] -- Up-to-date: /home/ssafy/pjt8_ws/install/ros2_control_demo_example_2/share/ros2_control_demo_example_2/cmake/export_ros2_control_demo_example_2Export.cmake
[0.128s] -- Up-to-date: /home/ssafy/pjt8_ws/install/ros2_control_demo_example_2/share/ros2_control_demo_example_2/cmake/export_ros2_control_demo_example_2Export-noconfig.cmake
[0.128s] -- Up-to-date: /home/ssafy/pjt8_ws/install/ros2_control_demo_example_2/share/ros2_control_demo_example_2/cmake/ament_cmake_export_targets-extras.cmake
[0.128s] -- Up-to-date: /home/ssafy/pjt8_ws/install/ros2_control_demo_example_2/share/ros2_control_demo_example_2/cmake/ament_cmake_export_dependencies-extras.cmake
[0.128s] -- Up-to-date: /home/ssafy/pjt8_ws/install/ros2_control_demo_example_2/share/ros2_control_demo_example_2/cmake/ros2_control_demo_example_2Config.cmake
[0.129s] -- Up-to-date: /home/ssafy/pjt8_ws/install/ros2_control_demo_example_2/share/ros2_control_demo_example_2/cmake/ros2_control_demo_example_2Config-version.cmake
[0.129s] -- Up-to-date: /home/ssafy/pjt8_ws/install/ros2_control_demo_example_2/share/ros2_control_demo_example_2/package.xml
[0.179s] Invoked command in '/home/ssafy/pjt8_ws/build/ros2_control_demo_example_2' returned '0': CMAKE_PREFIX_PATH=/home/ssafy/pjt8_ws/install/ros2_control_demo_description:/home/ssafy/pjt8_ws/install/ros2_control_demos:/home/ssafy/pjt8_ws/install/ros2_control_demo_example_9:/home/ssafy/pjt8_ws/install/ros2_control_demo_example_8:/home/ssafy/pjt8_ws/install/ros2_control_demo_example_7:/home/ssafy/pjt8_ws/install/ros2_control_demo_example_6:/home/ssafy/pjt8_ws/install/ros2_control_demo_example_15:/home/ssafy/pjt8_ws/install/ros2_control_demo_example_13:/home/ssafy/pjt8_ws/install/ros2_control_demo_example_5:/home/ssafy/pjt8_ws/install/ros2_control_demo_example_4:/home/ssafy/pjt8_ws/install/ros2_control_demo_example_3:/home/ssafy/pjt8_ws/install/ros2_control_demo_example_2:/home/ssafy/pjt8_ws/install/ros2_control_demo_example_14:/home/ssafy/pjt8_ws/install/ros2_control_demo_example_12:/home/ssafy/pjt8_ws/install/ros2_control_demo_example_11:/home/ssafy/pjt8_ws/install/ros2_control_demo_example_10:/home/ssafy/pjt8_ws/install/ros2_control_demo_example_1:/opt/ros/humble /usr/bin/cmake --install /home/ssafy/pjt8_ws/build/ros2_control_demo_example_2
