[0.039s] Invoking command in '/home/ssafy/pjt8_ws/build/ros2_control_demo_example_1': CMAKE_PREFIX_PATH=/home/ssafy/pjt8_ws/install/ros2_control_demo_description:/home/ssafy/pjt8_ws/install/ros2_control_demos:/home/ssafy/pjt8_ws/install/ros2_control_demo_example_9:/home/ssafy/pjt8_ws/install/ros2_control_demo_example_8:/home/ssafy/pjt8_ws/install/ros2_control_demo_example_7:/home/ssafy/pjt8_ws/install/ros2_control_demo_example_6:/home/ssafy/pjt8_ws/install/ros2_control_demo_example_15:/home/ssafy/pjt8_ws/install/ros2_control_demo_example_13:/home/ssafy/pjt8_ws/install/ros2_control_demo_example_5:/home/ssafy/pjt8_ws/install/ros2_control_demo_example_4:/home/ssafy/pjt8_ws/install/ros2_control_demo_example_3:/home/ssafy/pjt8_ws/install/ros2_control_demo_example_2:/home/ssafy/pjt8_ws/install/ros2_control_demo_example_14:/home/ssafy/pjt8_ws/install/ros2_control_demo_example_12:/home/ssafy/pjt8_ws/install/ros2_control_demo_example_11:/home/ssafy/pjt8_ws/install/ros2_control_demo_example_10:/home/ssafy/pjt8_ws/install/ros2_control_demo_example_1:/opt/ros/humble /usr/bin/cmake --build /home/ssafy/pjt8_ws/build/ros2_control_demo_example_1 -- -j20 -l20
[0.068s] [35m[1mConsolidate compiler generated dependencies of target ros2_control_demo_example_1[0m
[0.088s] [100%] Built target ros2_control_demo_example_1
[0.098s] Invoked command in '/home/ssafy/pjt8_ws/build/ros2_control_demo_example_1' returned '0': CMAKE_PREFIX_PATH=/home/ssafy/pjt8_ws/install/ros2_control_demo_description:/home/ssafy/pjt8_ws/install/ros2_control_demos:/home/ssafy/pjt8_ws/install/ros2_control_demo_example_9:/home/ssafy/pjt8_ws/install/ros2_control_demo_example_8:/home/ssafy/pjt8_ws/install/ros2_control_demo_example_7:/home/ssafy/pjt8_ws/install/ros2_control_demo_example_6:/home/ssafy/pjt8_ws/install/ros2_control_demo_example_15:/home/ssafy/pjt8_ws/install/ros2_control_demo_example_13:/home/ssafy/pjt8_ws/install/ros2_control_demo_example_5:/home/ssafy/pjt8_ws/install/ros2_control_demo_example_4:/home/ssafy/pjt8_ws/install/ros2_control_demo_example_3:/home/ssafy/pjt8_ws/install/ros2_control_demo_example_2:/home/ssafy/pjt8_ws/install/ros2_control_demo_example_14:/home/ssafy/pjt8_ws/install/ros2_control_demo_example_12:/home/ssafy/pjt8_ws/install/ros2_control_demo_example_11:/home/ssafy/pjt8_ws/install/ros2_control_demo_example_10:/home/ssafy/pjt8_ws/install/ros2_control_demo_example_1:/opt/ros/humble /usr/bin/cmake --build /home/ssafy/pjt8_ws/build/ros2_control_demo_example_1 -- -j20 -l20
[0.100s] Invoking command in '/home/ssafy/pjt8_ws/build/ros2_control_demo_example_1': CMAKE_PREFIX_PATH=/home/ssafy/pjt8_ws/install/ros2_control_demo_description:/home/ssafy/pjt8_ws/install/ros2_control_demos:/home/ssafy/pjt8_ws/install/ros2_control_demo_example_9:/home/ssafy/pjt8_ws/install/ros2_control_demo_example_8:/home/ssafy/pjt8_ws/install/ros2_control_demo_example_7:/home/ssafy/pjt8_ws/install/ros2_control_demo_example_6:/home/ssafy/pjt8_ws/install/ros2_control_demo_example_15:/home/ssafy/pjt8_ws/install/ros2_control_demo_example_13:/home/ssafy/pjt8_ws/install/ros2_control_demo_example_5:/home/ssafy/pjt8_ws/install/ros2_control_demo_example_4:/home/ssafy/pjt8_ws/install/ros2_control_demo_example_3:/home/ssafy/pjt8_ws/install/ros2_control_demo_example_2:/home/ssafy/pjt8_ws/install/ros2_control_demo_example_14:/home/ssafy/pjt8_ws/install/ros2_control_demo_example_12:/home/ssafy/pjt8_ws/install/ros2_control_demo_example_11:/home/ssafy/pjt8_ws/install/ros2_control_demo_example_10:/home/ssafy/pjt8_ws/install/ros2_control_demo_example_1:/opt/ros/humble /usr/bin/cmake --install /home/ssafy/pjt8_ws/build/ros2_control_demo_example_1
[0.110s] -- Install configuration: ""
[0.110s] -- Up-to-date: /home/ssafy/pjt8_ws/install/ros2_control_demo_example_1/share/ros2_control_demo_example_1/ros2_control_demo_example_1.xml
[0.110s] -- Up-to-date: /home/ssafy/pjt8_ws/install/ros2_control_demo_example_1/include/ros2_control_demo_example_1
[0.111s] -- Up-to-date: /home/ssafy/pjt8_ws/install/ros2_control_demo_example_1/include/ros2_control_demo_example_1/ros2_control_demo_example_1
[0.111s] -- Up-to-date: /home/ssafy/pjt8_ws/install/ros2_control_demo_example_1/include/ros2_control_demo_example_1/ros2_control_demo_example_1/rrbot.hpp
[0.111s] -- Up-to-date: /home/ssafy/pjt8_ws/install/ros2_control_demo_example_1/share/ros2_control_demo_example_1/launch
[0.111s] -- Up-to-date: /home/ssafy/pjt8_ws/install/ros2_control_demo_example_1/share/ros2_control_demo_example_1/launch/view_robot.launch.py
[0.111s] -- Up-to-date: /home/ssafy/pjt8_ws/install/ros2_control_demo_example_1/share/ros2_control_demo_example_1/ros2_control
[0.111s] -- Up-to-date: /home/ssafy/pjt8_ws/install/ros2_control_demo_example_1/share/ros2_control_demo_example_1/ros2_control/rrbot.ros2_control.xacro
[0.111s] -- Up-to-date: /home/ssafy/pjt8_ws/install/ros2_control_demo_example_1/share/ros2_control_demo_example_1/urdf
[0.111s] -- Up-to-date: /home/ssafy/pjt8_ws/install/ros2_control_demo_example_1/share/ros2_control_demo_example_1/urdf/rrbot.urdf.xacro
[0.111s] -- Up-to-date: /home/ssafy/pjt8_ws/install/ros2_control_demo_example_1/share/ros2_control_demo_example_1/launch
[0.111s] -- Up-to-date: /home/ssafy/pjt8_ws/install/ros2_control_demo_example_1/share/ros2_control_demo_example_1/launch/test_joint_trajectory_controller.launch.py
[0.111s] -- Up-to-date: /home/ssafy/pjt8_ws/install/ros2_control_demo_example_1/share/ros2_control_demo_example_1/launch/rrbot.launch.py
[0.111s] -- Up-to-date: /home/ssafy/pjt8_ws/install/ros2_control_demo_example_1/share/ros2_control_demo_example_1/launch/test_forward_position_controller.launch.py
[0.111s] -- Up-to-date: /home/ssafy/pjt8_ws/install/ros2_control_demo_example_1/share/ros2_control_demo_example_1/config
[0.111s] -- Up-to-date: /home/ssafy/pjt8_ws/install/ros2_control_demo_example_1/share/ros2_control_demo_example_1/config/rrbot_joint_trajectory_publisher.yaml
[0.111s] -- Up-to-date: /home/ssafy/pjt8_ws/install/ros2_control_demo_example_1/share/ros2_control_demo_example_1/config/rrbot_forward_position_publisher.yaml
[0.111s] -- Installing: /home/ssafy/pjt8_ws/install/ros2_control_demo_example_1/share/ros2_control_demo_example_1/config/rrbot_controllers.yaml
[0.111s] -- Up-to-date: /home/ssafy/pjt8_ws/install/ros2_control_demo_example_1/lib/libros2_control_demo_example_1.so
[0.111s] -- Up-to-date: /home/ssafy/pjt8_ws/install/ros2_control_demo_example_1/share/ros2_control_demo_example_1/environment/library_path.sh
[0.111s] -- Up-to-date: /home/ssafy/pjt8_ws/install/ros2_control_demo_example_1/share/ros2_control_demo_example_1/environment/library_path.dsv
[0.111s] -- Up-to-date: /home/ssafy/pjt8_ws/install/ros2_control_demo_example_1/share/ament_index/resource_index/package_run_dependencies/ros2_control_demo_example_1
[0.111s] -- Up-to-date: /home/ssafy/pjt8_ws/install/ros2_control_demo_example_1/share/ament_index/resource_index/parent_prefix_path/ros2_control_demo_example_1
[0.111s] -- Up-to-date: /home/ssafy/pjt8_ws/install/ros2_control_demo_example_1/share/ros2_control_demo_example_1/environment/ament_prefix_path.sh
[0.112s] -- Up-to-date: /home/ssafy/pjt8_ws/install/ros2_control_demo_example_1/share/ros2_control_demo_example_1/environment/ament_prefix_path.dsv
[0.112s] -- Up-to-date: /home/ssafy/pjt8_ws/install/ros2_control_demo_example_1/share/ros2_control_demo_example_1/environment/path.sh
[0.112s] -- Up-to-date: /home/ssafy/pjt8_ws/install/ros2_control_demo_example_1/share/ros2_control_demo_example_1/environment/path.dsv
[0.112s] -- Up-to-date: /home/ssafy/pjt8_ws/install/ros2_control_demo_example_1/share/ros2_control_demo_example_1/local_setup.bash
[0.112s] -- Up-to-date: /home/ssafy/pjt8_ws/install/ros2_control_demo_example_1/share/ros2_control_demo_example_1/local_setup.sh
[0.112s] -- Up-to-date: /home/ssafy/pjt8_ws/install/ros2_control_demo_example_1/share/ros2_control_demo_example_1/local_setup.zsh
[0.112s] -- Up-to-date: /home/ssafy/pjt8_ws/install/ros2_control_demo_example_1/share/ros2_control_demo_example_1/local_setup.dsv
[0.112s] -- Installing: /home/ssafy/pjt8_ws/install/ros2_control_demo_example_1/share/ros2_control_demo_example_1/package.dsv
[0.112s] -- Up-to-date: /home/ssafy/pjt8_ws/install/ros2_control_demo_example_1/share/ament_index/resource_index/packages/ros2_control_demo_example_1
[0.112s] -- Up-to-date: /home/ssafy/pjt8_ws/install/ros2_control_demo_example_1/share/ament_index/resource_index/hardware_interface__pluginlib__plugin/ros2_control_demo_example_1
[0.112s] -- Up-to-date: /home/ssafy/pjt8_ws/install/ros2_control_demo_example_1/share/ros2_control_demo_example_1/cmake/export_ros2_control_demo_example_1Export.cmake
[0.112s] -- Up-to-date: /home/ssafy/pjt8_ws/install/ros2_control_demo_example_1/share/ros2_control_demo_example_1/cmake/export_ros2_control_demo_example_1Export-noconfig.cmake
[0.112s] -- Up-to-date: /home/ssafy/pjt8_ws/install/ros2_control_demo_example_1/share/ros2_control_demo_example_1/cmake/ament_cmake_export_targets-extras.cmake
[0.112s] -- Up-to-date: /home/ssafy/pjt8_ws/install/ros2_control_demo_example_1/share/ros2_control_demo_example_1/cmake/ament_cmake_export_dependencies-extras.cmake
[0.112s] -- Up-to-date: /home/ssafy/pjt8_ws/install/ros2_control_demo_example_1/share/ros2_control_demo_example_1/cmake/ros2_control_demo_example_1Config.cmake
[0.112s] -- Up-to-date: /home/ssafy/pjt8_ws/install/ros2_control_demo_example_1/share/ros2_control_demo_example_1/cmake/ros2_control_demo_example_1Config-version.cmake
[0.112s] -- Up-to-date: /home/ssafy/pjt8_ws/install/ros2_control_demo_example_1/share/ros2_control_demo_example_1/package.xml
[0.134s] Invoked command in '/home/ssafy/pjt8_ws/build/ros2_control_demo_example_1' returned '0': CMAKE_PREFIX_PATH=/home/ssafy/pjt8_ws/install/ros2_control_demo_description:/home/ssafy/pjt8_ws/install/ros2_control_demos:/home/ssafy/pjt8_ws/install/ros2_control_demo_example_9:/home/ssafy/pjt8_ws/install/ros2_control_demo_example_8:/home/ssafy/pjt8_ws/install/ros2_control_demo_example_7:/home/ssafy/pjt8_ws/install/ros2_control_demo_example_6:/home/ssafy/pjt8_ws/install/ros2_control_demo_example_15:/home/ssafy/pjt8_ws/install/ros2_control_demo_example_13:/home/ssafy/pjt8_ws/install/ros2_control_demo_example_5:/home/ssafy/pjt8_ws/install/ros2_control_demo_example_4:/home/ssafy/pjt8_ws/install/ros2_control_demo_example_3:/home/ssafy/pjt8_ws/install/ros2_control_demo_example_2:/home/ssafy/pjt8_ws/install/ros2_control_demo_example_14:/home/ssafy/pjt8_ws/install/ros2_control_demo_example_12:/home/ssafy/pjt8_ws/install/ros2_control_demo_example_11:/home/ssafy/pjt8_ws/install/ros2_control_demo_example_10:/home/ssafy/pjt8_ws/install/ros2_control_demo_example_1:/opt/ros/humble /usr/bin/cmake --install /home/ssafy/pjt8_ws/build/ros2_control_demo_example_1
