[0.037s] Invoking command in '/home/ssafy/pjt8_ws/build/ros2_control_demo_example_14': AMENT_PREFIX_PATH=/home/ssafy/pjt8_ws/install/ros2_control_demo_description:${AMENT_PREFIX_PATH} CMAKE_PREFIX_PATH=/home/ssafy/pjt8_ws/install/ros2_control_demo_description:/home/ssafy/ros2_ws/install/rs_camera:/opt/ros/humble /usr/bin/cmake /home/ssafy/pjt8_ws/src/ros2_control_demos/example_14 -DCMAKE_INSTALL_PREFIX=/home/ssafy/pjt8_ws/install/ros2_control_demo_example_14
[0.123s] -- The CXX compiler identification is GNU 11.4.0
[0.128s] -- Detecting CXX compiler ABI info
[0.201s] -- Detecting CXX compiler ABI info - done
[0.210s] -- Check for working CXX compiler: /usr/bin/c++ - skipped
[0.210s] -- Detecting CXX compile features
[0.210s] -- Detecting CXX compile features - done
[0.213s] -- Found ament_cmake: 1.3.11 (/opt/ros/humble/share/ament_cmake/cmake)
[0.313s] -- Found Python3: /usr/bin/python3 (found version "3.10.12") found components: Interpreter 
[0.387s] -- Found hardware_interface: 2.49.0 (/opt/ros/humble/share/hardware_interface/cmake)
[0.436s] -- Found rosidl_generator_c: 3.1.6 (/opt/ros/humble/share/rosidl_generator_c/cmake)
[0.442s] -- Found rosidl_adapter: 3.1.6 (/opt/ros/humble/share/rosidl_adapter/cmake)
[0.449s] -- Found rosidl_generator_cpp: 3.1.6 (/opt/ros/humble/share/rosidl_generator_cpp/cmake)
[0.460s] -- Using all available rosidl_typesupport_c: rosidl_typesupport_fastrtps_c;rosidl_typesupport_introspection_c
[0.478s] -- Using all available rosidl_typesupport_cpp: rosidl_typesupport_fastrtps_cpp;rosidl_typesupport_introspection_cpp
[0.621s] -- Found rmw_implementation_cmake: 6.1.2 (/opt/ros/humble/share/rmw_implementation_cmake/cmake)
[0.622s] -- Found rmw_fastrtps_cpp: 6.2.7 (/opt/ros/humble/share/rmw_fastrtps_cpp/cmake)
[0.647s] -- Found TinyXML2 via Config file: TinyXML2_DIR-NOTFOUND
[0.683s] -- Found OpenSSL: /usr/lib/x86_64-linux-gnu/libcrypto.so (found version "3.0.2")  
[0.685s] -- Found TinyXML2 via Config file: TinyXML2_DIR-NOTFOUND
[0.696s] -- Found FastRTPS: /opt/ros/humble/include  
[0.698s] -- Found TinyXML2 via Config file: TinyXML2_DIR-NOTFOUND
[0.706s] -- Found TinyXML2 via Config file: TinyXML2_DIR-NOTFOUND
[0.714s] -- Using RMW implementation 'rmw_fastrtps_cpp' as default
[0.719s] -- Looking for C++ include pthread.h
[0.807s] -- Looking for C++ include pthread.h - found
[0.807s] -- Performing Test CMAKE_HAVE_LIBC_PTHREAD
[0.886s] -- Performing Test CMAKE_HAVE_LIBC_PTHREAD - Success
[0.887s] -- Found Threads: TRUE  
[0.946s] -- Found realtime_tools: 2.12.0 (/opt/ros/humble/share/realtime_tools/cmake)
[0.972s] -- Found ament_cmake_pytest: 1.3.11 (/opt/ros/humble/share/ament_cmake_pytest/cmake)
[2.050s] -- Configuring done
[2.072s] -- Generating done
[2.077s] -- Build files have been written to: /home/ssafy/pjt8_ws/build/ros2_control_demo_example_14
[2.088s] Invoked command in '/home/ssafy/pjt8_ws/build/ros2_control_demo_example_14' returned '0': AMENT_PREFIX_PATH=/home/ssafy/pjt8_ws/install/ros2_control_demo_description:${AMENT_PREFIX_PATH} CMAKE_PREFIX_PATH=/home/ssafy/pjt8_ws/install/ros2_control_demo_description:/home/ssafy/ros2_ws/install/rs_camera:/opt/ros/humble /usr/bin/cmake /home/ssafy/pjt8_ws/src/ros2_control_demos/example_14 -DCMAKE_INSTALL_PREFIX=/home/ssafy/pjt8_ws/install/ros2_control_demo_example_14
[2.089s] Invoking command in '/home/ssafy/pjt8_ws/build/ros2_control_demo_example_14': AMENT_PREFIX_PATH=/home/ssafy/pjt8_ws/install/ros2_control_demo_description:${AMENT_PREFIX_PATH} CMAKE_PREFIX_PATH=/home/ssafy/pjt8_ws/install/ros2_control_demo_description:/home/ssafy/ros2_ws/install/rs_camera:/opt/ros/humble /usr/bin/cmake --build /home/ssafy/pjt8_ws/build/ros2_control_demo_example_14 -- -j20 -l20
[2.276s] [ 33%] [32mBuilding CXX object CMakeFiles/ros2_control_demo_example_14.dir/hardware/rrbot_actuator_without_feedback.cpp.o[0m
[2.276s] [ 66%] [32mBuilding CXX object CMakeFiles/ros2_control_demo_example_14.dir/hardware/rrbot_sensor_for_position_feedback.cpp.o[0m
[6.613s] [100%] [32m[1mLinking CXX shared library libros2_control_demo_example_14.so[0m
[6.760s] [100%] Built target ros2_control_demo_example_14
[6.771s] Invoked command in '/home/ssafy/pjt8_ws/build/ros2_control_demo_example_14' returned '0': AMENT_PREFIX_PATH=/home/ssafy/pjt8_ws/install/ros2_control_demo_description:${AMENT_PREFIX_PATH} CMAKE_PREFIX_PATH=/home/ssafy/pjt8_ws/install/ros2_control_demo_description:/home/ssafy/ros2_ws/install/rs_camera:/opt/ros/humble /usr/bin/cmake --build /home/ssafy/pjt8_ws/build/ros2_control_demo_example_14 -- -j20 -l20
[6.772s] Invoking command in '/home/ssafy/pjt8_ws/build/ros2_control_demo_example_14': AMENT_PREFIX_PATH=/home/ssafy/pjt8_ws/install/ros2_control_demo_description:${AMENT_PREFIX_PATH} CMAKE_PREFIX_PATH=/home/ssafy/pjt8_ws/install/ros2_control_demo_description:/home/ssafy/ros2_ws/install/rs_camera:/opt/ros/humble /usr/bin/cmake --install /home/ssafy/pjt8_ws/build/ros2_control_demo_example_14
[6.777s] -- Install configuration: ""
[6.777s] -- Installing: /home/ssafy/pjt8_ws/install/ros2_control_demo_example_14/share/ros2_control_demo_example_14/ros2_control_demo_example_14.xml
[6.777s] -- Installing: /home/ssafy/pjt8_ws/install/ros2_control_demo_example_14/include/ros2_control_demo_example_14
[6.778s] -- Installing: /home/ssafy/pjt8_ws/install/ros2_control_demo_example_14/include/ros2_control_demo_example_14/ros2_control_demo_example_14
[6.778s] -- Installing: /home/ssafy/pjt8_ws/install/ros2_control_demo_example_14/include/ros2_control_demo_example_14/ros2_control_demo_example_14/rrbot_actuator_without_feedback.hpp
[6.778s] -- Installing: /home/ssafy/pjt8_ws/install/ros2_control_demo_example_14/include/ros2_control_demo_example_14/ros2_control_demo_example_14/rrbot_sensor_for_position_feedback.hpp
[6.778s] -- Installing: /home/ssafy/pjt8_ws/install/ros2_control_demo_example_14/share/ros2_control_demo_example_14/launch
[6.778s] -- Installing: /home/ssafy/pjt8_ws/install/ros2_control_demo_example_14/share/ros2_control_demo_example_14/launch/view_robot.launch.py
[6.778s] -- Installing: /home/ssafy/pjt8_ws/install/ros2_control_demo_example_14/share/ros2_control_demo_example_14/ros2_control
[6.778s] -- Installing: /home/ssafy/pjt8_ws/install/ros2_control_demo_example_14/share/ros2_control_demo_example_14/ros2_control/rrbot_modular_actuators_without_feedback_sensors_for_position_feedback.ros2_control.xacro
[6.778s] -- Installing: /home/ssafy/pjt8_ws/install/ros2_control_demo_example_14/share/ros2_control_demo_example_14/urdf
[6.778s] -- Installing: /home/ssafy/pjt8_ws/install/ros2_control_demo_example_14/share/ros2_control_demo_example_14/urdf/rrbot_modular_actuators_without_feedback_sensors_for_position_feedback.urdf.xacro
[6.778s] -- Up-to-date: /home/ssafy/pjt8_ws/install/ros2_control_demo_example_14/share/ros2_control_demo_example_14/launch
[6.778s] -- Installing: /home/ssafy/pjt8_ws/install/ros2_control_demo_example_14/share/ros2_control_demo_example_14/launch/rrbot_modular_actuators_without_feedback_sensors_for_position_feedback.launch.py
[6.778s] -- Installing: /home/ssafy/pjt8_ws/install/ros2_control_demo_example_14/share/ros2_control_demo_example_14/config
[6.779s] -- Installing: /home/ssafy/pjt8_ws/install/ros2_control_demo_example_14/share/ros2_control_demo_example_14/config/rrbot_modular_actuators_without_feedback_sensors_for_position_feedback.yaml
[6.779s] -- Installing: /home/ssafy/pjt8_ws/install/ros2_control_demo_example_14/lib/libros2_control_demo_example_14.so
[6.779s] -- Set runtime path of "/home/ssafy/pjt8_ws/install/ros2_control_demo_example_14/lib/libros2_control_demo_example_14.so" to ""
[6.779s] -- Installing: /home/ssafy/pjt8_ws/install/ros2_control_demo_example_14/share/ros2_control_demo_example_14/environment/library_path.sh
[6.779s] -- Installing: /home/ssafy/pjt8_ws/install/ros2_control_demo_example_14/share/ros2_control_demo_example_14/environment/library_path.dsv
[6.779s] -- Installing: /home/ssafy/pjt8_ws/install/ros2_control_demo_example_14/share/ament_index/resource_index/package_run_dependencies/ros2_control_demo_example_14
[6.779s] -- Installing: /home/ssafy/pjt8_ws/install/ros2_control_demo_example_14/share/ament_index/resource_index/parent_prefix_path/ros2_control_demo_example_14
[6.779s] -- Installing: /home/ssafy/pjt8_ws/install/ros2_control_demo_example_14/share/ros2_control_demo_example_14/environment/ament_prefix_path.sh
[6.779s] -- Installing: /home/ssafy/pjt8_ws/install/ros2_control_demo_example_14/share/ros2_control_demo_example_14/environment/ament_prefix_path.dsv
[6.779s] -- Installing: /home/ssafy/pjt8_ws/install/ros2_control_demo_example_14/share/ros2_control_demo_example_14/environment/path.sh
[6.779s] -- Installing: /home/ssafy/pjt8_ws/install/ros2_control_demo_example_14/share/ros2_control_demo_example_14/environment/path.dsv
[6.779s] -- Installing: /home/ssafy/pjt8_ws/install/ros2_control_demo_example_14/share/ros2_control_demo_example_14/local_setup.bash
[6.780s] -- Installing: /home/ssafy/pjt8_ws/install/ros2_control_demo_example_14/share/ros2_control_demo_example_14/local_setup.sh
[6.780s] -- Installing: /home/ssafy/pjt8_ws/install/ros2_control_demo_example_14/share/ros2_control_demo_example_14/local_setup.zsh
[6.780s] -- Installing: /home/ssafy/pjt8_ws/install/ros2_control_demo_example_14/share/ros2_control_demo_example_14/local_setup.dsv
[6.780s] -- Installing: /home/ssafy/pjt8_ws/install/ros2_control_demo_example_14/share/ros2_control_demo_example_14/package.dsv
[6.780s] -- Installing: /home/ssafy/pjt8_ws/install/ros2_control_demo_example_14/share/ament_index/resource_index/packages/ros2_control_demo_example_14
[6.780s] -- Installing: /home/ssafy/pjt8_ws/install/ros2_control_demo_example_14/share/ament_index/resource_index/hardware_interface__pluginlib__plugin/ros2_control_demo_example_14
[6.780s] -- Installing: /home/ssafy/pjt8_ws/install/ros2_control_demo_example_14/share/ros2_control_demo_example_14/cmake/export_ros2_control_demo_example_14Export.cmake
[6.780s] -- Installing: /home/ssafy/pjt8_ws/install/ros2_control_demo_example_14/share/ros2_control_demo_example_14/cmake/export_ros2_control_demo_example_14Export-noconfig.cmake
[6.780s] -- Installing: /home/ssafy/pjt8_ws/install/ros2_control_demo_example_14/share/ros2_control_demo_example_14/cmake/ament_cmake_export_targets-extras.cmake
[6.780s] -- Installing: /home/ssafy/pjt8_ws/install/ros2_control_demo_example_14/share/ros2_control_demo_example_14/cmake/ament_cmake_export_dependencies-extras.cmake
[6.780s] -- Installing: /home/ssafy/pjt8_ws/install/ros2_control_demo_example_14/share/ros2_control_demo_example_14/cmake/ros2_control_demo_example_14Config.cmake
[6.780s] -- Installing: /home/ssafy/pjt8_ws/install/ros2_control_demo_example_14/share/ros2_control_demo_example_14/cmake/ros2_control_demo_example_14Config-version.cmake
[6.780s] -- Installing: /home/ssafy/pjt8_ws/install/ros2_control_demo_example_14/share/ros2_control_demo_example_14/package.xml
[6.782s] Invoked command in '/home/ssafy/pjt8_ws/build/ros2_control_demo_example_14' returned '0': AMENT_PREFIX_PATH=/home/ssafy/pjt8_ws/install/ros2_control_demo_description:${AMENT_PREFIX_PATH} CMAKE_PREFIX_PATH=/home/ssafy/pjt8_ws/install/ros2_control_demo_description:/home/ssafy/ros2_ws/install/rs_camera:/opt/ros/humble /usr/bin/cmake --install /home/ssafy/pjt8_ws/build/ros2_control_demo_example_14
